<?xml version="1.0" encoding="UTF-8"?>
<testsuite xmlns:xsi="http://www.w3.org/2001/XMLSchema-instance" xsi:noNamespaceSchemaLocation="https://maven.apache.org/surefire/maven-failsafe-plugin/xsd/failsafe-test-report-3.0.xsd" version="3.0" name="starter.cucumberTestSuite" time="136.988" tests="7" errors="0" skipped="0" failures="0">
  <properties>
[...]
</properties>
  <testcase name="Login scenario #1" classname="Login" time="27.678">
    <system-out><![CDATA[15:48:27.538 [main] INFO io.cucumber.core.plugin.SerenityReporter - Running feature from file:///D:/PERKULIAHAN/Semester%206,Hebatt%20glad!/QE-FGD/Web/src/test/resources/features/login.feature
15:48:27.854 [main] INFO  - 

-------------------------------------------------------------------------------------
     _______. _______ .______       _______ .__   __.  __  .___________.____    ____ 
    /       ||   ____||   _  \     |   ____||  \ |  | |  | |           |\   \  /   / 
   |   (----`|  |__   |  |_)  |    |  |__   |   \|  | |  | `---|  |----` \   \/   /  
    \   \    |   __|  |      /     |   __|  |  . `  | |  |     |  |       \_    _/   
.----)   |   |  |____ |  |\  \----.|  |____ |  |\   | |  |     |  |         |  |     
|_______/    |_______|| _| `._____||_______||__| \__| |__|     |__|         |__|    
                                                                                     
 News and tutorials at http://www.serenity-bdd.info                                  
 Documentation at https://wakaleo.gitbooks.io/the-serenity-book/content/             
 Join the Serenity Community on Gitter: https://gitter.im/serenity-bdd/serenity-core 
 Serenity BDD Support and Training at http://serenity-bdd.info/#/trainingandsupport  
-------------------------------------------------------------------------------------

15:48:27.854 [main] DEBUG net.thucydides.core.steps.StepEventBus - Test suite started for story net.thucydides.core.model.Story@f388ff28
15:48:27.869 [main] INFO  - Test Suite Started: Login
15:48:27.885 [main] INFO io.cucumber.core.plugin.SerenityReporter - Running feature from file:///D:/PERKULIAHAN/Semester%206,Hebatt%20glad!/QE-FGD/Web/src/test/resources/features/register.feature
15:48:27.916 [main] DEBUG net.thucydides.core.steps.StepEventBus - Test suite started for story net.thucydides.core.model.Story@9f729512
15:48:27.916 [main] INFO  - Test Suite Started: Registration
15:48:27.916 [main] INFO io.cucumber.core.plugin.SerenityReporter - Running feature from file:///D:/PERKULIAHAN/Semester%206,Hebatt%20glad!/QE-FGD/Web/src/test/resources/features/login.feature
15:48:27.916 [main] DEBUG net.thucydides.core.steps.StepEventBus - Test suite started for story net.thucydides.core.model.Story@f388ff28
15:48:27.932 [main] INFO  - Test Suite Started: Login

@login
Scenario Outline: Login scenario                              &amp#27;[90m# src/test/resources/features/login.feature:19&amp#27;[0m
15:48:28.213 [main] INFO io.cucumber.core.plugin.SerenityReporter - Running feature from file:///D:/PERKULIAHAN/Semester%206,Hebatt%20glad!/QE-FGD/Web/src/test/resources/features/login.feature
15:48:28.479 [main] INFO  - 
  _____   ___   ___   _____     ___   _____     _     ___   _____   ___   ___  
 |_   _| | __| / __| |_   _|   / __| |_   _|   /_\   | _ \ |_   _| | __| |   \ 
   | |   | _|  \__ \   | |     \__ \   | |    / _ \  |   /   | |   | _|  | |) |
   |_|   |___| |___/   |_|     |___/   |_|   /_/ \_\ |_|_\   |_|   |___| |___/ 

Login scenario(login;login-scenario)
--------------------------------------------------------------------------------
15:48:29.147 [main] INFO net.serenitybdd.core.webdriver.driverproviders.ChromeDriverProvider - Using automatically driver download
15:48:30.383 [main] DEBUG io.github.bonigarcia.wdm.cache.ResolutionCache - Resolution chrome=102 in cache (valid until 16:30:12 15/06/2022 WIB)
15:48:30.399 [main] DEBUG io.github.bonigarcia.wdm.cache.ResolutionCache - Resolution chrome102=102.0.5005.61 in cache (valid until 14:29:55 16/06/2022 WIB)
15:48:30.399 [main] INFO io.github.bonigarcia.wdm.WebDriverManager - Using chromedriver 102.0.5005.61 (resolved driver for Chrome 102)
15:48:30.446 [main] DEBUG io.github.bonigarcia.wdm.WebDriverManager - Driver chromedriver 102.0.5005.61 found in cache
15:48:30.446 [main] INFO io.github.bonigarcia.wdm.WebDriverManager - Exporting webdriver.chrome.driver as C:\Users\ASUS\.cache\selenium\chromedriver\win32\102.0.5005.61\chromedriver.exe
15:48:31.244 [main] DEBUG net.thucydides.core.reflection.ClassFinder - Could not load class .starter.cucumberTestSuite
15:48:31.244 [main] DEBUG net.thucydides.core.reflection.ClassFinder - Could not load class .starter.pages.HomePage
15:48:31.244 [main] DEBUG net.thucydides.core.reflection.ClassFinder - Could not load class .starter.pages.LoginPage
15:48:31.244 [main] DEBUG net.thucydides.core.reflection.ClassFinder - Could not load class .starter.pages.RegisterPage
15:48:31.244 [main] DEBUG net.thucydides.core.reflection.ClassFinder - Could not load class .starter.stepdefinition.loginStep
15:48:31.244 [main] DEBUG net.thucydides.core.reflection.ClassFinder - Could not load class .starter.stepdefinition.registerStep
15:48:31.244 [main] DEBUG net.thucydides.core.reflection.ClassFinder - Could not load class .util.General
15:48:31.260 [main] DEBUG net.thucydides.core.reflection.ClassFinder - Could not load class META-INF.versions.9.com.sun.istack.logging.StackHelper
15:48:31.260 [main] DEBUG net.thucydides.core.reflection.ClassFinder - Could not load class META-INF.versions.9.com.sun.xml.bind.v2.runtime.reflect.opt.AccessorInjector
15:48:31.260 [main] DEBUG net.thucydides.core.reflection.ClassFinder - Could not load class META-INF.versions.9.com.sun.xml.bind.v2.runtime.reflect.opt.Injector
15:48:31.260 [main] DEBUG net.thucydides.core.reflection.ClassFinder - Could not load class META-INF.versions.9.com.sun.xml.bind.v2.runtime.reflect.opt.OptimizedAccessorFactory
15:48:31.260 [main] DEBUG net.thucydides.core.reflection.ClassFinder - Could not load class META-INF.versions.9.com.sun.xml.bind.v2.runtime.reflect.opt.OptimizedTransducedAccessorFactory
15:48:31.260 [main] DEBUG net.thucydides.core.reflection.ClassFinder - Could not load class META-INF.versions.9.io.opentelemetry.sdk.internal.CurrentJavaVersionSpecific
15:48:31.260 [main] DEBUG net.thucydides.core.reflection.ClassFinder - Could not load class META-INF.versions.9.io.opentelemetry.sdk.internal.Java9VersionSpecific
15:48:31.260 [main] DEBUG net.thucydides.core.reflection.ClassFinder - Could not load class META-INF.versions.9.javax.xml.bind.ModuleUtil
15:48:31.260 [main] DEBUG net.thucydides.core.reflection.ClassFinder - Could not load class META-INF.versions.9.module-info
15:48:31.260 [main] DEBUG net.thucydides.core.reflection.ClassFinder - Could not load class META-INF.versions.9.org.junit.platform.commons.util.ModuleUtils
15:48:31.636 [main] DEBUG net.thucydides.core.reflection.ClassFinder - Could not load class com.google.gson.internal.
15:48:31.793 [main] DEBUG net.thucydides.core.reflection.ClassFinder - Could not load class com.sun.xml.bind.v2.runtime.output.FastInfosetStreamWriterOutput
15:48:32.379 [main] DEBUG net.thucydides.core.reflection.ClassFinder - Could not load class module-info
15:48:36.821 [main] DEBUG io.netty.util.internal.logging.InternalLoggerFactory - Using SLF4J as the default logging framework
15:48:36.821 [main] DEBUG io.netty.util.ResourceLeakDetector - -Dio.netty.leakDetection.level: simple
15:48:36.821 [main] DEBUG io.netty.util.ResourceLeakDetector - -Dio.netty.leakDetection.targetRecords: 4
15:48:36.821 [main] DEBUG io.netty.util.ResourceLeakDetectorFactory - Loaded default ResourceLeakDetector: io.netty.util.ResourceLeakDetector@3f96ef2
15:48:36.837 [main] DEBUG io.netty.util.internal.PlatformDependent0 - -Dio.netty.noUnsafe: false
15:48:36.837 [main] DEBUG io.netty.util.internal.PlatformDependent0 - Java version: 15
15:48:36.852 [main] DEBUG io.netty.util.internal.PlatformDependent0 - sun.misc.Unsafe.theUnsafe: available
15:48:36.852 [main] DEBUG io.netty.util.internal.PlatformDependent0 - sun.misc.Unsafe.copyMemory: available
15:48:36.852 [main] DEBUG io.netty.util.internal.PlatformDependent0 - java.nio.Buffer.address: available
15:48:36.852 [main] DEBUG io.netty.util.internal.PlatformDependent0 - direct buffer constructor: unavailable: Reflective setAccessible(true) disabled
15:48:36.852 [main] DEBUG io.netty.util.internal.PlatformDependent0 - java.nio.Bits.unaligned: available, true
15:48:36.852 [main] DEBUG io.netty.util.internal.PlatformDependent0 - jdk.internal.misc.Unsafe.allocateUninitializedArray(int): unavailable: class io.netty.util.internal.PlatformDependent0$6 cannot access class jdk.internal.misc.Unsafe (in module java.base) because module java.base does not export jdk.internal.misc to unnamed module @c1fca1e
15:48:36.852 [main] DEBUG io.netty.util.internal.PlatformDependent0 - java.nio.DirectByteBuffer.<init>(long, int): unavailable
15:48:36.852 [main] DEBUG io.netty.util.internal.PlatformDependent - sun.misc.Unsafe: available
15:48:36.852 [main] DEBUG io.netty.util.internal.PlatformDependent - maxDirectMemory: 2671771648 bytes (maybe)
15:48:36.852 [main] DEBUG io.netty.util.internal.PlatformDependent - -Dio.netty.tmpdir: C:\Users\ASUS\AppData\Local\Temp (java.io.tmpdir)
15:48:36.852 [main] DEBUG io.netty.util.internal.PlatformDependent - -Dio.netty.bitMode: 64 (sun.arch.data.model)
15:48:36.852 [main] DEBUG io.netty.util.internal.PlatformDependent - Platform: Windows
15:48:36.852 [main] DEBUG io.netty.util.internal.PlatformDependent - -Dio.netty.maxDirectMemory: -1 bytes
15:48:36.852 [main] DEBUG io.netty.util.internal.PlatformDependent - -Dio.netty.uninitializedArrayAllocationThreshold: -1
15:48:36.852 [main] DEBUG io.netty.util.internal.CleanerJava9 - java.nio.ByteBuffer.cleaner(): available
15:48:36.852 [main] DEBUG io.netty.util.internal.PlatformDependent - -Dio.netty.noPreferDirect: false
15:48:36.868 [main] DEBUG io.netty.util.internal.PlatformDependent - org.jctools-core.MpscChunkedArrayQueue: available
15:48:36.884 [main] DEBUG io.netty.util.internal.InternalThreadLocalMap - -Dio.netty.threadLocalMap.stringBuilder.initialSize: 1024
15:48:36.884 [main] DEBUG io.netty.util.internal.InternalThreadLocalMap - -Dio.netty.threadLocalMap.stringBuilder.maxSize: 4096
15:48:36.977 [main] DEBUG io.netty.handler.ssl.JdkSslContext - Default protocols (JDK): [TLSv1.3, TLSv1.2, TLSv1.1, TLSv1] 
15:48:36.977 [main] DEBUG io.netty.handler.ssl.JdkSslContext - Default cipher suites (JDK): [TLS_ECDHE_ECDSA_WITH_AES_256_GCM_SHA384, TLS_ECDHE_ECDSA_WITH_AES_128_GCM_SHA256, TLS_ECDHE_RSA_WITH_AES_128_GCM_SHA256, TLS_ECDHE_RSA_WITH_AES_256_GCM_SHA384, TLS_ECDHE_RSA_WITH_AES_128_CBC_SHA, TLS_ECDHE_RSA_WITH_AES_256_CBC_SHA, TLS_RSA_WITH_AES_128_GCM_SHA256, TLS_RSA_WITH_AES_128_CBC_SHA, TLS_RSA_WITH_AES_256_CBC_SHA, TLS_AES_128_GCM_SHA256, TLS_AES_256_GCM_SHA384]
15:48:37.009 [main] DEBUG io.netty.channel.MultithreadEventLoopGroup - -Dio.netty.eventLoopThreads: 16
15:48:37.009 [main] DEBUG io.netty.channel.nio.NioEventLoop - -Dio.netty.noKeySetOptimization: false
15:48:37.009 [main] DEBUG io.netty.channel.nio.NioEventLoop - -Dio.netty.selectorAutoRebuildThreshold: 512
15:48:37.090 [main] DEBUG io.netty.buffer.PooledByteBufAllocator - -Dio.netty.allocator.numHeapArenas: 16
15:48:37.090 [main] DEBUG io.netty.buffer.PooledByteBufAllocator - -Dio.netty.allocator.numDirectArenas: 16
15:48:37.090 [main] DEBUG io.netty.buffer.PooledByteBufAllocator - -Dio.netty.allocator.pageSize: 8192
15:48:37.090 [main] DEBUG io.netty.buffer.PooledByteBufAllocator - -Dio.netty.allocator.maxOrder: 11
15:48:37.090 [main] DEBUG io.netty.buffer.PooledByteBufAllocator - -Dio.netty.allocator.chunkSize: 16777216
15:48:37.090 [main] DEBUG io.netty.buffer.PooledByteBufAllocator - -Dio.netty.allocator.smallCacheSize: 256
15:48:37.090 [main] DEBUG io.netty.buffer.PooledByteBufAllocator - -Dio.netty.allocator.normalCacheSize: 64
15:48:37.090 [main] DEBUG io.netty.buffer.PooledByteBufAllocator - -Dio.netty.allocator.maxCachedBufferCapacity: 32768
15:48:37.090 [main] DEBUG io.netty.buffer.PooledByteBufAllocator - -Dio.netty.allocator.cacheTrimInterval: 8192
15:48:37.090 [main] DEBUG io.netty.buffer.PooledByteBufAllocator - -Dio.netty.allocator.cacheTrimIntervalMillis: 0
15:48:37.090 [main] DEBUG io.netty.buffer.PooledByteBufAllocator - -Dio.netty.allocator.useCacheForAllThreads: true
15:48:37.090 [main] DEBUG io.netty.buffer.PooledByteBufAllocator - -Dio.netty.allocator.maxCachedByteBuffersPerChunk: 1023
15:48:37.105 [main] DEBUG io.netty.buffer.ByteBufUtil - -Dio.netty.allocator.type: pooled
15:48:37.105 [main] DEBUG io.netty.buffer.ByteBufUtil - -Dio.netty.threadLocalDirectBufferSize: 0
15:48:37.105 [main] DEBUG io.netty.buffer.ByteBufUtil - -Dio.netty.maxThreadLocalCharBufferSize: 16384
15:48:37.439 [main] DEBUG net.serenitybdd.core.webdriver.driverproviders.ProvideNewDriver - Instantiating driver
15:48:37.439 [main] DEBUG net.serenitybdd.core.webdriver.driverproviders.ProvideNewDriver - Driver capabilities: Capabilities {acceptInsecureCerts: false, base.url: , browserName: chrome, goog:chromeOptions: {args: [], extensions: []}}
15:48:38.240 [Forwarding newSession on session null to remote] DEBUG io.netty.channel.DefaultChannelId - -Dio.netty.processId: 91924 (auto-detected)
15:48:38.255 [Forwarding newSession on session null to remote] DEBUG io.netty.util.NetUtil - -Djava.net.preferIPv4Stack: false
15:48:38.255 [Forwarding newSession on session null to remote] DEBUG io.netty.util.NetUtil - -Djava.net.preferIPv6Addresses: false
15:48:38.277 [Forwarding newSession on session null to remote] DEBUG io.netty.util.NetUtilInitializations - Loopback interface: lo (Software Loopback Interface 1, 127.0.0.1)
15:48:38.277 [Forwarding newSession on session null to remote] DEBUG io.netty.util.NetUtil - Failed to get SOMAXCONN from sysctl and file \proc\sys\net\core\somaxconn. Default: 200
15:48:38.355 [Forwarding newSession on session null to remote] DEBUG io.netty.channel.DefaultChannelId - -Dio.netty.machineId: 04:ea:56:ff:fe:54:1b:1d (auto-detected)
15:48:38.477 [AsyncHttpClient-1-2] DEBUG io.netty.buffer.AbstractByteBuf - -Dio.netty.buffer.checkAccessible: true
15:48:38.477 [AsyncHttpClient-1-2] DEBUG io.netty.buffer.AbstractByteBuf - -Dio.netty.buffer.checkBounds: true
15:48:38.477 [AsyncHttpClient-1-2] DEBUG io.netty.util.ResourceLeakDetectorFactory - Loaded default ResourceLeakDetector: io.netty.util.ResourceLeakDetector@53c684ec
15:48:38.508 [AsyncHttpClient-1-2] DEBUG org.asynchttpclient.netty.channel.NettyConnectListener - Using new Channel '[id: 0xd51d122e, L:/127.0.0.1:53162 - R:localhost/127.0.0.1:57651]' for 'POST' to '/session'
15:48:38.555 [AsyncHttpClient-1-2] DEBUG io.netty.util.Recycler - -Dio.netty.recycler.maxCapacityPerThread: 4096
15:48:38.555 [AsyncHttpClient-1-2] DEBUG io.netty.util.Recycler - -Dio.netty.recycler.ratio: 8
15:48:38.555 [AsyncHttpClient-1-2] DEBUG io.netty.util.Recycler - -Dio.netty.recycler.chunkSize: 32
15:48:38.555 [AsyncHttpClient-1-2] DEBUG io.netty.util.Recycler - -Dio.netty.recycler.blocking: false
15:48:39.906 [AsyncHttpClient-1-2] DEBUG io.netty.handler.codec.compression.Brotli - brotli4j not in the classpath; Brotli support will be unavailable.
15:48:39.906 [AsyncHttpClient-1-2] DEBUG org.asynchttpclient.netty.handler.HttpHandler - 

Request DefaultHttpRequest(decodeResult: success, version: HTTP/1.1)
POST /session HTTP/1.1
User-Agent: selenium/4.1.2 (java windows)
Content-Length: 457
Content-Type: application/json; charset=utf-8
host: localhost:57651
accept: */*

Response DefaultHttpResponse(decodeResult: success, version: HTTP/1.1)
HTTP/1.1 200 OK
Content-Type: application/json; charset=utf-8
cache-control: no-cache
content-length: 790

15:48:39.906 [AsyncHttpClient-1-2] DEBUG org.asynchttpclient.netty.channel.ChannelManager - Adding key: http://localhost:57651 for channel [id: 0xd51d122e, L:/127.0.0.1:53162 - R:localhost/127.0.0.1:57651]
15:48:39.982 [AsyncHttpClient-1-3] DEBUG org.asynchttpclient.netty.channel.NettyConnectListener - Using new Channel '[id: 0xa5f02027, L:/127.0.0.1:53169 - R:localhost/127.0.0.1:53163]' for 'GET' to '/json/version'
15:48:39.990 [AsyncHttpClient-1-3] DEBUG org.asynchttpclient.netty.handler.HttpHandler - 

Request DefaultFullHttpRequest(decodeResult: success, version: HTTP/1.1, content: EmptyByteBufBE)
GET /json/version HTTP/1.1
User-Agent: selenium/4.1.2 (java windows)
host: localhost:53163
accept: */*

Response DefaultHttpResponse(decodeResult: success, version: HTTP/1.1)
HTTP/1.1 200 OK
Content-Type: application/json; charset=UTF-8
content-length: 428

15:48:39.991 [AsyncHttpClient-1-3] DEBUG org.asynchttpclient.netty.channel.ChannelManager - Adding key: http://localhost:53163 for channel [id: 0xa5f02027, L:/127.0.0.1:53169 - R:localhost/127.0.0.1:53163]
15:48:39.997 [main] DEBUG io.netty.util.internal.ThreadLocalRandom - -Dio.netty.initialSeedUniquifier: 0xd631996dd9e628ff
15:48:40.002 [AsyncHttpClient-1-4] DEBUG org.asynchttpclient.netty.channel.NettyConnectListener - Using new Channel '[id: 0x7054093d, L:/127.0.0.1:53171 - R:localhost/127.0.0.1:53163]' for 'GET' to '/devtools/browser/fa25278c-f138-4108-b8c3-5a2f29cd3ca5'
15:48:40.008 [AsyncHttpClient-1-4] DEBUG org.asynchttpclient.netty.handler.WebSocketHandler - 

Request DefaultFullHttpRequest(decodeResult: success, version: HTTP/1.1, content: EmptyByteBufBE)
GET /devtools/browser/fa25278c-f138-4108-b8c3-5a2f29cd3ca5 HTTP/1.1
upgrade: websocket
connection: upgrade
sec-websocket-key: NZbiYS53ivJLIWfo6BLLDw==
sec-websocket-version: 13
origin: http://localhost:53163
host: localhost:53163
accept: */*
user-agent: AHC/2.1

Response DefaultHttpResponse(decodeResult: success, version: HTTP/1.1)
HTTP/1.1 101 WebSocket Protocol Handshake
Upgrade: WebSocket
Connection: Upgrade
Sec-WebSocket-Accept: xZF8sBwf7gGTQDqXxG2U6boUKy4=

15:48:40.277 [AsyncHttpClient-1-1] DEBUG org.asynchttpclient.netty.channel.DefaultChannelPool - Entry count for : http://localhost:57651 : 1
15:48:40.277 [AsyncHttpClient-1-1] DEBUG org.asynchttpclient.netty.channel.DefaultChannelPool - Entry count for : http://localhost:53163 : 1
15:48:40.942 [main] DEBUG net.thucydides.core.reflection.ClassFinder - Could not load class .starter.cucumberTestSuite
15:48:40.957 [main] DEBUG net.thucydides.core.reflection.ClassFinder - Could not load class .starter.pages.HomePage
15:48:40.957 [main] DEBUG net.thucydides.core.reflection.ClassFinder - Could not load class .starter.pages.LoginPage
15:48:40.957 [main] DEBUG net.thucydides.core.reflection.ClassFinder - Could not load class .starter.pages.RegisterPage
15:48:40.957 [main] DEBUG net.thucydides.core.reflection.ClassFinder - Could not load class .starter.stepdefinition.loginStep
15:48:40.957 [main] DEBUG net.thucydides.core.reflection.ClassFinder - Could not load class .starter.stepdefinition.registerStep
15:48:40.957 [main] DEBUG net.thucydides.core.reflection.ClassFinder - Could not load class .util.General
15:48:40.957 [main] DEBUG net.thucydides.core.reflection.ClassFinder - Could not load class META-INF.versions.9.com.sun.istack.logging.StackHelper
15:48:40.957 [main] DEBUG net.thucydides.core.reflection.ClassFinder - Could not load class META-INF.versions.9.com.sun.xml.bind.v2.runtime.reflect.opt.AccessorInjector
15:48:40.957 [main] DEBUG net.thucydides.core.reflection.ClassFinder - Could not load class META-INF.versions.9.com.sun.xml.bind.v2.runtime.reflect.opt.Injector
15:48:40.957 [main] DEBUG net.thucydides.core.reflection.ClassFinder - Could not load class META-INF.versions.9.com.sun.xml.bind.v2.runtime.reflect.opt.OptimizedAccessorFactory
15:48:40.957 [main] DEBUG net.thucydides.core.reflection.ClassFinder - Could not load class META-INF.versions.9.com.sun.xml.bind.v2.runtime.reflect.opt.OptimizedTransducedAccessorFactory
15:48:40.957 [main] DEBUG net.thucydides.core.reflection.ClassFinder - Could not load class META-INF.versions.9.io.opentelemetry.sdk.internal.CurrentJavaVersionSpecific
15:48:40.957 [main] DEBUG net.thucydides.core.reflection.ClassFinder - Could not load class META-INF.versions.9.io.opentelemetry.sdk.internal.Java9VersionSpecific
15:48:40.957 [main] DEBUG net.thucydides.core.reflection.ClassFinder - Could not load class META-INF.versions.9.javax.xml.bind.ModuleUtil
15:48:40.957 [main] DEBUG net.thucydides.core.reflection.ClassFinder - Could not load class META-INF.versions.9.module-info
15:48:40.957 [main] DEBUG net.thucydides.core.reflection.ClassFinder - Could not load class META-INF.versions.9.org.junit.platform.commons.util.ModuleUtils
15:48:40.957 [main] DEBUG net.thucydides.core.reflection.ClassFinder - Could not load class com.google.gson.internal.
15:48:40.957 [main] DEBUG net.thucydides.core.reflection.ClassFinder - Could not load class com.sun.xml.bind.v2.runtime.output.FastInfosetStreamWriterOutput
15:48:40.957 [main] DEBUG net.thucydides.core.reflection.ClassFinder - Could not load class module-info
15:48:40.977 [Forwarding get on session b46ccd9c534becdd6e7726f77ed416a2 to remote] DEBUG org.asynchttpclient.netty.request.NettyRequestSender - Using pooled Channel '[id: 0xd51d122e, L:/127.0.0.1:53162 - R:localhost/127.0.0.1:57651]' for 'POST' to 'http://localhost:57651/session/b46ccd9c534becdd6e7726f77ed416a2/url'
15:48:40.977 [Forwarding get on session b46ccd9c534becdd6e7726f77ed416a2 to remote] DEBUG org.asynchttpclient.netty.request.NettyRequestSender - Using open Channel [id: 0xd51d122e, L:/127.0.0.1:53162 - R:localhost/127.0.0.1:57651] for POST '/session/b46ccd9c534becdd6e7726f77ed416a2/url'
15:48:41.376 [AsyncHttpClient-1-1] DEBUG org.asynchttpclient.netty.channel.DefaultChannelPool - Entry count for : http://localhost:53163 : 1
15:48:42.478 [AsyncHttpClient-1-1] DEBUG org.asynchttpclient.netty.channel.DefaultChannelPool - Entry count for : http://localhost:53163 : 1
15:48:43.578 [AsyncHttpClient-1-1] DEBUG org.asynchttpclient.netty.channel.DefaultChannelPool - Entry count for : http://localhost:53163 : 1
15:48:44.681 [AsyncHttpClient-1-1] DEBUG org.asynchttpclient.netty.channel.DefaultChannelPool - Entry count for : http://localhost:53163 : 1
15:48:45.781 [AsyncHttpClient-1-1] DEBUG org.asynchttpclient.netty.channel.DefaultChannelPool - Entry count for : http://localhost:53163 : 1
15:48:46.881 [AsyncHttpClient-1-1] DEBUG org.asynchttpclient.netty.channel.DefaultChannelPool - Entry count for : http://localhost:53163 : 1
15:48:47.977 [AsyncHttpClient-1-1] DEBUG org.asynchttpclient.netty.channel.DefaultChannelPool - Entry count for : http://localhost:53163 : 1
15:48:49.044 [AsyncHttpClient-1-2] DEBUG org.asynchttpclient.netty.handler.HttpHandler - 

Request DefaultHttpRequest(decodeResult: success, version: HTTP/1.1)
POST /session/b46ccd9c534becdd6e7726f77ed416a2/url HTTP/1.1
User-Agent: selenium/4.1.2 (java windows)
Content-Length: 53
Content-Type: application/json; charset=utf-8
host: localhost:57651
accept: */*

Response DefaultHttpResponse(decodeResult: success, version: HTTP/1.1)
HTTP/1.1 200 OK
Content-Type: application/json; charset=utf-8
cache-control: no-cache
content-length: 14

15:48:49.044 [AsyncHttpClient-1-2] DEBUG org.asynchttpclient.netty.channel.ChannelManager - Adding key: http://localhost:57651 for channel [id: 0xd51d122e, L:/127.0.0.1:53162 - R:localhost/127.0.0.1:57651]
15:48:49.060 [Forwarding setTimeout on session b46ccd9c534becdd6e7726f77ed416a2 to remote] DEBUG org.asynchttpclient.netty.request.NettyRequestSender - Using pooled Channel '[id: 0xd51d122e, L:/127.0.0.1:53162 - R:localhost/127.0.0.1:57651]' for 'POST' to 'http://localhost:57651/session/b46ccd9c534becdd6e7726f77ed416a2/timeouts'
15:48:49.060 [Forwarding setTimeout on session b46ccd9c534becdd6e7726f77ed416a2 to remote] DEBUG org.asynchttpclient.netty.request.NettyRequestSender - Using open Channel [id: 0xd51d122e, L:/127.0.0.1:53162 - R:localhost/127.0.0.1:57651] for POST '/session/b46ccd9c534becdd6e7726f77ed416a2/timeouts'
15:48:49.063 [AsyncHttpClient-1-2] DEBUG org.asynchttpclient.netty.handler.HttpHandler - 

Request DefaultHttpRequest(decodeResult: success, version: HTTP/1.1)
POST /session/b46ccd9c534becdd6e7726f77ed416a2/timeouts HTTP/1.1
User-Agent: selenium/4.1.2 (java windows)
Content-Length: 22
Content-Type: application/json; charset=utf-8
host: localhost:57651
accept: */*

Response DefaultHttpResponse(decodeResult: success, version: HTTP/1.1)
HTTP/1.1 200 OK
Content-Type: application/json; charset=utf-8
cache-control: no-cache
content-length: 14

15:48:49.063 [AsyncHttpClient-1-2] DEBUG org.asynchttpclient.netty.channel.ChannelManager - Adding key: http://localhost:57651 for channel [id: 0xd51d122e, L:/127.0.0.1:53162 - R:localhost/127.0.0.1:57651]
15:48:49.069 [Forwarding getCurrentUrl on session b46ccd9c534becdd6e7726f77ed416a2 to remote] DEBUG org.asynchttpclient.netty.request.NettyRequestSender - Using pooled Channel '[id: 0xd51d122e, L:/127.0.0.1:53162 - R:localhost/127.0.0.1:57651]' for 'GET' to 'http://localhost:57651/session/b46ccd9c534becdd6e7726f77ed416a2/url'
15:48:49.069 [Forwarding getCurrentUrl on session b46ccd9c534becdd6e7726f77ed416a2 to remote] DEBUG org.asynchttpclient.netty.request.NettyRequestSender - Using open Channel [id: 0xd51d122e, L:/127.0.0.1:53162 - R:localhost/127.0.0.1:57651] for GET '/session/b46ccd9c534becdd6e7726f77ed416a2/url'
15:48:49.079 [AsyncHttpClient-1-1] DEBUG org.asynchttpclient.netty.channel.DefaultChannelPool - Entry count for : http://localhost:53163 : 1
15:48:49.108 [AsyncHttpClient-1-2] DEBUG org.asynchttpclient.netty.handler.HttpHandler - 

Request DefaultFullHttpRequest(decodeResult: success, version: HTTP/1.1, content: EmptyByteBufBE)
GET /session/b46ccd9c534becdd6e7726f77ed416a2/url HTTP/1.1
User-Agent: selenium/4.1.2 (java windows)
Cache-Control: no-cache
Content-Type: application/json; charset=utf-8
host: localhost:57651
accept: */*

Response DefaultHttpResponse(decodeResult: success, version: HTTP/1.1)
HTTP/1.1 200 OK
Content-Type: application/json; charset=utf-8
cache-control: no-cache
content-length: 35

15:48:49.109 [AsyncHttpClient-1-2] DEBUG org.asynchttpclient.netty.channel.ChannelManager - Adding key: http://localhost:57651 for channel [id: 0xd51d122e, L:/127.0.0.1:53162 - R:localhost/127.0.0.1:57651]
  &amp#27;[32mGiven &amp#27;[0m&amp#27;[32mi have registered&amp#27;[0m                                     &amp#27;[90m# starter.stepdefinition.loginStep.iHaveRegistered()&amp#27;[0m
15:48:49.134 [main] DEBUG net.serenitybdd.core.photography.Darkroom - Opening darkroom
15:48:49.135 [Darkroom Processing Line] DEBUG net.serenitybdd.core.photography.DarkroomProcessingLine - Darkroom processing line starting up
15:48:49.136 [Forwarding screenshot on session b46ccd9c534becdd6e7726f77ed416a2 to remote] DEBUG org.asynchttpclient.netty.request.NettyRequestSender - Using pooled Channel '[id: 0xd51d122e, L:/127.0.0.1:53162 - R:localhost/127.0.0.1:57651]' for 'GET' to 'http://localhost:57651/session/b46ccd9c534becdd6e7726f77ed416a2/screenshot'
15:48:49.136 [Forwarding screenshot on session b46ccd9c534becdd6e7726f77ed416a2 to remote] DEBUG org.asynchttpclient.netty.request.NettyRequestSender - Using open Channel [id: 0xd51d122e, L:/127.0.0.1:53162 - R:localhost/127.0.0.1:57651] for GET '/session/b46ccd9c534becdd6e7726f77ed416a2/screenshot'
15:48:49.418 [AsyncHttpClient-1-2] DEBUG org.asynchttpclient.netty.handler.HttpHandler - 

Request DefaultFullHttpRequest(decodeResult: success, version: HTTP/1.1, content: EmptyByteBufBE)
GET /session/b46ccd9c534becdd6e7726f77ed416a2/screenshot HTTP/1.1
User-Agent: selenium/4.1.2 (java windows)
Cache-Control: no-cache
Content-Type: application/json; charset=utf-8
host: localhost:57651
accept: */*

Response DefaultHttpResponse(decodeResult: success, version: HTTP/1.1)
HTTP/1.1 200 OK
Content-Type: application/json; charset=utf-8
cache-control: no-cache
content-length: 344292

15:48:49.422 [AsyncHttpClient-1-2] DEBUG org.asynchttpclient.netty.channel.ChannelManager - Adding key: http://localhost:57651 for channel [id: 0xd51d122e, L:/127.0.0.1:53162 - R:localhost/127.0.0.1:57651]
15:48:49.526 [main] DEBUG net.serenitybdd.core.photography.Darkroom - Send negative for processing for target\site\serenity\923bee840879811ac6082d8b3bd0e9d9c5cb93a24c165f29e28bc0a19288a5b7.png
15:48:49.527 [Darkroom Processing Line] DEBUG net.serenitybdd.core.photography.DarkroomProcessingLine - Processing screenshot image in /var/screenshots/screenshot-12164019564066955840
15:48:49.527 [Darkroom Processing Line] DEBUG net.serenitybdd.core.photography.DarkroomProcessingLine - Saving screenshot to target\site\serenity\923bee840879811ac6082d8b3bd0e9d9c5cb93a24c165f29e28bc0a19288a5b7.png
15:48:49.552 [Forwarding findElement on session b46ccd9c534becdd6e7726f77ed416a2 to remote] DEBUG org.asynchttpclient.netty.request.NettyRequestSender - Using pooled Channel '[id: 0xd51d122e, L:/127.0.0.1:53162 - R:localhost/127.0.0.1:57651]' for 'POST' to 'http://localhost:57651/session/b46ccd9c534becdd6e7726f77ed416a2/element'
15:48:49.552 [Forwarding findElement on session b46ccd9c534becdd6e7726f77ed416a2 to remote] DEBUG org.asynchttpclient.netty.request.NettyRequestSender - Using open Channel [id: 0xd51d122e, L:/127.0.0.1:53162 - R:localhost/127.0.0.1:57651] for POST '/session/b46ccd9c534becdd6e7726f77ed416a2/element'
15:48:49.592 [AsyncHttpClient-1-2] DEBUG org.asynchttpclient.netty.handler.HttpHandler - 

Request DefaultHttpRequest(decodeResult: success, version: HTTP/1.1)
POST /session/b46ccd9c534becdd6e7726f77ed416a2/element HTTP/1.1
User-Agent: selenium/4.1.2 (java windows)
Content-Length: 55
Content-Type: application/json; charset=utf-8
host: localhost:57651
accept: */*

Response DefaultHttpResponse(decodeResult: success, version: HTTP/1.1)
HTTP/1.1 200 OK
Content-Type: application/json; charset=utf-8
cache-control: no-cache
content-length: 88

15:48:49.592 [AsyncHttpClient-1-2] DEBUG org.asynchttpclient.netty.channel.ChannelManager - Adding key: http://localhost:57651 for channel [id: 0xd51d122e, L:/127.0.0.1:53162 - R:localhost/127.0.0.1:57651]
15:48:49.619 [Forwarding isElementDisplayed on session b46ccd9c534becdd6e7726f77ed416a2 to remote] DEBUG org.asynchttpclient.netty.request.NettyRequestSender - Using pooled Channel '[id: 0xd51d122e, L:/127.0.0.1:53162 - R:localhost/127.0.0.1:57651]' for 'POST' to 'http://localhost:57651/session/b46ccd9c534becdd6e7726f77ed416a2/execute/sync'
15:48:49.619 [Forwarding isElementDisplayed on session b46ccd9c534becdd6e7726f77ed416a2 to remote] DEBUG org.asynchttpclient.netty.request.NettyRequestSender - Using open Channel [id: 0xd51d122e, L:/127.0.0.1:53162 - R:localhost/127.0.0.1:57651] for POST '/session/b46ccd9c534becdd6e7726f77ed416a2/execute/sync'
15:48:49.675 [AsyncHttpClient-1-2] DEBUG org.asynchttpclient.netty.handler.HttpHandler - 

Request DefaultHttpRequest(decodeResult: success, version: HTTP/1.1)
POST /session/b46ccd9c534becdd6e7726f77ed416a2/execute/sync HTTP/1.1
User-Agent: selenium/4.1.2 (java windows)
Content-Length: 48780
Content-Type: application/json; charset=utf-8
host: localhost:57651
accept: */*

Response DefaultHttpResponse(decodeResult: success, version: HTTP/1.1)
HTTP/1.1 200 OK
Content-Type: application/json; charset=utf-8
cache-control: no-cache
content-length: 14

15:48:49.676 [AsyncHttpClient-1-2] DEBUG org.asynchttpclient.netty.channel.ChannelManager - Adding key: http://localhost:57651 for channel [id: 0xd51d122e, L:/127.0.0.1:53162 - R:localhost/127.0.0.1:57651]
15:48:49.685 [Forwarding findElement on session b46ccd9c534becdd6e7726f77ed416a2 to remote] DEBUG org.asynchttpclient.netty.request.NettyRequestSender - Using pooled Channel '[id: 0xd51d122e, L:/127.0.0.1:53162 - R:localhost/127.0.0.1:57651]' for 'POST' to 'http://localhost:57651/session/b46ccd9c534becdd6e7726f77ed416a2/element'
15:48:49.685 [Forwarding findElement on session b46ccd9c534becdd6e7726f77ed416a2 to remote] DEBUG org.asynchttpclient.netty.request.NettyRequestSender - Using open Channel [id: 0xd51d122e, L:/127.0.0.1:53162 - R:localhost/127.0.0.1:57651] for POST '/session/b46ccd9c534becdd6e7726f77ed416a2/element'
15:48:49.725 [AsyncHttpClient-1-2] DEBUG org.asynchttpclient.netty.handler.HttpHandler - 

Request DefaultHttpRequest(decodeResult: success, version: HTTP/1.1)
POST /session/b46ccd9c534becdd6e7726f77ed416a2/element HTTP/1.1
User-Agent: selenium/4.1.2 (java windows)
Content-Length: 72
Content-Type: application/json; charset=utf-8
host: localhost:57651
accept: */*

Response DefaultHttpResponse(decodeResult: success, version: HTTP/1.1)
HTTP/1.1 200 OK
Content-Type: application/json; charset=utf-8
cache-control: no-cache
content-length: 88

15:48:49.725 [AsyncHttpClient-1-2] DEBUG org.asynchttpclient.netty.channel.ChannelManager - Adding key: http://localhost:57651 for channel [id: 0xd51d122e, L:/127.0.0.1:53162 - R:localhost/127.0.0.1:57651]
15:48:49.725 [Forwarding getElementTagName on session b46ccd9c534becdd6e7726f77ed416a2 to remote] DEBUG org.asynchttpclient.netty.request.NettyRequestSender - Using pooled Channel '[id: 0xd51d122e, L:/127.0.0.1:53162 - R:localhost/127.0.0.1:57651]' for 'GET' to 'http://localhost:57651/session/b46ccd9c534becdd6e7726f77ed416a2/element/4711499f-7739-4bb8-ab3b-fbfb589c68e9/name'
15:48:49.725 [Forwarding getElementTagName on session b46ccd9c534becdd6e7726f77ed416a2 to remote] DEBUG org.asynchttpclient.netty.request.NettyRequestSender - Using open Channel [id: 0xd51d122e, L:/127.0.0.1:53162 - R:localhost/127.0.0.1:57651] for GET '/session/b46ccd9c534becdd6e7726f77ed416a2/element/4711499f-7739-4bb8-ab3b-fbfb589c68e9/name'
15:48:49.778 [AsyncHttpClient-1-2] DEBUG org.asynchttpclient.netty.handler.HttpHandler - 

Request DefaultFullHttpRequest(decodeResult: success, version: HTTP/1.1, content: EmptyByteBufBE)
GET /session/b46ccd9c534becdd6e7726f77ed416a2/element/4711499f-7739-4bb8-ab3b-fbfb589c68e9/name HTTP/1.1
User-Agent: selenium/4.1.2 (java windows)
Cache-Control: no-cache
Content-Type: application/json; charset=utf-8
host: localhost:57651
accept: */*

Response DefaultHttpResponse(decodeResult: success, version: HTTP/1.1)
HTTP/1.1 200 OK
Content-Type: application/json; charset=utf-8
cache-control: no-cache
content-length: 13

15:48:49.779 [AsyncHttpClient-1-2] DEBUG org.asynchttpclient.netty.channel.ChannelManager - Adding key: http://localhost:57651 for channel [id: 0xd51d122e, L:/127.0.0.1:53162 - R:localhost/127.0.0.1:57651]
15:48:49.784 [Forwarding getElementTagName on session b46ccd9c534becdd6e7726f77ed416a2 to remote] DEBUG org.asynchttpclient.netty.request.NettyRequestSender - Using pooled Channel '[id: 0xd51d122e, L:/127.0.0.1:53162 - R:localhost/127.0.0.1:57651]' for 'GET' to 'http://localhost:57651/session/b46ccd9c534becdd6e7726f77ed416a2/element/4711499f-7739-4bb8-ab3b-fbfb589c68e9/name'
15:48:49.785 [Forwarding getElementTagName on session b46ccd9c534becdd6e7726f77ed416a2 to remote] DEBUG org.asynchttpclient.netty.request.NettyRequestSender - Using open Channel [id: 0xd51d122e, L:/127.0.0.1:53162 - R:localhost/127.0.0.1:57651] for GET '/session/b46ccd9c534becdd6e7726f77ed416a2/element/4711499f-7739-4bb8-ab3b-fbfb589c68e9/name'
15:48:49.827 [AsyncHttpClient-1-2] DEBUG org.asynchttpclient.netty.handler.HttpHandler - 

Request DefaultFullHttpRequest(decodeResult: success, version: HTTP/1.1, content: EmptyByteBufBE)
GET /session/b46ccd9c534becdd6e7726f77ed416a2/element/4711499f-7739-4bb8-ab3b-fbfb589c68e9/name HTTP/1.1
User-Agent: selenium/4.1.2 (java windows)
Cache-Control: no-cache
Content-Type: application/json; charset=utf-8
host: localhost:57651
accept: */*

Response DefaultHttpResponse(decodeResult: success, version: HTTP/1.1)
HTTP/1.1 200 OK
Content-Type: application/json; charset=utf-8
cache-control: no-cache
content-length: 13

15:48:49.827 [AsyncHttpClient-1-2] DEBUG org.asynchttpclient.netty.channel.ChannelManager - Adding key: http://localhost:57651 for channel [id: 0xd51d122e, L:/127.0.0.1:53162 - R:localhost/127.0.0.1:57651]
15:48:49.836 [Forwarding findElement on session b46ccd9c534becdd6e7726f77ed416a2 to remote] DEBUG org.asynchttpclient.netty.request.NettyRequestSender - Using pooled Channel '[id: 0xd51d122e, L:/127.0.0.1:53162 - R:localhost/127.0.0.1:57651]' for 'POST' to 'http://localhost:57651/session/b46ccd9c534becdd6e7726f77ed416a2/element'
15:48:49.853 [Forwarding findElement on session b46ccd9c534becdd6e7726f77ed416a2 to remote] DEBUG org.asynchttpclient.netty.request.NettyRequestSender - Using open Channel [id: 0xd51d122e, L:/127.0.0.1:53162 - R:localhost/127.0.0.1:57651] for POST '/session/b46ccd9c534becdd6e7726f77ed416a2/element'
15:48:49.893 [AsyncHttpClient-1-2] DEBUG org.asynchttpclient.netty.handler.HttpHandler - 

Request DefaultHttpRequest(decodeResult: success, version: HTTP/1.1)
POST /session/b46ccd9c534becdd6e7726f77ed416a2/element HTTP/1.1
User-Agent: selenium/4.1.2 (java windows)
Content-Length: 72
Content-Type: application/json; charset=utf-8
host: localhost:57651
accept: */*

Response DefaultHttpResponse(decodeResult: success, version: HTTP/1.1)
HTTP/1.1 200 OK
Content-Type: application/json; charset=utf-8
cache-control: no-cache
content-length: 88

15:48:49.894 [AsyncHttpClient-1-2] DEBUG org.asynchttpclient.netty.channel.ChannelManager - Adding key: http://localhost:57651 for channel [id: 0xd51d122e, L:/127.0.0.1:53162 - R:localhost/127.0.0.1:57651]
15:48:49.899 [Forwarding clickElement on session b46ccd9c534becdd6e7726f77ed416a2 to remote] DEBUG org.asynchttpclient.netty.request.NettyRequestSender - Using pooled Channel '[id: 0xd51d122e, L:/127.0.0.1:53162 - R:localhost/127.0.0.1:57651]' for 'POST' to 'http://localhost:57651/session/b46ccd9c534becdd6e7726f77ed416a2/element/4711499f-7739-4bb8-ab3b-fbfb589c68e9/click'
15:48:49.900 [Forwarding clickElement on session b46ccd9c534becdd6e7726f77ed416a2 to remote] DEBUG org.asynchttpclient.netty.request.NettyRequestSender - Using open Channel [id: 0xd51d122e, L:/127.0.0.1:53162 - R:localhost/127.0.0.1:57651] for POST '/session/b46ccd9c534becdd6e7726f77ed416a2/element/4711499f-7739-4bb8-ab3b-fbfb589c68e9/click'
15:48:50.121 [AsyncHttpClient-1-2] DEBUG org.asynchttpclient.netty.handler.HttpHandler - 

Request DefaultHttpRequest(decodeResult: success, version: HTTP/1.1)
POST /session/b46ccd9c534becdd6e7726f77ed416a2/element/4711499f-7739-4bb8-ab3b-fbfb589c68e9/click HTTP/1.1
User-Agent: selenium/4.1.2 (java windows)
Content-Length: 50
Content-Type: application/json; charset=utf-8
host: localhost:57651
accept: */*

Response DefaultHttpResponse(decodeResult: success, version: HTTP/1.1)
HTTP/1.1 200 OK
Content-Type: application/json; charset=utf-8
cache-control: no-cache
content-length: 14

15:48:50.122 [AsyncHttpClient-1-2] DEBUG org.asynchttpclient.netty.channel.ChannelManager - Adding key: http://localhost:57651 for channel [id: 0xd51d122e, L:/127.0.0.1:53162 - R:localhost/127.0.0.1:57651]
  &amp#27;[32mWhen &amp#27;[0m&amp#27;[32mi click get started&amp#27;[0m                                    &amp#27;[90m# starter.stepdefinition.registerStep.iClickGetStarted()&amp#27;[0m
15:48:50.147 [Forwarding screenshot on session b46ccd9c534becdd6e7726f77ed416a2 to remote] DEBUG org.asynchttpclient.netty.request.NettyRequestSender - Using pooled Channel '[id: 0xd51d122e, L:/127.0.0.1:53162 - R:localhost/127.0.0.1:57651]' for 'GET' to 'http://localhost:57651/session/b46ccd9c534becdd6e7726f77ed416a2/screenshot'
15:48:50.147 [Forwarding screenshot on session b46ccd9c534becdd6e7726f77ed416a2 to remote] DEBUG org.asynchttpclient.netty.request.NettyRequestSender - Using open Channel [id: 0xd51d122e, L:/127.0.0.1:53162 - R:localhost/127.0.0.1:57651] for GET '/session/b46ccd9c534becdd6e7726f77ed416a2/screenshot'
15:48:50.176 [AsyncHttpClient-1-1] DEBUG org.asynchttpclient.netty.channel.DefaultChannelPool - Entry count for : http://localhost:53163 : 1
15:48:50.768 [AsyncHttpClient-1-2] DEBUG org.asynchttpclient.netty.handler.HttpHandler - 

Request DefaultFullHttpRequest(decodeResult: success, version: HTTP/1.1, content: EmptyByteBufBE)
GET /session/b46ccd9c534becdd6e7726f77ed416a2/screenshot HTTP/1.1
User-Agent: selenium/4.1.2 (java windows)
Cache-Control: no-cache
Content-Type: application/json; charset=utf-8
host: localhost:57651
accept: */*

Response DefaultHttpResponse(decodeResult: success, version: HTTP/1.1)
HTTP/1.1 200 OK
Content-Type: application/json; charset=utf-8
cache-control: no-cache
content-length: 132804

15:48:50.772 [AsyncHttpClient-1-2] DEBUG org.asynchttpclient.netty.channel.ChannelManager - Adding key: http://localhost:57651 for channel [id: 0xd51d122e, L:/127.0.0.1:53162 - R:localhost/127.0.0.1:57651]
15:48:50.786 [main] DEBUG net.serenitybdd.core.photography.Darkroom - Send negative for processing for target\site\serenity\3419d0992714763ad93adceb87de6ff21cb4fefa0278bfd77094625a91e0c110.png
15:48:50.787 [Darkroom Processing Line] DEBUG net.serenitybdd.core.photography.DarkroomProcessingLine - Processing screenshot image in /var/screenshots/screenshot-13542561267380973960
15:48:50.787 [Darkroom Processing Line] DEBUG net.serenitybdd.core.photography.DarkroomProcessingLine - Saving screenshot to target\site\serenity\3419d0992714763ad93adceb87de6ff21cb4fefa0278bfd77094625a91e0c110.png
15:48:50.828 [Forwarding findElement on session b46ccd9c534becdd6e7726f77ed416a2 to remote] DEBUG org.asynchttpclient.netty.request.NettyRequestSender - Using pooled Channel '[id: 0xd51d122e, L:/127.0.0.1:53162 - R:localhost/127.0.0.1:57651]' for 'POST' to 'http://localhost:57651/session/b46ccd9c534becdd6e7726f77ed416a2/element'
15:48:50.829 [Forwarding findElement on session b46ccd9c534becdd6e7726f77ed416a2 to remote] DEBUG org.asynchttpclient.netty.request.NettyRequestSender - Using open Channel [id: 0xd51d122e, L:/127.0.0.1:53162 - R:localhost/127.0.0.1:57651] for POST '/session/b46ccd9c534becdd6e7726f77ed416a2/element'
15:48:50.873 [AsyncHttpClient-1-2] DEBUG org.asynchttpclient.netty.handler.HttpHandler - 

Request DefaultHttpRequest(decodeResult: success, version: HTTP/1.1)
POST /session/b46ccd9c534becdd6e7726f77ed416a2/element HTTP/1.1
User-Agent: selenium/4.1.2 (java windows)
Content-Length: 67
Content-Type: application/json; charset=utf-8
host: localhost:57651
accept: */*

Response DefaultHttpResponse(decodeResult: success, version: HTTP/1.1)
HTTP/1.1 200 OK
Content-Type: application/json; charset=utf-8
cache-control: no-cache
content-length: 88

15:48:50.873 [AsyncHttpClient-1-2] DEBUG org.asynchttpclient.netty.channel.ChannelManager - Adding key: http://localhost:57651 for channel [id: 0xd51d122e, L:/127.0.0.1:53162 - R:localhost/127.0.0.1:57651]
15:48:50.884 [Forwarding clearElement on session b46ccd9c534becdd6e7726f77ed416a2 to remote] DEBUG org.asynchttpclient.netty.request.NettyRequestSender - Using pooled Channel '[id: 0xd51d122e, L:/127.0.0.1:53162 - R:localhost/127.0.0.1:57651]' for 'POST' to 'http://localhost:57651/session/b46ccd9c534becdd6e7726f77ed416a2/element/ae5ec051-37c2-4c9c-b480-4b05ac4f1e32/clear'
15:48:50.885 [Forwarding clearElement on session b46ccd9c534becdd6e7726f77ed416a2 to remote] DEBUG org.asynchttpclient.netty.request.NettyRequestSender - Using open Channel [id: 0xd51d122e, L:/127.0.0.1:53162 - R:localhost/127.0.0.1:57651] for POST '/session/b46ccd9c534becdd6e7726f77ed416a2/element/ae5ec051-37c2-4c9c-b480-4b05ac4f1e32/clear'
15:48:51.021 [AsyncHttpClient-1-2] DEBUG org.asynchttpclient.netty.handler.HttpHandler - 

Request DefaultHttpRequest(decodeResult: success, version: HTTP/1.1)
POST /session/b46ccd9c534becdd6e7726f77ed416a2/element/ae5ec051-37c2-4c9c-b480-4b05ac4f1e32/clear HTTP/1.1
User-Agent: selenium/4.1.2 (java windows)
Content-Length: 50
Content-Type: application/json; charset=utf-8
host: localhost:57651
accept: */*

Response DefaultHttpResponse(decodeResult: success, version: HTTP/1.1)
HTTP/1.1 200 OK
Content-Type: application/json; charset=utf-8
cache-control: no-cache
content-length: 14

15:48:51.023 [AsyncHttpClient-1-2] DEBUG org.asynchttpclient.netty.channel.ChannelManager - Adding key: http://localhost:57651 for channel [id: 0xd51d122e, L:/127.0.0.1:53162 - R:localhost/127.0.0.1:57651]
15:48:51.045 [Forwarding sendKeysToElement on session b46ccd9c534becdd6e7726f77ed416a2 to remote] DEBUG org.asynchttpclient.netty.request.NettyRequestSender - Using pooled Channel '[id: 0xd51d122e, L:/127.0.0.1:53162 - R:localhost/127.0.0.1:57651]' for 'POST' to 'http://localhost:57651/session/b46ccd9c534becdd6e7726f77ed416a2/element/ae5ec051-37c2-4c9c-b480-4b05ac4f1e32/value'
15:48:51.046 [Forwarding sendKeysToElement on session b46ccd9c534becdd6e7726f77ed416a2 to remote] DEBUG org.asynchttpclient.netty.request.NettyRequestSender - Using open Channel [id: 0xd51d122e, L:/127.0.0.1:53162 - R:localhost/127.0.0.1:57651] for POST '/session/b46ccd9c534becdd6e7726f77ed416a2/element/ae5ec051-37c2-4c9c-b480-4b05ac4f1e32/value'
15:48:51.277 [AsyncHttpClient-1-1] DEBUG org.asynchttpclient.netty.channel.DefaultChannelPool - Entry count for : http://localhost:53163 : 1
15:48:51.355 [AsyncHttpClient-1-2] DEBUG org.asynchttpclient.netty.handler.HttpHandler - 

Request DefaultHttpRequest(decodeResult: success, version: HTTP/1.1)
POST /session/b46ccd9c534becdd6e7726f77ed416a2/element/ae5ec051-37c2-4c9c-b480-4b05ac4f1e32/value HTTP/1.1
User-Agent: selenium/4.1.2 (java windows)
Content-Length: 231
Content-Type: application/json; charset=utf-8
host: localhost:57651
accept: */*

Response DefaultHttpResponse(decodeResult: success, version: HTTP/1.1)
HTTP/1.1 200 OK
Content-Type: application/json; charset=utf-8
cache-control: no-cache
content-length: 14

15:48:51.356 [AsyncHttpClient-1-2] DEBUG org.asynchttpclient.netty.channel.ChannelManager - Adding key: http://localhost:57651 for channel [id: 0xd51d122e, L:/127.0.0.1:53162 - R:localhost/127.0.0.1:57651]
15:48:51.379 [Forwarding findElement on session b46ccd9c534becdd6e7726f77ed416a2 to remote] DEBUG org.asynchttpclient.netty.request.NettyRequestSender - Using pooled Channel '[id: 0xd51d122e, L:/127.0.0.1:53162 - R:localhost/127.0.0.1:57651]' for 'POST' to 'http://localhost:57651/session/b46ccd9c534becdd6e7726f77ed416a2/element'
15:48:51.380 [Forwarding findElement on session b46ccd9c534becdd6e7726f77ed416a2 to remote] DEBUG org.asynchttpclient.netty.request.NettyRequestSender - Using open Channel [id: 0xd51d122e, L:/127.0.0.1:53162 - R:localhost/127.0.0.1:57651] for POST '/session/b46ccd9c534becdd6e7726f77ed416a2/element'
15:48:51.423 [AsyncHttpClient-1-2] DEBUG org.asynchttpclient.netty.handler.HttpHandler - 

Request DefaultHttpRequest(decodeResult: success, version: HTTP/1.1)
POST /session/b46ccd9c534becdd6e7726f77ed416a2/element HTTP/1.1
User-Agent: selenium/4.1.2 (java windows)
Content-Length: 70
Content-Type: application/json; charset=utf-8
host: localhost:57651
accept: */*

Response DefaultHttpResponse(decodeResult: success, version: HTTP/1.1)
HTTP/1.1 200 OK
Content-Type: application/json; charset=utf-8
cache-control: no-cache
content-length: 88

15:48:51.423 [AsyncHttpClient-1-2] DEBUG org.asynchttpclient.netty.channel.ChannelManager - Adding key: http://localhost:57651 for channel [id: 0xd51d122e, L:/127.0.0.1:53162 - R:localhost/127.0.0.1:57651]
15:48:51.439 [Forwarding clearElement on session b46ccd9c534becdd6e7726f77ed416a2 to remote] DEBUG org.asynchttpclient.netty.request.NettyRequestSender - Using pooled Channel '[id: 0xd51d122e, L:/127.0.0.1:53162 - R:localhost/127.0.0.1:57651]' for 'POST' to 'http://localhost:57651/session/b46ccd9c534becdd6e7726f77ed416a2/element/efc0a340-1aea-466b-9905-95b6e4954899/clear'
15:48:51.439 [Forwarding clearElement on session b46ccd9c534becdd6e7726f77ed416a2 to remote] DEBUG org.asynchttpclient.netty.request.NettyRequestSender - Using open Channel [id: 0xd51d122e, L:/127.0.0.1:53162 - R:localhost/127.0.0.1:57651] for POST '/session/b46ccd9c534becdd6e7726f77ed416a2/element/efc0a340-1aea-466b-9905-95b6e4954899/clear'
15:48:51.580 [AsyncHttpClient-1-2] DEBUG org.asynchttpclient.netty.handler.HttpHandler - 

Request DefaultHttpRequest(decodeResult: success, version: HTTP/1.1)
POST /session/b46ccd9c534becdd6e7726f77ed416a2/element/efc0a340-1aea-466b-9905-95b6e4954899/clear HTTP/1.1
User-Agent: selenium/4.1.2 (java windows)
Content-Length: 50
Content-Type: application/json; charset=utf-8
host: localhost:57651
accept: */*

Response DefaultHttpResponse(decodeResult: success, version: HTTP/1.1)
HTTP/1.1 200 OK
Content-Type: application/json; charset=utf-8
cache-control: no-cache
content-length: 14

15:48:51.580 [AsyncHttpClient-1-2] DEBUG org.asynchttpclient.netty.channel.ChannelManager - Adding key: http://localhost:57651 for channel [id: 0xd51d122e, L:/127.0.0.1:53162 - R:localhost/127.0.0.1:57651]
15:48:51.595 [Forwarding sendKeysToElement on session b46ccd9c534becdd6e7726f77ed416a2 to remote] DEBUG org.asynchttpclient.netty.request.NettyRequestSender - Using pooled Channel '[id: 0xd51d122e, L:/127.0.0.1:53162 - R:localhost/127.0.0.1:57651]' for 'POST' to 'http://localhost:57651/session/b46ccd9c534becdd6e7726f77ed416a2/element/efc0a340-1aea-466b-9905-95b6e4954899/value'
15:48:51.595 [Forwarding sendKeysToElement on session b46ccd9c534becdd6e7726f77ed416a2 to remote] DEBUG org.asynchttpclient.netty.request.NettyRequestSender - Using open Channel [id: 0xd51d122e, L:/127.0.0.1:53162 - R:localhost/127.0.0.1:57651] for POST '/session/b46ccd9c534becdd6e7726f77ed416a2/element/efc0a340-1aea-466b-9905-95b6e4954899/value'
15:48:51.876 [AsyncHttpClient-1-2] DEBUG org.asynchttpclient.netty.handler.HttpHandler - 

Request DefaultHttpRequest(decodeResult: success, version: HTTP/1.1)
POST /session/b46ccd9c534becdd6e7726f77ed416a2/element/efc0a340-1aea-466b-9905-95b6e4954899/value HTTP/1.1
User-Agent: selenium/4.1.2 (java windows)
Content-Length: 211
Content-Type: application/json; charset=utf-8
host: localhost:57651
accept: */*

Response DefaultHttpResponse(decodeResult: success, version: HTTP/1.1)
HTTP/1.1 200 OK
Content-Type: application/json; charset=utf-8
cache-control: no-cache
content-length: 14

15:48:51.877 [AsyncHttpClient-1-2] DEBUG org.asynchttpclient.netty.channel.ChannelManager - Adding key: http://localhost:57651 for channel [id: 0xd51d122e, L:/127.0.0.1:53162 - R:localhost/127.0.0.1:57651]
  &amp#27;[32mAnd &amp#27;[0m&amp#27;[32mi input &amp#27;[0m&amp#27;[32m&amp#27;[1m"sonya@gmail.com"&amp#27;[0m&amp#27;[32m and &amp#27;[0m&amp#27;[32m&amp#27;[1m"SonyaPrds1511"&amp#27;[0m&amp#27;[32m for login&amp#27;[0m &amp#27;[90m# starter.stepdefinition.loginStep.iInputAndForLogin(java.lang.String,java.lang.String)&amp#27;[0m
15:48:51.908 [Forwarding screenshot on session b46ccd9c534becdd6e7726f77ed416a2 to remote] DEBUG org.asynchttpclient.netty.request.NettyRequestSender - Using pooled Channel '[id: 0xd51d122e, L:/127.0.0.1:53162 - R:localhost/127.0.0.1:57651]' for 'GET' to 'http://localhost:57651/session/b46ccd9c534becdd6e7726f77ed416a2/screenshot'
15:48:51.908 [Forwarding screenshot on session b46ccd9c534becdd6e7726f77ed416a2 to remote] DEBUG org.asynchttpclient.netty.request.NettyRequestSender - Using open Channel [id: 0xd51d122e, L:/127.0.0.1:53162 - R:localhost/127.0.0.1:57651] for GET '/session/b46ccd9c534becdd6e7726f77ed416a2/screenshot'
15:48:52.248 [AsyncHttpClient-1-2] DEBUG org.asynchttpclient.netty.handler.HttpHandler - 

Request DefaultFullHttpRequest(decodeResult: success, version: HTTP/1.1, content: EmptyByteBufBE)
GET /session/b46ccd9c534becdd6e7726f77ed416a2/screenshot HTTP/1.1
User-Agent: selenium/4.1.2 (java windows)
Cache-Control: no-cache
Content-Type: application/json; charset=utf-8
host: localhost:57651
accept: */*

Response DefaultHttpResponse(decodeResult: success, version: HTTP/1.1)
HTTP/1.1 200 OK
Content-Type: application/json; charset=utf-8
cache-control: no-cache
content-length: 119068

15:48:52.248 [AsyncHttpClient-1-2] DEBUG org.asynchttpclient.netty.channel.ChannelManager - Adding key: http://localhost:57651 for channel [id: 0xd51d122e, L:/127.0.0.1:53162 - R:localhost/127.0.0.1:57651]
15:48:52.279 [main] DEBUG net.serenitybdd.core.photography.Darkroom - Send negative for processing for target\site\serenity\cac6d6554dbb68554d3587511bc8fe2bdefdbd206492635de3811cc96ae9db43.png
15:48:52.279 [Darkroom Processing Line] DEBUG net.serenitybdd.core.photography.DarkroomProcessingLine - Processing screenshot image in /var/screenshots/screenshot-10169712584814701911
15:48:52.279 [Darkroom Processing Line] DEBUG net.serenitybdd.core.photography.DarkroomProcessingLine - Saving screenshot to target\site\serenity\cac6d6554dbb68554d3587511bc8fe2bdefdbd206492635de3811cc96ae9db43.png
15:48:52.295 [Forwarding findElement on session b46ccd9c534becdd6e7726f77ed416a2 to remote] DEBUG org.asynchttpclient.netty.request.NettyRequestSender - Using pooled Channel '[id: 0xd51d122e, L:/127.0.0.1:53162 - R:localhost/127.0.0.1:57651]' for 'POST' to 'http://localhost:57651/session/b46ccd9c534becdd6e7726f77ed416a2/element'
15:48:52.295 [Forwarding findElement on session b46ccd9c534becdd6e7726f77ed416a2 to remote] DEBUG org.asynchttpclient.netty.request.NettyRequestSender - Using open Channel [id: 0xd51d122e, L:/127.0.0.1:53162 - R:localhost/127.0.0.1:57651] for POST '/session/b46ccd9c534becdd6e7726f77ed416a2/element'
15:48:52.326 [AsyncHttpClient-1-2] DEBUG org.asynchttpclient.netty.handler.HttpHandler - 

Request DefaultHttpRequest(decodeResult: success, version: HTTP/1.1)
POST /session/b46ccd9c534becdd6e7726f77ed416a2/element HTTP/1.1
User-Agent: selenium/4.1.2 (java windows)
Content-Length: 53
Content-Type: application/json; charset=utf-8
host: localhost:57651
accept: */*

Response DefaultHttpResponse(decodeResult: success, version: HTTP/1.1)
HTTP/1.1 200 OK
Content-Type: application/json; charset=utf-8
cache-control: no-cache
content-length: 88

15:48:52.326 [AsyncHttpClient-1-2] DEBUG org.asynchttpclient.netty.channel.ChannelManager - Adding key: http://localhost:57651 for channel [id: 0xd51d122e, L:/127.0.0.1:53162 - R:localhost/127.0.0.1:57651]
15:48:52.326 [Forwarding getElementTagName on session b46ccd9c534becdd6e7726f77ed416a2 to remote] DEBUG org.asynchttpclient.netty.request.NettyRequestSender - Using pooled Channel '[id: 0xd51d122e, L:/127.0.0.1:53162 - R:localhost/127.0.0.1:57651]' for 'GET' to 'http://localhost:57651/session/b46ccd9c534becdd6e7726f77ed416a2/element/4907f5a6-1b7c-4d2b-9cb0-b2a4e028db77/name'
15:48:52.326 [Forwarding getElementTagName on session b46ccd9c534becdd6e7726f77ed416a2 to remote] DEBUG org.asynchttpclient.netty.request.NettyRequestSender - Using open Channel [id: 0xd51d122e, L:/127.0.0.1:53162 - R:localhost/127.0.0.1:57651] for GET '/session/b46ccd9c534becdd6e7726f77ed416a2/element/4907f5a6-1b7c-4d2b-9cb0-b2a4e028db77/name'
15:48:52.341 [AsyncHttpClient-1-2] DEBUG org.asynchttpclient.netty.handler.HttpHandler - 

Request DefaultFullHttpRequest(decodeResult: success, version: HTTP/1.1, content: EmptyByteBufBE)
GET /session/b46ccd9c534becdd6e7726f77ed416a2/element/4907f5a6-1b7c-4d2b-9cb0-b2a4e028db77/name HTTP/1.1
User-Agent: selenium/4.1.2 (java windows)
Cache-Control: no-cache
Content-Type: application/json; charset=utf-8
host: localhost:57651
accept: */*

Response DefaultHttpResponse(decodeResult: success, version: HTTP/1.1)
HTTP/1.1 200 OK
Content-Type: application/json; charset=utf-8
cache-control: no-cache
content-length: 18

15:48:52.341 [AsyncHttpClient-1-2] DEBUG org.asynchttpclient.netty.channel.ChannelManager - Adding key: http://localhost:57651 for channel [id: 0xd51d122e, L:/127.0.0.1:53162 - R:localhost/127.0.0.1:57651]
15:48:52.341 [Forwarding getElementTagName on session b46ccd9c534becdd6e7726f77ed416a2 to remote] DEBUG org.asynchttpclient.netty.request.NettyRequestSender - Using pooled Channel '[id: 0xd51d122e, L:/127.0.0.1:53162 - R:localhost/127.0.0.1:57651]' for 'GET' to 'http://localhost:57651/session/b46ccd9c534becdd6e7726f77ed416a2/element/4907f5a6-1b7c-4d2b-9cb0-b2a4e028db77/name'
15:48:52.341 [Forwarding getElementTagName on session b46ccd9c534becdd6e7726f77ed416a2 to remote] DEBUG org.asynchttpclient.netty.request.NettyRequestSender - Using open Channel [id: 0xd51d122e, L:/127.0.0.1:53162 - R:localhost/127.0.0.1:57651] for GET '/session/b46ccd9c534becdd6e7726f77ed416a2/element/4907f5a6-1b7c-4d2b-9cb0-b2a4e028db77/name'
15:48:52.350 [AsyncHttpClient-1-2] DEBUG org.asynchttpclient.netty.handler.HttpHandler - 

Request DefaultFullHttpRequest(decodeResult: success, version: HTTP/1.1, content: EmptyByteBufBE)
GET /session/b46ccd9c534becdd6e7726f77ed416a2/element/4907f5a6-1b7c-4d2b-9cb0-b2a4e028db77/name HTTP/1.1
User-Agent: selenium/4.1.2 (java windows)
Cache-Control: no-cache
Content-Type: application/json; charset=utf-8
host: localhost:57651
accept: */*

Response DefaultHttpResponse(decodeResult: success, version: HTTP/1.1)
HTTP/1.1 200 OK
Content-Type: application/json; charset=utf-8
cache-control: no-cache
content-length: 18

15:48:52.350 [AsyncHttpClient-1-2] DEBUG org.asynchttpclient.netty.channel.ChannelManager - Adding key: http://localhost:57651 for channel [id: 0xd51d122e, L:/127.0.0.1:53162 - R:localhost/127.0.0.1:57651]
15:48:52.366 [Forwarding isElementEnabled on session b46ccd9c534becdd6e7726f77ed416a2 to remote] DEBUG org.asynchttpclient.netty.request.NettyRequestSender - Using pooled Channel '[id: 0xd51d122e, L:/127.0.0.1:53162 - R:localhost/127.0.0.1:57651]' for 'GET' to 'http://localhost:57651/session/b46ccd9c534becdd6e7726f77ed416a2/element/4907f5a6-1b7c-4d2b-9cb0-b2a4e028db77/enabled'
15:48:52.366 [Forwarding isElementEnabled on session b46ccd9c534becdd6e7726f77ed416a2 to remote] DEBUG org.asynchttpclient.netty.request.NettyRequestSender - Using open Channel [id: 0xd51d122e, L:/127.0.0.1:53162 - R:localhost/127.0.0.1:57651] for GET '/session/b46ccd9c534becdd6e7726f77ed416a2/element/4907f5a6-1b7c-4d2b-9cb0-b2a4e028db77/enabled'
15:48:52.373 [AsyncHttpClient-1-1] DEBUG org.asynchttpclient.netty.channel.DefaultChannelPool - Entry count for : http://localhost:53163 : 1
15:48:52.397 [AsyncHttpClient-1-2] DEBUG org.asynchttpclient.netty.handler.HttpHandler - 

Request DefaultFullHttpRequest(decodeResult: success, version: HTTP/1.1, content: EmptyByteBufBE)
GET /session/b46ccd9c534becdd6e7726f77ed416a2/element/4907f5a6-1b7c-4d2b-9cb0-b2a4e028db77/enabled HTTP/1.1
User-Agent: selenium/4.1.2 (java windows)
Cache-Control: no-cache
Content-Type: application/json; charset=utf-8
host: localhost:57651
accept: */*

Response DefaultHttpResponse(decodeResult: success, version: HTTP/1.1)
HTTP/1.1 200 OK
Content-Type: application/json; charset=utf-8
cache-control: no-cache
content-length: 14

15:48:52.398 [AsyncHttpClient-1-2] DEBUG org.asynchttpclient.netty.channel.ChannelManager - Adding key: http://localhost:57651 for channel [id: 0xd51d122e, L:/127.0.0.1:53162 - R:localhost/127.0.0.1:57651]
15:48:52.403 [Forwarding isElementEnabled on session b46ccd9c534becdd6e7726f77ed416a2 to remote] DEBUG org.asynchttpclient.netty.request.NettyRequestSender - Using pooled Channel '[id: 0xd51d122e, L:/127.0.0.1:53162 - R:localhost/127.0.0.1:57651]' for 'GET' to 'http://localhost:57651/session/b46ccd9c534becdd6e7726f77ed416a2/element/4907f5a6-1b7c-4d2b-9cb0-b2a4e028db77/enabled'
15:48:52.403 [Forwarding isElementEnabled on session b46ccd9c534becdd6e7726f77ed416a2 to remote] DEBUG org.asynchttpclient.netty.request.NettyRequestSender - Using open Channel [id: 0xd51d122e, L:/127.0.0.1:53162 - R:localhost/127.0.0.1:57651] for GET '/session/b46ccd9c534becdd6e7726f77ed416a2/element/4907f5a6-1b7c-4d2b-9cb0-b2a4e028db77/enabled'
15:48:52.418 [AsyncHttpClient-1-2] DEBUG org.asynchttpclient.netty.handler.HttpHandler - 

Request DefaultFullHttpRequest(decodeResult: success, version: HTTP/1.1, content: EmptyByteBufBE)
GET /session/b46ccd9c534becdd6e7726f77ed416a2/element/4907f5a6-1b7c-4d2b-9cb0-b2a4e028db77/enabled HTTP/1.1
User-Agent: selenium/4.1.2 (java windows)
Cache-Control: no-cache
Content-Type: application/json; charset=utf-8
host: localhost:57651
accept: */*

Response DefaultHttpResponse(decodeResult: success, version: HTTP/1.1)
HTTP/1.1 200 OK
Content-Type: application/json; charset=utf-8
cache-control: no-cache
content-length: 14

15:48:52.419 [AsyncHttpClient-1-2] DEBUG org.asynchttpclient.netty.channel.ChannelManager - Adding key: http://localhost:57651 for channel [id: 0xd51d122e, L:/127.0.0.1:53162 - R:localhost/127.0.0.1:57651]
15:48:52.430 [Forwarding findElement on session b46ccd9c534becdd6e7726f77ed416a2 to remote] DEBUG org.asynchttpclient.netty.request.NettyRequestSender - Using pooled Channel '[id: 0xd51d122e, L:/127.0.0.1:53162 - R:localhost/127.0.0.1:57651]' for 'POST' to 'http://localhost:57651/session/b46ccd9c534becdd6e7726f77ed416a2/element'
15:48:52.430 [Forwarding findElement on session b46ccd9c534becdd6e7726f77ed416a2 to remote] DEBUG org.asynchttpclient.netty.request.NettyRequestSender - Using open Channel [id: 0xd51d122e, L:/127.0.0.1:53162 - R:localhost/127.0.0.1:57651] for POST '/session/b46ccd9c534becdd6e7726f77ed416a2/element'
15:48:52.442 [AsyncHttpClient-1-2] DEBUG org.asynchttpclient.netty.handler.HttpHandler - 

Request DefaultHttpRequest(decodeResult: success, version: HTTP/1.1)
POST /session/b46ccd9c534becdd6e7726f77ed416a2/element HTTP/1.1
User-Agent: selenium/4.1.2 (java windows)
Content-Length: 53
Content-Type: application/json; charset=utf-8
host: localhost:57651
accept: */*

Response DefaultHttpResponse(decodeResult: success, version: HTTP/1.1)
HTTP/1.1 200 OK
Content-Type: application/json; charset=utf-8
cache-control: no-cache
content-length: 88

15:48:52.442 [AsyncHttpClient-1-2] DEBUG org.asynchttpclient.netty.channel.ChannelManager - Adding key: http://localhost:57651 for channel [id: 0xd51d122e, L:/127.0.0.1:53162 - R:localhost/127.0.0.1:57651]
15:48:52.442 [Forwarding clickElement on session b46ccd9c534becdd6e7726f77ed416a2 to remote] DEBUG org.asynchttpclient.netty.request.NettyRequestSender - Using pooled Channel '[id: 0xd51d122e, L:/127.0.0.1:53162 - R:localhost/127.0.0.1:57651]' for 'POST' to 'http://localhost:57651/session/b46ccd9c534becdd6e7726f77ed416a2/element/4907f5a6-1b7c-4d2b-9cb0-b2a4e028db77/click'
15:48:52.442 [Forwarding clickElement on session b46ccd9c534becdd6e7726f77ed416a2 to remote] DEBUG org.asynchttpclient.netty.request.NettyRequestSender - Using open Channel [id: 0xd51d122e, L:/127.0.0.1:53162 - R:localhost/127.0.0.1:57651] for POST '/session/b46ccd9c534becdd6e7726f77ed416a2/element/4907f5a6-1b7c-4d2b-9cb0-b2a4e028db77/click'
15:48:52.550 [AsyncHttpClient-1-2] DEBUG org.asynchttpclient.netty.handler.HttpHandler - 

Request DefaultHttpRequest(decodeResult: success, version: HTTP/1.1)
POST /session/b46ccd9c534becdd6e7726f77ed416a2/element/4907f5a6-1b7c-4d2b-9cb0-b2a4e028db77/click HTTP/1.1
User-Agent: selenium/4.1.2 (java windows)
Content-Length: 50
Content-Type: application/json; charset=utf-8
host: localhost:57651
accept: */*

Response DefaultHttpResponse(decodeResult: success, version: HTTP/1.1)
HTTP/1.1 200 OK
Content-Type: application/json; charset=utf-8
cache-control: no-cache
content-length: 14

15:48:52.550 [AsyncHttpClient-1-2] DEBUG org.asynchttpclient.netty.channel.ChannelManager - Adding key: http://localhost:57651 for channel [id: 0xd51d122e, L:/127.0.0.1:53162 - R:localhost/127.0.0.1:57651]
  &amp#27;[32mAnd &amp#27;[0m&amp#27;[32mi click continue button for login&amp#27;[0m                       &amp#27;[90m# starter.stepdefinition.loginStep.iClickContinueButtonForLogin()&amp#27;[0m
15:48:52.571 [Forwarding screenshot on session b46ccd9c534becdd6e7726f77ed416a2 to remote] DEBUG org.asynchttpclient.netty.request.NettyRequestSender - Using pooled Channel '[id: 0xd51d122e, L:/127.0.0.1:53162 - R:localhost/127.0.0.1:57651]' for 'GET' to 'http://localhost:57651/session/b46ccd9c534becdd6e7726f77ed416a2/screenshot'
15:48:52.571 [Forwarding screenshot on session b46ccd9c534becdd6e7726f77ed416a2 to remote] DEBUG org.asynchttpclient.netty.request.NettyRequestSender - Using open Channel [id: 0xd51d122e, L:/127.0.0.1:53162 - R:localhost/127.0.0.1:57651] for GET '/session/b46ccd9c534becdd6e7726f77ed416a2/screenshot'
15:48:52.833 [AsyncHttpClient-1-2] DEBUG org.asynchttpclient.netty.handler.HttpHandler - 

Request DefaultFullHttpRequest(decodeResult: success, version: HTTP/1.1, content: EmptyByteBufBE)
GET /session/b46ccd9c534becdd6e7726f77ed416a2/screenshot HTTP/1.1
User-Agent: selenium/4.1.2 (java windows)
Cache-Control: no-cache
Content-Type: application/json; charset=utf-8
host: localhost:57651
accept: */*

Response DefaultHttpResponse(decodeResult: success, version: HTTP/1.1)
HTTP/1.1 200 OK
Content-Type: application/json; charset=utf-8
cache-control: no-cache
content-length: 119008

15:48:52.833 [AsyncHttpClient-1-2] DEBUG org.asynchttpclient.netty.channel.ChannelManager - Adding key: http://localhost:57651 for channel [id: 0xd51d122e, L:/127.0.0.1:53162 - R:localhost/127.0.0.1:57651]
15:48:52.848 [main] DEBUG net.serenitybdd.core.photography.Darkroom - Send negative for processing for target\site\serenity\39ab8a1acd55d9fef4df76093ff92f609245abdcdc20403478503332cad50949.png
15:48:52.848 [Darkroom Processing Line] DEBUG net.serenitybdd.core.photography.DarkroomProcessingLine - Processing screenshot image in /var/screenshots/screenshot-12398322561449407769
15:48:52.848 [Darkroom Processing Line] DEBUG net.serenitybdd.core.photography.DarkroomProcessingLine - Saving screenshot to target\site\serenity\39ab8a1acd55d9fef4df76093ff92f609245abdcdc20403478503332cad50949.png
15:48:53.477 [AsyncHttpClient-1-1] DEBUG org.asynchttpclient.netty.channel.DefaultChannelPool - Entry count for : http://localhost:57651 : 1
15:48:53.477 [AsyncHttpClient-1-1] DEBUG org.asynchttpclient.netty.channel.DefaultChannelPool - Entry count for : http://localhost:53163 : 1
15:48:53.866 [Forwarding findElement on session b46ccd9c534becdd6e7726f77ed416a2 to remote] DEBUG org.asynchttpclient.netty.request.NettyRequestSender - Using pooled Channel '[id: 0xd51d122e, L:/127.0.0.1:53162 - R:localhost/127.0.0.1:57651]' for 'POST' to 'http://localhost:57651/session/b46ccd9c534becdd6e7726f77ed416a2/element'
15:48:53.866 [Forwarding findElement on session b46ccd9c534becdd6e7726f77ed416a2 to remote] DEBUG org.asynchttpclient.netty.request.NettyRequestSender - Using open Channel [id: 0xd51d122e, L:/127.0.0.1:53162 - R:localhost/127.0.0.1:57651] for POST '/session/b46ccd9c534becdd6e7726f77ed416a2/element'
15:48:53.988 [AsyncHttpClient-1-2] DEBUG org.asynchttpclient.netty.handler.HttpHandler - 

Request DefaultHttpRequest(decodeResult: success, version: HTTP/1.1)
POST /session/b46ccd9c534becdd6e7726f77ed416a2/element HTTP/1.1
User-Agent: selenium/4.1.2 (java windows)
Content-Length: 58
Content-Type: application/json; charset=utf-8
host: localhost:57651
accept: */*

Response DefaultHttpResponse(decodeResult: success, version: HTTP/1.1)
HTTP/1.1 200 OK
Content-Type: application/json; charset=utf-8
cache-control: no-cache
content-length: 88

15:48:53.989 [AsyncHttpClient-1-2] DEBUG org.asynchttpclient.netty.channel.ChannelManager - Adding key: http://localhost:57651 for channel [id: 0xd51d122e, L:/127.0.0.1:53162 - R:localhost/127.0.0.1:57651]
15:48:53.995 [Forwarding isElementDisplayed on session b46ccd9c534becdd6e7726f77ed416a2 to remote] DEBUG org.asynchttpclient.netty.request.NettyRequestSender - Using pooled Channel '[id: 0xd51d122e, L:/127.0.0.1:53162 - R:localhost/127.0.0.1:57651]' for 'POST' to 'http://localhost:57651/session/b46ccd9c534becdd6e7726f77ed416a2/execute/sync'
15:48:53.996 [Forwarding isElementDisplayed on session b46ccd9c534becdd6e7726f77ed416a2 to remote] DEBUG org.asynchttpclient.netty.request.NettyRequestSender - Using open Channel [id: 0xd51d122e, L:/127.0.0.1:53162 - R:localhost/127.0.0.1:57651] for POST '/session/b46ccd9c534becdd6e7726f77ed416a2/execute/sync'
15:48:54.009 [AsyncHttpClient-1-2] DEBUG org.asynchttpclient.netty.handler.HttpHandler - 

Request DefaultHttpRequest(decodeResult: success, version: HTTP/1.1)
POST /session/b46ccd9c534becdd6e7726f77ed416a2/execute/sync HTTP/1.1
User-Agent: selenium/4.1.2 (java windows)
Content-Length: 48780
Content-Type: application/json; charset=utf-8
host: localhost:57651
accept: */*

Response DefaultHttpResponse(decodeResult: success, version: HTTP/1.1)
HTTP/1.1 200 OK
Content-Type: application/json; charset=utf-8
cache-control: no-cache
content-length: 14

15:48:54.009 [AsyncHttpClient-1-2] DEBUG org.asynchttpclient.netty.channel.ChannelManager - Adding key: http://localhost:57651 for channel [id: 0xd51d122e, L:/127.0.0.1:53162 - R:localhost/127.0.0.1:57651]
  &amp#27;[32mThen &amp#27;[0m&amp#27;[32mi get my &amp#27;[0m&amp#27;[32m&amp#27;[1m"homepage"&amp#27;[0m&amp#27;[32m after login&amp#27;[0m                        &amp#27;[90m# starter.stepdefinition.loginStep.iGetMyAfterLogin(java.lang.String)&amp#27;[0m
15:48:54.009 [Forwarding screenshot on session b46ccd9c534becdd6e7726f77ed416a2 to remote] DEBUG org.asynchttpclient.netty.request.NettyRequestSender - Using pooled Channel '[id: 0xd51d122e, L:/127.0.0.1:53162 - R:localhost/127.0.0.1:57651]' for 'GET' to 'http://localhost:57651/session/b46ccd9c534becdd6e7726f77ed416a2/screenshot'
15:48:54.009 [Forwarding screenshot on session b46ccd9c534becdd6e7726f77ed416a2 to remote] DEBUG org.asynchttpclient.netty.request.NettyRequestSender - Using open Channel [id: 0xd51d122e, L:/127.0.0.1:53162 - R:localhost/127.0.0.1:57651] for GET '/session/b46ccd9c534becdd6e7726f77ed416a2/screenshot'
15:48:54.138 [AsyncHttpClient-1-2] DEBUG org.asynchttpclient.netty.handler.HttpHandler - 

Request DefaultFullHttpRequest(decodeResult: success, version: HTTP/1.1, content: EmptyByteBufBE)
GET /session/b46ccd9c534becdd6e7726f77ed416a2/screenshot HTTP/1.1
User-Agent: selenium/4.1.2 (java windows)
Cache-Control: no-cache
Content-Type: application/json; charset=utf-8
host: localhost:57651
accept: */*

Response DefaultHttpResponse(decodeResult: success, version: HTTP/1.1)
HTTP/1.1 200 OK
Content-Type: application/json; charset=utf-8
cache-control: no-cache
content-length: 95104

15:48:54.138 [AsyncHttpClient-1-2] DEBUG org.asynchttpclient.netty.channel.ChannelManager - Adding key: http://localhost:57651 for channel [id: 0xd51d122e, L:/127.0.0.1:53162 - R:localhost/127.0.0.1:57651]
15:48:54.138 [main] DEBUG net.serenitybdd.core.photography.Darkroom - Send negative for processing for target\site\serenity\b5685de3684219be51480f427622e0d77a11ccb30df36088cf780db31ff1ac8d.png
15:48:54.138 [Darkroom Processing Line] DEBUG net.serenitybdd.core.photography.DarkroomProcessingLine - Processing screenshot image in /var/screenshots/screenshot-4221996610121880110
15:48:54.138 [Darkroom Processing Line] DEBUG net.serenitybdd.core.photography.DarkroomProcessingLine - Saving screenshot to target\site\serenity\b5685de3684219be51480f427622e0d77a11ccb30df36088cf780db31ff1ac8d.png
15:48:54.248 [Driver Command Executor] DEBUG org.asynchttpclient.netty.request.NettyRequestSender - Using pooled Channel '[id: 0xd51d122e, L:/127.0.0.1:53162 - R:localhost/127.0.0.1:57651]' for 'DELETE' to 'http://localhost:57651/session/b46ccd9c534becdd6e7726f77ed416a2'
15:48:54.248 [Driver Command Executor] DEBUG org.asynchttpclient.netty.request.NettyRequestSender - Using open Channel [id: 0xd51d122e, L:/127.0.0.1:53162 - R:localhost/127.0.0.1:57651] for DELETE '/session/b46ccd9c534becdd6e7726f77ed416a2'
15:48:54.262 [AsyncHttpClient-1-4] DEBUG org.asynchttpclient.netty.handler.WebSocketHandler - Channel Closed: [id: 0x7054093d, L:/127.0.0.1:53171 ! R:localhost/127.0.0.1:53163] with attribute NettyResponseFuture{currentRetry=5,
	isDone=1,
	isCancelled=0,
	asyncHandler=org.asynchttpclient.ws.WebSocketUpgradeHandler@6e05c651,
	nettyRequest=org.asynchttpclient.netty.request.NettyRequest@6ae26991,
	future=java.util.concurrent.CompletableFuture@69bcf7d8[Completed normally],
	uri=ws://localhost:53163/devtools/browser/fa25278c-f138-4108-b8c3-5a2f29cd3ca5,
	keepAlive=true,
	redirectCount=0,
	timeoutsHolder=null,
	inAuth=0,
	touch=1655282920008}
15:48:54.262 [AsyncHttpClient-1-4] DEBUG org.asynchttpclient.netty.channel.ChannelManager - Closing Channel [id: 0x7054093d, L:/127.0.0.1:53171 ! R:localhost/127.0.0.1:53163] 
15:48:54.577 [AsyncHttpClient-1-1] DEBUG org.asynchttpclient.netty.channel.DefaultChannelPool - Entry count for : http://localhost:53163 : 1
15:48:54.943 [AsyncHttpClient-1-3] DEBUG org.asynchttpclient.netty.handler.HttpHandler - Unexpected I/O exception on channel [id: 0xa5f02027, L:/127.0.0.1:53169 - R:localhost/127.0.0.1:53163]
java.net.SocketException: Connection reset
	at java.base/sun.nio.ch.SocketChannelImpl.throwConnectionReset(SocketChannelImpl.java:367)
	at java.base/sun.nio.ch.SocketChannelImpl.read(SocketChannelImpl.java:398)
	at io.netty.buffer.PooledByteBuf.setBytes(PooledByteBuf.java:258)
	at io.netty.buffer.AbstractByteBuf.writeBytes(AbstractByteBuf.java:1132)
	at io.netty.channel.socket.nio.NioSocketChannel.doReadBytes(NioSocketChannel.java:350)
	at io.netty.channel.nio.AbstractNioByteChannel$NioByteUnsafe.read(AbstractNioByteChannel.java:151)
	at io.netty.channel.nio.NioEventLoop.processSelectedKey(NioEventLoop.java:722)
	at io.netty.channel.nio.NioEventLoop.processSelectedKeysOptimized(NioEventLoop.java:658)
	at io.netty.channel.nio.NioEventLoop.processSelectedKeys(NioEventLoop.java:584)
	at io.netty.channel.nio.NioEventLoop.run(NioEventLoop.java:496)
	at io.netty.util.concurrent.SingleThreadEventExecutor$4.run(SingleThreadEventExecutor.java:986)
	at io.netty.util.internal.ThreadExecutorMap$2.run(ThreadExecutorMap.java:74)
	at io.netty.util.concurrent.FastThreadLocalRunnable.run(FastThreadLocalRunnable.java:30)
	at java.base/java.lang.Thread.run(Thread.java:832)
15:48:54.944 [AsyncHttpClient-1-3] DEBUG org.asynchttpclient.netty.channel.ChannelManager - Closing Channel [id: 0xa5f02027, L:/127.0.0.1:53169 - R:localhost/127.0.0.1:53163] 
15:48:54.946 [AsyncHttpClient-1-3] DEBUG org.asynchttpclient.netty.handler.HttpHandler - Channel Closed: [id: 0xa5f02027, L:/127.0.0.1:53169 ! R:localhost/127.0.0.1:53163] with attribute DISCARD
15:48:54.972 [AsyncHttpClient-1-2] DEBUG org.asynchttpclient.netty.handler.HttpHandler - 

Request DefaultFullHttpRequest(decodeResult: success, version: HTTP/1.1, content: EmptyByteBufBE)
DELETE /session/b46ccd9c534becdd6e7726f77ed416a2 HTTP/1.1
User-Agent: selenium/4.1.2 (java windows)
Content-Type: application/json; charset=utf-8
host: localhost:57651
accept: */*

Response DefaultHttpResponse(decodeResult: success, version: HTTP/1.1)
HTTP/1.1 200 OK
Content-Type: application/json; charset=utf-8
cache-control: no-cache
content-length: 14

15:48:54.973 [AsyncHttpClient-1-2] DEBUG org.asynchttpclient.netty.channel.ChannelManager - Adding key: http://localhost:57651 for channel [id: 0xd51d122e, L:/127.0.0.1:53162 - R:localhost/127.0.0.1:57651]
15:48:55.084 [AsyncHttpClient-1-2] DEBUG org.asynchttpclient.netty.handler.HttpHandler - Channel Closed: [id: 0xd51d122e, L:/127.0.0.1:53162 ! R:localhost/127.0.0.1:57651] with attribute DISCARD
15:48:55.610 [main] INFO  - 
  _____   ___   ___   _____     ___     _     ___   ___   ___   ___  
 |_   _| | __| / __| |_   _|   | _ \   /_\   / __| / __| | __| |   \ 
   | |   | _|  \__ \   | |     |  _/  / _ \  \__ \ \__ \ | _|  | |) |
   |_|   |___| |___/   |_|     |_|   /_/ \_\ |___/ |___/ |___| |___/ 

Login scenario
----------------------------------------------------------------------
]]></system-out>
    <system-err><![CDATA[Starting ChromeDriver 102.0.5005.61 (0e59bcc00cc4985ce39ad31c150065f159d95ad3-refs/branch-heads/5005@{#819}) on port 57651
Only local connections are allowed.
Please see https://chromedriver.chromium.org/security-considerations for suggestions on keeping ChromeDriver safe.
ChromeDriver was started successfully.
Jun 15, 2022 3:48:39 PM org.openqa.selenium.remote.ProtocolHandshake createSession
INFO: Detected dialect: W3C
Jun 15, 2022 3:48:40 PM org.openqa.selenium.devtools.CdpVersionFinder findNearestMatch
WARNING: Unable to find an exact match for CDP version 102, so returning the closest version found: a no-op implementation
Jun 15, 2022 3:48:40 PM org.openqa.selenium.devtools.CdpVersionFinder findNearestMatch
INFO: Unable to find CDP implementation matching 102.
Jun 15, 2022 3:48:40 PM org.openqa.selenium.chromium.ChromiumDriver lambda$new$3
WARNING: Unable to find version of CDP to use for . You may need to include a dependency on a specific version of the CDP using something similar to `org.seleniumhq.selenium:selenium-devtools-v86:4.1.2` where the version ("v86") matches the version of the chromium-based browser you're using and the version number of the artifact is the same as Selenium's.
]]></system-err>
  </testcase>
  <testcase name="Login scenario #2" classname="Login" time="30.73">
    <system-out><![CDATA[
@login
Scenario Outline: Login scenario               &amp#27;[90m# src/test/resources/features/login.feature:20&amp#27;[0m
15:48:55.626 [main] INFO io.cucumber.core.plugin.SerenityReporter - Running feature from file:///D:/PERKULIAHAN/Semester%206,Hebatt%20glad!/QE-FGD/Web/src/test/resources/features/login.feature
15:48:55.641 [main] INFO net.serenitybdd.core.webdriver.driverproviders.ChromeDriverProvider - Using automatically driver download
15:48:55.677 [AsyncHttpClient-1-1] DEBUG org.asynchttpclient.netty.channel.DefaultChannelPool - Entry count for : http://localhost:57651 : 1
15:48:55.677 [AsyncHttpClient-1-1] DEBUG org.asynchttpclient.netty.channel.DefaultChannelPool - Entry count for : http://localhost:53163 : 1
15:48:55.677 [AsyncHttpClient-1-1] DEBUG org.asynchttpclient.netty.channel.DefaultChannelPool - Adding Candidate expired Channel [id: 0xd51d122e, L:/127.0.0.1:53162 ! R:localhost/127.0.0.1:57651] isIdleTimeoutExpired=false isRemotelyClosed=true isTtlExpired=false
15:48:55.677 [AsyncHttpClient-1-1] DEBUG org.asynchttpclient.netty.channel.DefaultChannelPool - Closing Idle Channel [id: 0xd51d122e, L:/127.0.0.1:53162 ! R:localhost/127.0.0.1:57651]
15:48:55.677 [AsyncHttpClient-1-1] DEBUG org.asynchttpclient.netty.channel.DefaultChannelPool - Adding Candidate expired Channel [id: 0xa5f02027, L:/127.0.0.1:53169 ! R:localhost/127.0.0.1:53163] isIdleTimeoutExpired=false isRemotelyClosed=true isTtlExpired=false
15:48:55.677 [AsyncHttpClient-1-1] DEBUG org.asynchttpclient.netty.channel.DefaultChannelPool - Closing Idle Channel [id: 0xa5f02027, L:/127.0.0.1:53169 ! R:localhost/127.0.0.1:53163]
15:48:55.677 [AsyncHttpClient-1-1] DEBUG org.asynchttpclient.netty.channel.DefaultChannelPool - Closed 2 connections out of 2 in 0 ms
15:48:55.808 [main] DEBUG io.github.bonigarcia.wdm.cache.ResolutionCache - Resolution chrome=102 in cache (valid until 16:30:12 15/06/2022 WIB)
15:48:55.808 [main] DEBUG io.github.bonigarcia.wdm.cache.ResolutionCache - Resolution chrome102=102.0.5005.61 in cache (valid until 14:29:55 16/06/2022 WIB)
15:48:55.823 [main] INFO io.github.bonigarcia.wdm.WebDriverManager - Using chromedriver 102.0.5005.61 (resolved driver for Chrome 102)
15:48:55.839 [main] DEBUG io.github.bonigarcia.wdm.WebDriverManager - Driver chromedriver 102.0.5005.61 found in cache
15:48:55.839 [main] INFO io.github.bonigarcia.wdm.WebDriverManager - Exporting webdriver.chrome.driver as C:\Users\ASUS\.cache\selenium\chromedriver\win32\102.0.5005.61\chromedriver.exe
15:48:56.023 [main] DEBUG net.serenitybdd.core.webdriver.driverproviders.ProvideNewDriver - Instantiating driver
15:48:56.023 [main] DEBUG net.serenitybdd.core.webdriver.driverproviders.ProvideNewDriver - Driver capabilities: Capabilities {acceptInsecureCerts: false, base.url: , browserName: chrome, goog:chromeOptions: {args: [], extensions: []}}
15:48:56.539 [AsyncHttpClient-1-5] DEBUG org.asynchttpclient.netty.channel.NettyConnectListener - Using new Channel '[id: 0x62330db7, L:/127.0.0.1:53194 - R:localhost/127.0.0.1:64740]' for 'POST' to '/session'
15:48:57.773 [AsyncHttpClient-1-5] DEBUG org.asynchttpclient.netty.handler.HttpHandler - 

Request DefaultHttpRequest(decodeResult: success, version: HTTP/1.1)
POST /session HTTP/1.1
User-Agent: selenium/4.1.2 (java windows)
Content-Length: 457
Content-Type: application/json; charset=utf-8
host: localhost:64740
accept: */*

[...]

15:50:34.996 [AsyncHttpClient-1-4] DEBUG org.asynchttpclient.netty.channel.ChannelManager - Adding key: http://localhost:56880 for channel [id: 0x0dc2294f, L:/127.0.0.1:53354 - R:localhost/127.0.0.1:56880]
15:50:34.998 [Forwarding isElementEnabled on session 4cd6a8860dccd862faa9ad674461b7f7 to remote] DEBUG org.asynchttpclient.netty.request.NettyRequestSender - Using pooled Channel '[id: 0x0dc2294f, L:/127.0.0.1:53354 - R:localhost/127.0.0.1:56880]' for 'GET' to 'http://localhost:56880/session/4cd6a8860dccd862faa9ad674461b7f7/element/a7b6e350-9de1-4cd6-ab2b-62deaa18a98c/enabled'
15:50:34.998 [Forwarding isElementEnabled on session 4cd6a8860dccd862faa9ad674461b7f7 to remote] DEBUG org.asynchttpclient.netty.request.NettyRequestSender - Using open Channel [id: 0x0dc2294f, L:/127.0.0.1:53354 - R:localhost/127.0.0.1:56880] for GET '/session/4cd6a8860dccd862faa9ad674461b7f7/element/a7b6e350-9de1-4cd6-ab2b-62deaa18a98c/enabled'
15:50:35.008 [AsyncHttpClient-1-4] DEBUG org.asynchttpclient.netty.handler.HttpHandler - 

Request DefaultFullHttpRequest(decodeResult: success, version: HTTP/1.1, content: EmptyByteBufBE)
GET /session/4cd6a8860dccd862faa9ad674461b7f7/element/a7b6e350-9de1-4cd6-ab2b-62deaa18a98c/enabled HTTP/1.1
User-Agent: selenium/4.1.2 (java windows)
Cache-Control: no-cache
Content-Type: application/json; charset=utf-8
host: localhost:56880
accept: */*

Response DefaultHttpResponse(decodeResult: success, version: HTTP/1.1)
HTTP/1.1 200 OK
Content-Type: application/json; charset=utf-8
cache-control: no-cache
content-length: 14

15:50:35.008 [AsyncHttpClient-1-4] DEBUG org.asynchttpclient.netty.channel.ChannelManager - Adding key: http://localhost:56880 for channel [id: 0x0dc2294f, L:/127.0.0.1:53354 - R:localhost/127.0.0.1:56880]
15:50:35.010 [Forwarding isElementEnabled on session 4cd6a8860dccd862faa9ad674461b7f7 to remote] DEBUG org.asynchttpclient.netty.request.NettyRequestSender - Using pooled Channel '[id: 0x0dc2294f, L:/127.0.0.1:53354 - R:localhost/127.0.0.1:56880]' for 'GET' to 'http://localhost:56880/session/4cd6a8860dccd862faa9ad674461b7f7/element/a7b6e350-9de1-4cd6-ab2b-62deaa18a98c/enabled'
15:50:35.010 [Forwarding isElementEnabled on session 4cd6a8860dccd862faa9ad674461b7f7 to remote] DEBUG org.asynchttpclient.netty.request.NettyRequestSender - Using open Channel [id: 0x0dc2294f, L:/127.0.0.1:53354 - R:localhost/127.0.0.1:56880] for GET '/session/4cd6a8860dccd862faa9ad674461b7f7/element/a7b6e350-9de1-4cd6-ab2b-62deaa18a98c/enabled'
15:50:35.015 [AsyncHttpClient-1-4] DEBUG org.asynchttpclient.netty.handler.HttpHandler - 

Request DefaultFullHttpRequest(decodeResult: success, version: HTTP/1.1, content: EmptyByteBufBE)
GET /session/4cd6a8860dccd862faa9ad674461b7f7/element/a7b6e350-9de1-4cd6-ab2b-62deaa18a98c/enabled HTTP/1.1
User-Agent: selenium/4.1.2 (java windows)
Cache-Control: no-cache
Content-Type: application/json; charset=utf-8
host: localhost:56880
accept: */*

Response DefaultHttpResponse(decodeResult: success, version: HTTP/1.1)
HTTP/1.1 200 OK
Content-Type: application/json; charset=utf-8
cache-control: no-cache
content-length: 14

15:50:35.016 [AsyncHttpClient-1-4] DEBUG org.asynchttpclient.netty.channel.ChannelManager - Adding key: http://localhost:56880 for channel [id: 0x0dc2294f, L:/127.0.0.1:53354 - R:localhost/127.0.0.1:56880]
15:50:35.018 [Forwarding findElement on session 4cd6a8860dccd862faa9ad674461b7f7 to remote] DEBUG org.asynchttpclient.netty.request.NettyRequestSender - Using pooled Channel '[id: 0x0dc2294f, L:/127.0.0.1:53354 - R:localhost/127.0.0.1:56880]' for 'POST' to 'http://localhost:56880/session/4cd6a8860dccd862faa9ad674461b7f7/element'
15:50:35.018 [Forwarding findElement on session 4cd6a8860dccd862faa9ad674461b7f7 to remote] DEBUG org.asynchttpclient.netty.request.NettyRequestSender - Using open Channel [id: 0x0dc2294f, L:/127.0.0.1:53354 - R:localhost/127.0.0.1:56880] for POST '/session/4cd6a8860dccd862faa9ad674461b7f7/element'
15:50:35.025 [AsyncHttpClient-1-4] DEBUG org.asynchttpclient.netty.handler.HttpHandler - 

Request DefaultHttpRequest(decodeResult: success, version: HTTP/1.1)
POST /session/4cd6a8860dccd862faa9ad674461b7f7/element HTTP/1.1
User-Agent: selenium/4.1.2 (java windows)
Content-Length: 53
Content-Type: application/json; charset=utf-8
host: localhost:56880
accept: */*

Response DefaultHttpResponse(decodeResult: success, version: HTTP/1.1)
HTTP/1.1 200 OK
Content-Type: application/json; charset=utf-8
cache-control: no-cache
content-length: 88

15:50:35.026 [AsyncHttpClient-1-4] DEBUG org.asynchttpclient.netty.channel.ChannelManager - Adding key: http://localhost:56880 for channel [id: 0x0dc2294f, L:/127.0.0.1:53354 - R:localhost/127.0.0.1:56880]
15:50:35.027 [Forwarding clickElement on session 4cd6a8860dccd862faa9ad674461b7f7 to remote] DEBUG org.asynchttpclient.netty.request.NettyRequestSender - Using pooled Channel '[id: 0x0dc2294f, L:/127.0.0.1:53354 - R:localhost/127.0.0.1:56880]' for 'POST' to 'http://localhost:56880/session/4cd6a8860dccd862faa9ad674461b7f7/element/a7b6e350-9de1-4cd6-ab2b-62deaa18a98c/click'
15:50:35.027 [Forwarding clickElement on session 4cd6a8860dccd862faa9ad674461b7f7 to remote] DEBUG org.asynchttpclient.netty.request.NettyRequestSender - Using open Channel [id: 0x0dc2294f, L:/127.0.0.1:53354 - R:localhost/127.0.0.1:56880] for POST '/session/4cd6a8860dccd862faa9ad674461b7f7/element/a7b6e350-9de1-4cd6-ab2b-62deaa18a98c/click'
15:50:35.066 [AsyncHttpClient-1-4] DEBUG org.asynchttpclient.netty.handler.HttpHandler - 

Request DefaultHttpRequest(decodeResult: success, version: HTTP/1.1)
POST /session/4cd6a8860dccd862faa9ad674461b7f7/element/a7b6e350-9de1-4cd6-ab2b-62deaa18a98c/click HTTP/1.1
User-Agent: selenium/4.1.2 (java windows)
Content-Length: 50
Content-Type: application/json; charset=utf-8
host: localhost:56880
accept: */*

Response DefaultHttpResponse(decodeResult: success, version: HTTP/1.1)
HTTP/1.1 200 OK
Content-Type: application/json; charset=utf-8
cache-control: no-cache
content-length: 14

15:50:35.066 [AsyncHttpClient-1-4] DEBUG org.asynchttpclient.netty.channel.ChannelManager - Adding key: http://localhost:56880 for channel [id: 0x0dc2294f, L:/127.0.0.1:53354 - R:localhost/127.0.0.1:56880]
  &amp#27;[32mAnd &amp#27;[0m&amp#27;[32mi click continue button for login&amp#27;[0m                      &amp#27;[90m# starter.stepdefinition.loginStep.iClickContinueButtonForLogin()&amp#27;[0m
15:50:35.073 [Forwarding screenshot on session 4cd6a8860dccd862faa9ad674461b7f7 to remote] DEBUG org.asynchttpclient.netty.request.NettyRequestSender - Using pooled Channel '[id: 0x0dc2294f, L:/127.0.0.1:53354 - R:localhost/127.0.0.1:56880]' for 'GET' to 'http://localhost:56880/session/4cd6a8860dccd862faa9ad674461b7f7/screenshot'
15:50:35.074 [Forwarding screenshot on session 4cd6a8860dccd862faa9ad674461b7f7 to remote] DEBUG org.asynchttpclient.netty.request.NettyRequestSender - Using open Channel [id: 0x0dc2294f, L:/127.0.0.1:53354 - R:localhost/127.0.0.1:56880] for GET '/session/4cd6a8860dccd862faa9ad674461b7f7/screenshot'
15:50:35.292 [AsyncHttpClient-1-4] DEBUG org.asynchttpclient.netty.handler.HttpHandler - 

Request DefaultFullHttpRequest(decodeResult: success, version: HTTP/1.1, content: EmptyByteBufBE)
GET /session/4cd6a8860dccd862faa9ad674461b7f7/screenshot HTTP/1.1
User-Agent: selenium/4.1.2 (java windows)
Cache-Control: no-cache
Content-Type: application/json; charset=utf-8
host: localhost:56880
accept: */*

Response DefaultHttpResponse(decodeResult: success, version: HTTP/1.1)
HTTP/1.1 200 OK
Content-Type: application/json; charset=utf-8
cache-control: no-cache
content-length: 191628

15:50:35.292 [AsyncHttpClient-1-4] DEBUG org.asynchttpclient.netty.channel.ChannelManager - Adding key: http://localhost:56880 for channel [id: 0x0dc2294f, L:/127.0.0.1:53354 - R:localhost/127.0.0.1:56880]
15:50:35.292 [main] DEBUG net.serenitybdd.core.photography.Darkroom - Send negative for processing for target\site\serenity\ea427a40633b72b86e167006297987a00e6e2baaecdf1ebe8a0aa7924ba9a9e6.png
15:50:35.292 [Darkroom Processing Line] DEBUG net.serenitybdd.core.photography.DarkroomProcessingLine - Processing screenshot image in /var/screenshots/screenshot-8302405951086311075
15:50:35.292 [Darkroom Processing Line] DEBUG net.serenitybdd.core.photography.DarkroomProcessingLine - Saving screenshot to target\site\serenity\ea427a40633b72b86e167006297987a00e6e2baaecdf1ebe8a0aa7924ba9a9e6.png
15:50:35.777 [AsyncHttpClient-1-1] DEBUG org.asynchttpclient.netty.channel.DefaultChannelPool - Entry count for : http://localhost:56880 : 1
15:50:35.777 [AsyncHttpClient-1-1] DEBUG org.asynchttpclient.netty.channel.DefaultChannelPool - Entry count for : http://localhost:53355 : 1
15:50:36.313 [Forwarding findElement on session 4cd6a8860dccd862faa9ad674461b7f7 to remote] DEBUG org.asynchttpclient.netty.request.NettyRequestSender - Using pooled Channel '[id: 0x0dc2294f, L:/127.0.0.1:53354 - R:localhost/127.0.0.1:56880]' for 'POST' to 'http://localhost:56880/session/4cd6a8860dccd862faa9ad674461b7f7/element'
15:50:36.313 [Forwarding findElement on session 4cd6a8860dccd862faa9ad674461b7f7 to remote] DEBUG org.asynchttpclient.netty.request.NettyRequestSender - Using open Channel [id: 0x0dc2294f, L:/127.0.0.1:53354 - R:localhost/127.0.0.1:56880] for POST '/session/4cd6a8860dccd862faa9ad674461b7f7/element'
15:50:36.324 [AsyncHttpClient-1-4] DEBUG org.asynchttpclient.netty.handler.HttpHandler - 

Request DefaultHttpRequest(decodeResult: success, version: HTTP/1.1)
POST /session/4cd6a8860dccd862faa9ad674461b7f7/element HTTP/1.1
User-Agent: selenium/4.1.2 (java windows)
Content-Length: 58
Content-Type: application/json; charset=utf-8
host: localhost:56880
accept: */*

Response DefaultHttpResponse(decodeResult: success, version: HTTP/1.1)
HTTP/1.1 200 OK
Content-Type: application/json; charset=utf-8
cache-control: no-cache
content-length: 88

15:50:36.324 [AsyncHttpClient-1-4] DEBUG org.asynchttpclient.netty.channel.ChannelManager - Adding key: http://localhost:56880 for channel [id: 0x0dc2294f, L:/127.0.0.1:53354 - R:localhost/127.0.0.1:56880]
15:50:36.329 [Forwarding isElementDisplayed on session 4cd6a8860dccd862faa9ad674461b7f7 to remote] DEBUG org.asynchttpclient.netty.request.NettyRequestSender - Using pooled Channel '[id: 0x0dc2294f, L:/127.0.0.1:53354 - R:localhost/127.0.0.1:56880]' for 'POST' to 'http://localhost:56880/session/4cd6a8860dccd862faa9ad674461b7f7/execute/sync'
15:50:36.329 [Forwarding isElementDisplayed on session 4cd6a8860dccd862faa9ad674461b7f7 to remote] DEBUG org.asynchttpclient.netty.request.NettyRequestSender - Using open Channel [id: 0x0dc2294f, L:/127.0.0.1:53354 - R:localhost/127.0.0.1:56880] for POST '/session/4cd6a8860dccd862faa9ad674461b7f7/execute/sync'
15:50:36.342 [AsyncHttpClient-1-4] DEBUG org.asynchttpclient.netty.handler.HttpHandler - 

Request DefaultHttpRequest(decodeResult: success, version: HTTP/1.1)
POST /session/4cd6a8860dccd862faa9ad674461b7f7/execute/sync HTTP/1.1
User-Agent: selenium/4.1.2 (java windows)
Content-Length: 48780
Content-Type: application/json; charset=utf-8
host: localhost:56880
accept: */*

Response DefaultHttpResponse(decodeResult: success, version: HTTP/1.1)
HTTP/1.1 200 OK
Content-Type: application/json; charset=utf-8
cache-control: no-cache
content-length: 14

15:50:36.343 [AsyncHttpClient-1-4] DEBUG org.asynchttpclient.netty.channel.ChannelManager - Adding key: http://localhost:56880 for channel [id: 0x0dc2294f, L:/127.0.0.1:53354 - R:localhost/127.0.0.1:56880]
  &amp#27;[32mThen &amp#27;[0m&amp#27;[32mi get my &amp#27;[0m&amp#27;[32m&amp#27;[1m"invalid email or password"&amp#27;[0m&amp#27;[32m after login&amp#27;[0m      &amp#27;[90m# starter.stepdefinition.loginStep.iGetMyAfterLogin(java.lang.String)&amp#27;[0m
15:50:36.348 [Forwarding screenshot on session 4cd6a8860dccd862faa9ad674461b7f7 to remote] DEBUG org.asynchttpclient.netty.request.NettyRequestSender - Using pooled Channel '[id: 0x0dc2294f, L:/127.0.0.1:53354 - R:localhost/127.0.0.1:56880]' for 'GET' to 'http://localhost:56880/session/4cd6a8860dccd862faa9ad674461b7f7/screenshot'
15:50:36.348 [Forwarding screenshot on session 4cd6a8860dccd862faa9ad674461b7f7 to remote] DEBUG org.asynchttpclient.netty.request.NettyRequestSender - Using open Channel [id: 0x0dc2294f, L:/127.0.0.1:53354 - R:localhost/127.0.0.1:56880] for GET '/session/4cd6a8860dccd862faa9ad674461b7f7/screenshot'
15:50:36.508 [AsyncHttpClient-1-4] DEBUG org.asynchttpclient.netty.handler.HttpHandler - 

Request DefaultFullHttpRequest(decodeResult: success, version: HTTP/1.1, content: EmptyByteBufBE)
GET /session/4cd6a8860dccd862faa9ad674461b7f7/screenshot HTTP/1.1
User-Agent: selenium/4.1.2 (java windows)
Cache-Control: no-cache
Content-Type: application/json; charset=utf-8
host: localhost:56880
accept: */*

Response DefaultHttpResponse(decodeResult: success, version: HTTP/1.1)
HTTP/1.1 200 OK
Content-Type: application/json; charset=utf-8
cache-control: no-cache
content-length: 95104

15:50:36.508 [AsyncHttpClient-1-4] DEBUG org.asynchttpclient.netty.channel.ChannelManager - Adding key: http://localhost:56880 for channel [id: 0x0dc2294f, L:/127.0.0.1:53354 - R:localhost/127.0.0.1:56880]
15:50:36.508 [main] DEBUG net.serenitybdd.core.photography.Darkroom - Send negative for processing for target\site\serenity\b5685de3684219be51480f427622e0d77a11ccb30df36088cf780db31ff1ac8d.png
15:50:36.508 [AsyncHttpClient-1-6] DEBUG org.asynchttpclient.netty.handler.WebSocketHandler - Channel Closed: [id: 0x3f15bae8, L:/127.0.0.1:53362 ! R:localhost/127.0.0.1:53355] with attribute NettyResponseFuture{currentRetry=5,
	isDone=1,
	isCancelled=0,
	asyncHandler=org.asynchttpclient.ws.WebSocketUpgradeHandler@2fe708b3,
	nettyRequest=org.asynchttpclient.netty.request.NettyRequest@3a67a13d,
	future=java.util.concurrent.CompletableFuture@574c1ccd[Completed normally],
	uri=ws://localhost:53355/devtools/browser/0f998eb4-b4f8-4a89-b61f-df0a814e7b76,
	keepAlive=true,
	redirectCount=0,
	timeoutsHolder=null,
	inAuth=0,
	touch=1655283019833}
15:50:36.508 [AsyncHttpClient-1-6] DEBUG org.asynchttpclient.netty.channel.ChannelManager - Closing Channel [id: 0x3f15bae8, L:/127.0.0.1:53362 ! R:localhost/127.0.0.1:53355] 
15:50:36.508 [Driver Command Executor] DEBUG org.asynchttpclient.netty.request.NettyRequestSender - Using pooled Channel '[id: 0x0dc2294f, L:/127.0.0.1:53354 - R:localhost/127.0.0.1:56880]' for 'DELETE' to 'http://localhost:56880/session/4cd6a8860dccd862faa9ad674461b7f7'
15:50:36.508 [Driver Command Executor] DEBUG org.asynchttpclient.netty.request.NettyRequestSender - Using open Channel [id: 0x0dc2294f, L:/127.0.0.1:53354 - R:localhost/127.0.0.1:56880] for DELETE '/session/4cd6a8860dccd862faa9ad674461b7f7'
15:50:36.569 [AsyncHttpClient-1-5] DEBUG org.asynchttpclient.netty.handler.HttpHandler - Unexpected I/O exception on channel [id: 0x1739e71f, L:/127.0.0.1:53361 - R:localhost/127.0.0.1:53355]
java.net.SocketException: Connection reset
	at java.base/sun.nio.ch.SocketChannelImpl.throwConnectionReset(SocketChannelImpl.java:367)
	at java.base/sun.nio.ch.SocketChannelImpl.read(SocketChannelImpl.java:398)
	at io.netty.buffer.PooledByteBuf.setBytes(PooledByteBuf.java:258)
	at io.netty.buffer.AbstractByteBuf.writeBytes(AbstractByteBuf.java:1132)
	at io.netty.channel.socket.nio.NioSocketChannel.doReadBytes(NioSocketChannel.java:350)
	at io.netty.channel.nio.AbstractNioByteChannel$NioByteUnsafe.read(AbstractNioByteChannel.java:151)
	at io.netty.channel.nio.NioEventLoop.processSelectedKey(NioEventLoop.java:722)
	at io.netty.channel.nio.NioEventLoop.processSelectedKeysOptimized(NioEventLoop.java:658)
	at io.netty.channel.nio.NioEventLoop.processSelectedKeys(NioEventLoop.java:584)
	at io.netty.channel.nio.NioEventLoop.run(NioEventLoop.java:496)
	at io.netty.util.concurrent.SingleThreadEventExecutor$4.run(SingleThreadEventExecutor.java:986)
	at io.netty.util.internal.ThreadExecutorMap$2.run(ThreadExecutorMap.java:74)
	at io.netty.util.concurrent.FastThreadLocalRunnable.run(FastThreadLocalRunnable.java:30)
	at java.base/java.lang.Thread.run(Thread.java:832)
15:50:36.570 [AsyncHttpClient-1-5] DEBUG org.asynchttpclient.netty.channel.ChannelManager - Closing Channel [id: 0x1739e71f, L:/127.0.0.1:53361 - R:localhost/127.0.0.1:53355] 
15:50:36.570 [AsyncHttpClient-1-5] DEBUG org.asynchttpclient.netty.handler.HttpHandler - Channel Closed: [id: 0x1739e71f, L:/127.0.0.1:53361 ! R:localhost/127.0.0.1:53355] with attribute DISCARD
15:50:36.573 [AsyncHttpClient-1-4] DEBUG org.asynchttpclient.netty.handler.HttpHandler - 

Request DefaultFullHttpRequest(decodeResult: success, version: HTTP/1.1, content: EmptyByteBufBE)
DELETE /session/4cd6a8860dccd862faa9ad674461b7f7 HTTP/1.1
User-Agent: selenium/4.1.2 (java windows)
Content-Type: application/json; charset=utf-8
host: localhost:56880
accept: */*

Response DefaultHttpResponse(decodeResult: success, version: HTTP/1.1)
HTTP/1.1 200 OK
Content-Type: application/json; charset=utf-8
cache-control: no-cache
content-length: 14

15:50:36.573 [AsyncHttpClient-1-4] DEBUG org.asynchttpclient.netty.channel.ChannelManager - Adding key: http://localhost:56880 for channel [id: 0x0dc2294f, L:/127.0.0.1:53354 - R:localhost/127.0.0.1:56880]
15:50:36.683 [AsyncHttpClient-1-4] DEBUG org.asynchttpclient.netty.handler.HttpHandler - Channel Closed: [id: 0x0dc2294f, L:/127.0.0.1:53354 ! R:localhost/127.0.0.1:56880] with attribute DISCARD
15:50:36.877 [AsyncHttpClient-1-1] DEBUG org.asynchttpclient.netty.channel.DefaultChannelPool - Entry count for : http://localhost:56880 : 1
15:50:36.877 [AsyncHttpClient-1-1] DEBUG org.asynchttpclient.netty.channel.DefaultChannelPool - Entry count for : http://localhost:53355 : 1
15:50:36.877 [AsyncHttpClient-1-1] DEBUG org.asynchttpclient.netty.channel.DefaultChannelPool - Adding Candidate expired Channel [id: 0x0dc2294f, L:/127.0.0.1:53354 ! R:localhost/127.0.0.1:56880] isIdleTimeoutExpired=false isRemotelyClosed=true isTtlExpired=false
15:50:36.877 [AsyncHttpClient-1-1] DEBUG org.asynchttpclient.netty.channel.DefaultChannelPool - Closing Idle Channel [id: 0x0dc2294f, L:/127.0.0.1:53354 ! R:localhost/127.0.0.1:56880]
15:50:36.877 [AsyncHttpClient-1-1] DEBUG org.asynchttpclient.netty.channel.DefaultChannelPool - Adding Candidate expired Channel [id: 0x1739e71f, L:/127.0.0.1:53361 ! R:localhost/127.0.0.1:53355] isIdleTimeoutExpired=false isRemotelyClosed=true isTtlExpired=false
15:50:36.877 [AsyncHttpClient-1-1] DEBUG org.asynchttpclient.netty.channel.DefaultChannelPool - Closing Idle Channel [id: 0x1739e71f, L:/127.0.0.1:53361 ! R:localhost/127.0.0.1:53355]
15:50:36.877 [AsyncHttpClient-1-1] DEBUG org.asynchttpclient.netty.channel.DefaultChannelPool - Closed 2 connections out of 2 in 0 ms
]]></system-out>
    <system-err><![CDATA[Starting ChromeDriver 102.0.5005.61 (0e59bcc00cc4985ce39ad31c150065f159d95ad3-refs/branch-heads/5005@{#819}) on port 56880
Only local connections are allowed.
Please see https://chromedriver.chromium.org/security-considerations for suggestions on keeping ChromeDriver safe.
ChromeDriver was started successfully.
Jun 15, 2022 3:50:19 PM org.openqa.selenium.remote.ProtocolHandshake createSession
INFO: Detected dialect: W3C
Jun 15, 2022 3:50:19 PM org.openqa.selenium.devtools.CdpVersionFinder findNearestMatch
WARNING: Unable to find an exact match for CDP version 102, so returning the closest version found: a no-op implementation
Jun 15, 2022 3:50:19 PM org.openqa.selenium.devtools.CdpVersionFinder findNearestMatch
INFO: Unable to find CDP implementation matching 102.
Jun 15, 2022 3:50:19 PM org.openqa.selenium.chromium.ChromiumDriver lambda$new$3
WARNING: Unable to find version of CDP to use for . You may need to include a dependency on a specific version of the CDP using something similar to `org.seleniumhq.selenium:selenium-devtools-v86:4.1.2` where the version ("v86") matches the version of the chromium-based browser you're using and the version number of the artifact is the same as Selenium's.
]]></system-err>
  </testcase>
</testsuite>