<?xml version="1.0" encoding="UTF-8"?><testsuite errors="0" failures="0" name="user" skipped="0" tests="9" time="12.99" timestamp="2022-07-21 04:02:09"><testcase name="GET - As a user i have to be able to get all user"/><testcase name="GET - As a user i cannot get all user without token"/><testcase name="GET - AS a user i want to get a user detail"/><testcase name="GET - As a user i cannot to get a user detail without token"/><testcase name="POST - As a user i cannot use post method to get detail user"/><testcase name="PUT - As a user i can update my profile"/></testsuite>