-------------------------------------------------------------------------------
Test set: Report Comment
-------------------------------------------------------------------------------
Tests run: 3, Failures: 1, Errors: 0, Skipped: 0, Time elapsed: 10.351 s <<< FAILURE! - in Report Comment
Report Comment.POST - As a user i am able to report Comment #1  Time elapsed: 8.31 s  <<< FAILURE!
java.lang.AssertionError: 
1 expectation failed.
JSON path data.comment.users.id doesn't match.
Expected: <68>
  Actual: <52>


