-------------------------------------------------------------------------------
Test set: Save Thread
-------------------------------------------------------------------------------
Tests run: 3, Failures: 0, Errors: 1, Skipped: 0, Time elapsed: 9.116 s <<< FAILURE! - in Save Thread
Save Thread.POST - As a user i am able to save a thread #1  Time elapsed: 6.84 s  <<< ERROR!
net.serenitybdd.core.exceptions.SerenityManagedException: 
1 expectation failed.
Expected status code <200> but was <400>.


