<?xml version="1.0" encoding="UTF-8" standalone="no"?><testsuite errors="1" failures="0" name="Logout" skipped="0" tests="1" time="22.85" timestamp="2022-06-19 10:15:05"><testcase name="Logout scenario"><error message="element click intercepted: Element is not clickable at point (110, 546)&#10;  (Session info: chrome=102.0.5005.115)&#10;Build info: version: '4.1.2', revision: '9a5a329c5a'&#10;System info: host: 'DESKTOP-01SKV80', ip: '192.168.100.9', os.name: 'Windows 10', os.arch: 'amd64', os.version: '10.0', java.version: '15.0.2'&#10;Driver info: org.openqa.selenium.chrome.ChromeDriver&#10;Command: [024477f65ceb2bcef1397164ee7e8c21, clickElement {id=dda707d5-6b2d-41c6-9017-80e2d5ec230d}]&#10;Capabilities {acceptInsecureCerts: false, browserName: chrome, browserVersion: 102.0.5005.115, chrome: {chromedriverVersion: 102.0.5005.61 (0e59bcc00cc4..., userDataDir: C:\Users\ASUS\AppData\Local...}, goog:chromeOptions: {debuggerAddress: localhost:64395}, javascriptEnabled: true, networkConnectionEnabled: false, pageLoadStrategy: normal, platform: WINDOWS, platformName: WINDOWS, proxy: Proxy(), se:cdp: ws://localhost:64395/devtoo..., se:cdpVersion: 102.0.5005.115, setWindowRect: true, strictFileInteractability: false, timeouts: {implicit: 0, pageLoad: 300000, script: 30000}, unhandledPromptBehavior: dismiss and notify, webauthn:extension:credBlob: true, webauthn:extension:largeBlob: true, webauthn:virtualAuthenticators: true}&#10;Element: [[ChromeDriver: chrome on WINDOWS (024477f65ceb2bcef1397164ee7e8c21)] -&gt; xpath: //*[@value=&quot;Logout&quot;]]&#10;Session ID: 024477f65ceb2bcef1397164ee7e8c21&#10;Build info: version: '4.1.2', revision: '9a5a329c5a'&#10;System info: host: 'DESKTOP-01SKV80', ip: '192.168.100.9', os.name: 'Windows 10', os.arch: 'amd64', os.version: '10.0', java.version: '15.0.2'&#10;Driver info: driver.version: unknown" type="org.openqa.selenium.ElementClickInterceptedException">element click intercepted: Element is not clickable at point (110, 546)
  (Session info: chrome=102.0.5005.115)
Build info: version: '4.1.2', revision: '9a5a329c5a'
System info: host: 'DESKTOP-01SKV80', ip: '192.168.100.9', os.name: 'Windows 10', os.arch: 'amd64', os.version: '10.0', java.version: '15.0.2'
Driver info: org.openqa.selenium.chrome.ChromeDriver
Command: [024477f65ceb2bcef1397164ee7e8c21, clickElement {id=dda707d5-6b2d-41c6-9017-80e2d5ec230d}]
Capabilities {acceptInsecureCerts: false, browserName: chrome, browserVersion: 102.0.5005.115, chrome: {chromedriverVersion: 102.0.5005.61 (0e59bcc00cc4..., userDataDir: C:\Users\ASUS\AppData\Local...}, goog:chromeOptions: {debuggerAddress: localhost:64395}, javascriptEnabled: true, networkConnectionEnabled: false, pageLoadStrategy: normal, platform: WINDOWS, platformName: WINDOWS, proxy: Proxy(), se:cdp: ws://localhost:64395/devtoo..., se:cdpVersion: 102.0.5005.115, setWindowRect: true, strictFileInteractability: false, timeouts: {implicit: 0, pageLoad: 300000, script: 30000}, unhandledPromptBehavior: dismiss and notify, webauthn:extension:credBlob: true, webauthn:extension:largeBlob: true, webauthn:virtualAuthenticators: true}
Element: [[ChromeDriver: chrome on WINDOWS (024477f65ceb2bcef1397164ee7e8c21)] -&gt; xpath: //*[@value="Logout"]]
Session ID: 024477f65ceb2bcef1397164ee7e8c21
Build info: version: '4.1.2', revision: '9a5a329c5a'
System info: host: 'DESKTOP-01SKV80', ip: '192.168.100.9', os.name: 'Windows 10', os.arch: 'amd64', os.version: '10.0', java.version: '15.0.2'
Driver info: driver.version: unknown</error><system-err>element click intercepted: Element is not clickable at point (110, 546)
  (Session info: chrome=102.0.5005.115)
Build info: version: '4.1.2', revision: '9a5a329c5a'
System info: host: 'DESKTOP-01SKV80', ip: '192.168.100.9', os.name: 'Windows 10', os.arch: 'amd64', os.version: '10.0', java.version: '15.0.2'
Driver info: org.openqa.selenium.chrome.ChromeDriver
Command: [024477f65ceb2bcef1397164ee7e8c21, clickElement {id=dda707d5-6b2d-41c6-9017-80e2d5ec230d}]
Capabilities {acceptInsecureCerts: false, browserName: chrome, browserVersion: 102.0.5005.115, chrome: {chromedriverVersion: 102.0.5005.61 (0e59bcc00cc4..., userDataDir: C:\Users\ASUS\AppData\Local...}, goog:chromeOptions: {debuggerAddress: localhost:64395}, javascriptEnabled: true, networkConnectionEnabled: false, pageLoadStrategy: normal, platform: WINDOWS, platformName: WINDOWS, proxy: Proxy(), se:cdp: ws://localhost:64395/devtoo..., se:cdpVersion: 102.0.5005.115, setWindowRect: true, strictFileInteractability: false, timeouts: {implicit: 0, pageLoad: 300000, script: 30000}, unhandledPromptBehavior: dismiss and notify, webauthn:extension:credBlob: true, webauthn:extension:largeBlob: true, webauthn:virtualAuthenticators: true}
Element: [[ChromeDriver: chrome on WINDOWS (024477f65ceb2bcef1397164ee7e8c21)] -&gt; xpath: //*[@value="Logout"]]
Session ID: 024477f65ceb2bcef1397164ee7e8c21
Build info: version: '4.1.2', revision: '9a5a329c5a'
System info: host: 'DESKTOP-01SKV80', ip: '192.168.100.9', os.name: 'Windows 10', os.arch: 'amd64', os.version: '10.0', java.version: '15.0.2'
Driver info: driver.version: unknown&#13;
Web.FGD@1.0-SNAPSHOT/starter.pages.HomePage.clickLogoutButton(HomePage.java:36)&#13;
Web.FGD@1.0-SNAPSHOT/starter.stepdefinition.logoutSteps.iClickLogout(logoutSteps.java:32)&#13;
✽.i click logout(file:///D:/PERKULIAHAN/Semester%206,Hebatt%20glad!/QE-FGD/Web/src/test/resources/features/logout.feature:10)&#13;
</system-err></testcase></testsuite>