<?xml version="1.0" encoding="UTF-8"?>
<testsuite xmlns:xsi="http://www.w3.org/2001/XMLSchema-instance" xsi:noNamespaceSchemaLocation="https://maven.apache.org/surefire/maven-failsafe-plugin/xsd/failsafe-test-report-3.0.xsd" version="3.0" name="cucumberTestSuite" time="27.492" tests="1" errors="0" skipped="0" failures="0">
  <properties>
[...]
</properties>
  <testcase name="Registration scenario" classname="Registration" time="22.305">
    <system-out><![CDATA[21:25:35.888 [main] INFO io.cucumber.core.plugin.SerenityReporter - Running feature from file:///D:/PERKULIAHAN/Semester%206,Hebatt%20glad!/QE-FGD/Automation-test-Website%20-%20Copy/src/test/resources/features/register.feature
21:25:36.091 [main] INFO  - 

-------------------------------------------------------------------------------------
     _______. _______ .______       _______ .__   __.  __  .___________.____    ____ 
    /       ||   ____||   _  \     |   ____||  \ |  | |  | |           |\   \  /   / 
   |   (----`|  |__   |  |_)  |    |  |__   |   \|  | |  | `---|  |----` \   \/   /  
    \   \    |   __|  |      /     |   __|  |  . `  | |  |     |  |       \_    _/   
.----)   |   |  |____ |  |\  \----.|  |____ |  |\   | |  |     |  |         |  |     
|_______/    |_______|| _| `._____||_______||__| \__| |__|     |__|         |__|    
                                                                                     
 News and tutorials at http://www.serenity-bdd.info                                  
 Documentation at https://wakaleo.gitbooks.io/the-serenity-book/content/             
 Join the Serenity Community on Gitter: https://gitter.im/serenity-bdd/serenity-core 
 Serenity BDD Support and Training at http://serenity-bdd.info/#/trainingandsupport  
-------------------------------------------------------------------------------------

21:25:36.091 [main] DEBUG net.thucydides.core.steps.StepEventBus - Test suite started for story net.thucydides.core.model.Story@9f729512
21:25:36.091 [main] INFO  - Test Suite Started: Registration
21:25:36.122 [main] INFO io.cucumber.core.plugin.SerenityReporter - Running feature from file:///D:/PERKULIAHAN/Semester%206,Hebatt%20glad!/QE-FGD/Automation-test-Website%20-%20Copy/src/test/resources/features/register.feature
21:25:36.122 [main] DEBUG net.thucydides.core.steps.StepEventBus - Test suite started for story net.thucydides.core.model.Story@9f729512
21:25:36.122 [main] INFO  - Test Suite Started: Registration

@register
Scenario Outline: Registration scenario                                                 &amp#27;[90m# src/test/resources/features/register.feature:19&amp#27;[0m
21:25:36.232 [main] INFO io.cucumber.core.plugin.SerenityReporter - Running feature from file:///D:/PERKULIAHAN/Semester%206,Hebatt%20glad!/QE-FGD/Automation-test-Website%20-%20Copy/src/test/resources/features/register.feature
21:25:36.357 [main] INFO  - 
  _____   ___   ___   _____     ___   _____     _     ___   _____   ___   ___  
 |_   _| | __| / __| |_   _|   / __| |_   _|   /_\   | _ \ |_   _| | __| |   \ 
   | |   | _|  \__ \   | |     \__ \   | |    / _ \  |   /   | |   | _|  | |) |
   |_|   |___| |___/   |_|     |___/   |_|   /_/ \_\ |_|_\   |_|   |___| |___/ 

Registration scenario(registration;registration-scenario)
--------------------------------------------------------------------------------
21:25:36.716 [main] INFO net.serenitybdd.core.webdriver.driverproviders.ChromeDriverProvider - Using automatically driver download
21:25:37.560 [main] DEBUG io.github.bonigarcia.wdm.cache.ResolutionCache - Resolution chrome=103 in cache (valid until 22:00:40 21/07/2022 WIB)
21:25:37.575 [main] DEBUG io.github.bonigarcia.wdm.cache.ResolutionCache - Resolution chrome103=103.0.5060.134 in cache (valid until 17:00:36 22/07/2022 WIB)
21:25:37.575 [main] INFO io.github.bonigarcia.wdm.WebDriverManager - Using chromedriver 103.0.5060.134 (resolved driver for Chrome 103)
21:25:37.607 [main] DEBUG io.github.bonigarcia.wdm.WebDriverManager - Driver chromedriver 103.0.5060.134 found in cache
21:25:37.607 [main] INFO io.github.bonigarcia.wdm.WebDriverManager - Exporting webdriver.chrome.driver as C:\Users\ASUS\.cache\selenium\chromedriver\win32\103.0.5060.134\chromedriver.exe
21:25:38.263 [main] DEBUG net.thucydides.core.reflection.ClassFinder - Could not load class .cucumberTestSuite
21:25:38.263 [main] DEBUG net.thucydides.core.reflection.ClassFinder - Could not load class .starter.pages.HomePage
21:25:38.263 [main] DEBUG net.thucydides.core.reflection.ClassFinder - Could not load class .starter.pages.LoginPage
21:25:38.263 [main] DEBUG net.thucydides.core.reflection.ClassFinder - Could not load class .starter.pages.RegisterPage
21:25:38.263 [main] DEBUG net.thucydides.core.reflection.ClassFinder - Could not load class .starter.pages.Thread
21:25:38.263 [main] DEBUG net.thucydides.core.reflection.ClassFinder - Could not load class .starter.stepdefinitions.loginSteps
21:25:38.263 [main] DEBUG net.thucydides.core.reflection.ClassFinder - Could not load class .starter.stepdefinitions.logoutSteps
21:25:38.263 [main] DEBUG net.thucydides.core.reflection.ClassFinder - Could not load class .starter.stepdefinitions.registerSteps
21:25:38.263 [main] DEBUG net.thucydides.core.reflection.ClassFinder - Could not load class .utils.General
21:25:38.263 [main] DEBUG net.thucydides.core.reflection.ClassFinder - Could not load class META-INF.versions.9.com.sun.istack.logging.StackHelper
21:25:38.263 [main] DEBUG net.thucydides.core.reflection.ClassFinder - Could not load class META-INF.versions.9.com.sun.xml.bind.v2.runtime.reflect.opt.AccessorInjector
21:25:38.263 [main] DEBUG net.thucydides.core.reflection.ClassFinder - Could not load class META-INF.versions.9.com.sun.xml.bind.v2.runtime.reflect.opt.Injector
21:25:38.263 [main] DEBUG net.thucydides.core.reflection.ClassFinder - Could not load class META-INF.versions.9.com.sun.xml.bind.v2.runtime.reflect.opt.OptimizedAccessorFactory
21:25:38.263 [main] DEBUG net.thucydides.core.reflection.ClassFinder - Could not load class META-INF.versions.9.com.sun.xml.bind.v2.runtime.reflect.opt.OptimizedTransducedAccessorFactory
21:25:38.263 [main] DEBUG net.thucydides.core.reflection.ClassFinder - Could not load class META-INF.versions.9.io.opentelemetry.sdk.internal.CurrentJavaVersionSpecific
21:25:38.263 [main] DEBUG net.thucydides.core.reflection.ClassFinder - Could not load class META-INF.versions.9.io.opentelemetry.sdk.internal.Java9VersionSpecific
21:25:38.263 [main] DEBUG net.thucydides.core.reflection.ClassFinder - Could not load class META-INF.versions.9.javax.xml.bind.ModuleUtil
21:25:38.263 [main] DEBUG net.thucydides.core.reflection.ClassFinder - Could not load class META-INF.versions.9.module-info
21:25:38.263 [main] DEBUG net.thucydides.core.reflection.ClassFinder - Could not load class META-INF.versions.9.org.junit.platform.commons.util.ModuleUtils
21:25:38.614 [main] DEBUG net.thucydides.core.reflection.ClassFinder - Could not load class com.google.gson.internal.
21:25:38.817 [main] DEBUG net.thucydides.core.reflection.ClassFinder - Could not load class com.sun.xml.bind.v2.runtime.output.FastInfosetStreamWriterOutput
21:25:39.364 [main] DEBUG net.thucydides.core.reflection.ClassFinder - Could not load class module-info
21:25:43.055 [main] DEBUG io.netty.util.internal.logging.InternalLoggerFactory - Using SLF4J as the default logging framework
21:25:43.071 [main] DEBUG io.netty.util.ResourceLeakDetector - -Dio.netty.leakDetection.level: simple
21:25:43.071 [main] DEBUG io.netty.util.ResourceLeakDetector - -Dio.netty.leakDetection.targetRecords: 4
21:25:43.071 [main] DEBUG io.netty.util.ResourceLeakDetectorFactory - Loaded default ResourceLeakDetector: io.netty.util.ResourceLeakDetector@2b3247f8
21:25:43.102 [main] DEBUG io.netty.util.internal.PlatformDependent0 - -Dio.netty.noUnsafe: false
21:25:43.102 [main] DEBUG io.netty.util.internal.PlatformDependent0 - Java version: 15
21:25:43.102 [main] DEBUG io.netty.util.internal.PlatformDependent0 - sun.misc.Unsafe.theUnsafe: available
21:25:43.102 [main] DEBUG io.netty.util.internal.PlatformDependent0 - sun.misc.Unsafe.copyMemory: available
21:25:43.102 [main] DEBUG io.netty.util.internal.PlatformDependent0 - java.nio.Buffer.address: available
21:25:43.102 [main] DEBUG io.netty.util.internal.PlatformDependent0 - direct buffer constructor: unavailable: Reflective setAccessible(true) disabled
21:25:43.102 [main] DEBUG io.netty.util.internal.PlatformDependent0 - java.nio.Bits.unaligned: available, true
21:25:43.102 [main] DEBUG io.netty.util.internal.PlatformDependent0 - jdk.internal.misc.Unsafe.allocateUninitializedArray(int): unavailable: class io.netty.util.internal.PlatformDependent0$6 cannot access class jdk.internal.misc.Unsafe (in module java.base) because module java.base does not export jdk.internal.misc to unnamed module @499b2a5c
21:25:43.102 [main] DEBUG io.netty.util.internal.PlatformDependent0 - java.nio.DirectByteBuffer.<init>(long, int): unavailable
21:25:43.102 [main] DEBUG io.netty.util.internal.PlatformDependent - sun.misc.Unsafe: available
21:25:43.102 [main] DEBUG io.netty.util.internal.PlatformDependent - maxDirectMemory: 2671771648 bytes (maybe)
21:25:43.102 [main] DEBUG io.netty.util.internal.PlatformDependent - -Dio.netty.tmpdir: C:\Users\ASUS\AppData\Local\Temp (java.io.tmpdir)
21:25:43.102 [main] DEBUG io.netty.util.internal.PlatformDependent - -Dio.netty.bitMode: 64 (sun.arch.data.model)
21:25:43.102 [main] DEBUG io.netty.util.internal.PlatformDependent - Platform: Windows
21:25:43.102 [main] DEBUG io.netty.util.internal.PlatformDependent - -Dio.netty.maxDirectMemory: -1 bytes
21:25:43.102 [main] DEBUG io.netty.util.internal.PlatformDependent - -Dio.netty.uninitializedArrayAllocationThreshold: -1
21:25:43.118 [main] DEBUG io.netty.util.internal.CleanerJava9 - java.nio.ByteBuffer.cleaner(): available
21:25:43.118 [main] DEBUG io.netty.util.internal.PlatformDependent - -Dio.netty.noPreferDirect: false
21:25:43.118 [main] DEBUG io.netty.util.internal.PlatformDependent - org.jctools-core.MpscChunkedArrayQueue: available
21:25:43.134 [main] DEBUG io.netty.util.internal.InternalThreadLocalMap - -Dio.netty.threadLocalMap.stringBuilder.initialSize: 1024
21:25:43.134 [main] DEBUG io.netty.util.internal.InternalThreadLocalMap - -Dio.netty.threadLocalMap.stringBuilder.maxSize: 4096
21:25:43.216 [main] DEBUG io.netty.handler.ssl.JdkSslContext - Default protocols (JDK): [TLSv1.3, TLSv1.2, TLSv1.1, TLSv1] 
21:25:43.216 [main] DEBUG io.netty.handler.ssl.JdkSslContext - Default cipher suites (JDK): [TLS_ECDHE_ECDSA_WITH_AES_256_GCM_SHA384, TLS_ECDHE_ECDSA_WITH_AES_128_GCM_SHA256, TLS_ECDHE_RSA_WITH_AES_128_GCM_SHA256, TLS_ECDHE_RSA_WITH_AES_256_GCM_SHA384, TLS_ECDHE_RSA_WITH_AES_128_CBC_SHA, TLS_ECDHE_RSA_WITH_AES_256_CBC_SHA, TLS_RSA_WITH_AES_128_GCM_SHA256, TLS_RSA_WITH_AES_128_CBC_SHA, TLS_RSA_WITH_AES_256_CBC_SHA, TLS_AES_128_GCM_SHA256, TLS_AES_256_GCM_SHA384]
21:25:43.267 [main] DEBUG io.netty.channel.MultithreadEventLoopGroup - -Dio.netty.eventLoopThreads: 16
21:25:43.282 [main] DEBUG io.netty.channel.nio.NioEventLoop - -Dio.netty.noKeySetOptimization: false
21:25:43.282 [main] DEBUG io.netty.channel.nio.NioEventLoop - -Dio.netty.selectorAutoRebuildThreshold: 512
21:25:43.384 [main] DEBUG io.netty.buffer.PooledByteBufAllocator - -Dio.netty.allocator.numHeapArenas: 16
21:25:43.384 [main] DEBUG io.netty.buffer.PooledByteBufAllocator - -Dio.netty.allocator.numDirectArenas: 16
21:25:43.384 [main] DEBUG io.netty.buffer.PooledByteBufAllocator - -Dio.netty.allocator.pageSize: 8192
21:25:43.384 [main] DEBUG io.netty.buffer.PooledByteBufAllocator - -Dio.netty.allocator.maxOrder: 11
21:25:43.384 [main] DEBUG io.netty.buffer.PooledByteBufAllocator - -Dio.netty.allocator.chunkSize: 16777216
21:25:43.385 [main] DEBUG io.netty.buffer.PooledByteBufAllocator - -Dio.netty.allocator.smallCacheSize: 256
21:25:43.385 [main] DEBUG io.netty.buffer.PooledByteBufAllocator - -Dio.netty.allocator.normalCacheSize: 64
21:25:43.385 [main] DEBUG io.netty.buffer.PooledByteBufAllocator - -Dio.netty.allocator.maxCachedBufferCapacity: 32768
21:25:43.385 [main] DEBUG io.netty.buffer.PooledByteBufAllocator - -Dio.netty.allocator.cacheTrimInterval: 8192
21:25:43.385 [main] DEBUG io.netty.buffer.PooledByteBufAllocator - -Dio.netty.allocator.cacheTrimIntervalMillis: 0
21:25:43.385 [main] DEBUG io.netty.buffer.PooledByteBufAllocator - -Dio.netty.allocator.useCacheForAllThreads: true
21:25:43.385 [main] DEBUG io.netty.buffer.PooledByteBufAllocator - -Dio.netty.allocator.maxCachedByteBuffersPerChunk: 1023
21:25:43.403 [main] DEBUG io.netty.buffer.ByteBufUtil - -Dio.netty.allocator.type: pooled
21:25:43.403 [main] DEBUG io.netty.buffer.ByteBufUtil - -Dio.netty.threadLocalDirectBufferSize: 0
21:25:43.403 [main] DEBUG io.netty.buffer.ByteBufUtil - -Dio.netty.maxThreadLocalCharBufferSize: 16384
21:25:43.711 [main] DEBUG net.serenitybdd.core.webdriver.driverproviders.ProvideNewDriver - Instantiating driver
21:25:43.711 [main] DEBUG net.serenitybdd.core.webdriver.driverproviders.ProvideNewDriver - Driver capabilities: Capabilities {acceptInsecureCerts: false, base.url: https://found-capstone20.ne..., browserName: chrome, chrome.driver: src/test/resources/webdrive..., driver: chrome, goog:chromeOptions: {args: [], extensions: []}}
21:25:44.513 [Forwarding newSession on session null to remote] DEBUG io.netty.channel.DefaultChannelId - -Dio.netty.processId: 724 (auto-detected)
21:25:44.513 [Forwarding newSession on session null to remote] DEBUG io.netty.util.NetUtil - -Djava.net.preferIPv4Stack: false
21:25:44.513 [Forwarding newSession on session null to remote] DEBUG io.netty.util.NetUtil - -Djava.net.preferIPv6Addresses: false
21:25:44.534 [Forwarding newSession on session null to remote] DEBUG io.netty.util.NetUtilInitializations - Loopback interface: lo (Software Loopback Interface 1, 127.0.0.1)
21:25:44.534 [Forwarding newSession on session null to remote] DEBUG io.netty.util.NetUtil - Failed to get SOMAXCONN from sysctl and file \proc\sys\net\core\somaxconn. Default: 200
21:25:44.566 [Forwarding newSession on session null to remote] DEBUG io.netty.channel.DefaultChannelId - -Dio.netty.machineId: 04:ea:56:ff:fe:54:1b:1d (auto-detected)
21:25:44.613 [AsyncHttpClient-1-2] DEBUG io.netty.buffer.AbstractByteBuf - -Dio.netty.buffer.checkAccessible: true
21:25:44.613 [AsyncHttpClient-1-2] DEBUG io.netty.buffer.AbstractByteBuf - -Dio.netty.buffer.checkBounds: true
21:25:44.613 [AsyncHttpClient-1-2] DEBUG io.netty.util.ResourceLeakDetectorFactory - Loaded default ResourceLeakDetector: io.netty.util.ResourceLeakDetector@1533356f
21:25:44.630 [AsyncHttpClient-1-2] DEBUG org.asynchttpclient.netty.channel.NettyConnectListener - Using new Channel '[id: 0x2c95b026, L:/127.0.0.1:54485 - R:localhost/127.0.0.1:62294]' for 'POST' to '/session'
21:25:44.634 [AsyncHttpClient-1-2] DEBUG io.netty.util.Recycler - -Dio.netty.recycler.maxCapacityPerThread: 4096
21:25:44.634 [AsyncHttpClient-1-2] DEBUG io.netty.util.Recycler - -Dio.netty.recycler.ratio: 8
21:25:44.634 [AsyncHttpClient-1-2] DEBUG io.netty.util.Recycler - -Dio.netty.recycler.chunkSize: 32
21:25:44.634 [AsyncHttpClient-1-2] DEBUG io.netty.util.Recycler - -Dio.netty.recycler.blocking: false
21:25:45.416 [AsyncHttpClient-1-2] DEBUG io.netty.handler.codec.compression.Brotli - brotli4j not in the classpath; Brotli support will be unavailable.
21:25:45.416 [AsyncHttpClient-1-2] DEBUG org.asynchttpclient.netty.handler.HttpHandler - 

Request DefaultHttpRequest(decodeResult: success, version: HTTP/1.1)
POST /session HTTP/1.1
User-Agent: selenium/4.1.2 (java windows)
Content-Length: 623
Content-Type: application/json; charset=utf-8
host: localhost:62294
accept: */*

Response DefaultHttpResponse(decodeResult: success, version: HTTP/1.1)
HTTP/1.1 200 OK
Content-Type: application/json; charset=utf-8
cache-control: no-cache
content-length: 790

21:25:45.420 [AsyncHttpClient-1-2] DEBUG org.asynchttpclient.netty.channel.ChannelManager - Adding key: http://localhost:62294 for channel [id: 0x2c95b026, L:/127.0.0.1:54485 - R:localhost/127.0.0.1:62294]
21:25:45.475 [AsyncHttpClient-1-1] DEBUG org.asynchttpclient.netty.channel.DefaultChannelPool - Entry count for : http://localhost:62294 : 1
21:25:45.534 [AsyncHttpClient-1-3] DEBUG org.asynchttpclient.netty.channel.NettyConnectListener - Using new Channel '[id: 0xd5bb7b6a, L:/127.0.0.1:54494 - R:localhost/127.0.0.1:54487]' for 'GET' to '/json/version'
21:25:45.550 [AsyncHttpClient-1-3] DEBUG org.asynchttpclient.netty.handler.HttpHandler - 

Request DefaultFullHttpRequest(decodeResult: success, version: HTTP/1.1, content: EmptyByteBufBE)
GET /json/version HTTP/1.1
User-Agent: selenium/4.1.2 (java windows)
host: localhost:54487
accept: */*

Response DefaultHttpResponse(decodeResult: success, version: HTTP/1.1)
HTTP/1.1 200 OK
Content-Type: application/json; charset=UTF-8
content-length: 429

21:25:45.550 [AsyncHttpClient-1-3] DEBUG org.asynchttpclient.netty.channel.ChannelManager - Adding key: http://localhost:54487 for channel [id: 0xd5bb7b6a, L:/127.0.0.1:54494 - R:localhost/127.0.0.1:54487]
21:25:45.550 [main] DEBUG io.netty.util.internal.ThreadLocalRandom - -Dio.netty.initialSeedUniquifier: 0x46c527aa07e11414
21:25:45.565 [AsyncHttpClient-1-4] DEBUG org.asynchttpclient.netty.channel.NettyConnectListener - Using new Channel '[id: 0x1c9623b2, L:/127.0.0.1:54495 - R:localhost/127.0.0.1:54487]' for 'GET' to '/devtools/browser/b43c7c32-4459-435c-8458-e0833cdc76d4'
21:25:45.581 [AsyncHttpClient-1-4] DEBUG org.asynchttpclient.netty.handler.WebSocketHandler - 

Request DefaultFullHttpRequest(decodeResult: success, version: HTTP/1.1, content: EmptyByteBufBE)
GET /devtools/browser/b43c7c32-4459-435c-8458-e0833cdc76d4 HTTP/1.1
upgrade: websocket
connection: upgrade
sec-websocket-key: aEweXLkymi0ANqT3zYlKuw==
sec-websocket-version: 13
origin: http://localhost:54487
host: localhost:54487
accept: */*
user-agent: AHC/2.1

Response DefaultHttpResponse(decodeResult: success, version: HTTP/1.1)
HTTP/1.1 101 WebSocket Protocol Handshake
Upgrade: WebSocket
Connection: Upgrade
Sec-WebSocket-Accept: 4gHN4nbmOGKCOS6QnpX1FbubJQQ=

21:25:45.633 [Forwarding maximizeCurrentWindow on session 96809fa69dd1563478418e91fd36625d to remote] DEBUG org.asynchttpclient.netty.request.NettyRequestSender - Using pooled Channel '[id: 0x2c95b026, L:/127.0.0.1:54485 - R:localhost/127.0.0.1:62294]' for 'POST' to 'http://localhost:62294/session/96809fa69dd1563478418e91fd36625d/window/maximize'
21:25:45.633 [Forwarding maximizeCurrentWindow on session 96809fa69dd1563478418e91fd36625d to remote] DEBUG org.asynchttpclient.netty.request.NettyRequestSender - Using open Channel [id: 0x2c95b026, L:/127.0.0.1:54485 - R:localhost/127.0.0.1:62294] for POST '/session/96809fa69dd1563478418e91fd36625d/window/maximize'
21:25:45.767 [AsyncHttpClient-1-2] DEBUG org.asynchttpclient.netty.handler.HttpHandler - 

Request DefaultHttpRequest(decodeResult: success, version: HTTP/1.1)
POST /session/96809fa69dd1563478418e91fd36625d/window/maximize HTTP/1.1
User-Agent: selenium/4.1.2 (java windows)
Content-Length: 3
Content-Type: application/json; charset=utf-8
host: localhost:62294
accept: */*

Response DefaultHttpResponse(decodeResult: success, version: HTTP/1.1)
HTTP/1.1 200 OK
Content-Type: application/json; charset=utf-8
cache-control: no-cache
content-length: 51

21:25:45.767 [AsyncHttpClient-1-2] DEBUG org.asynchttpclient.netty.channel.ChannelManager - Adding key: http://localhost:62294 for channel [id: 0x2c95b026, L:/127.0.0.1:54485 - R:localhost/127.0.0.1:62294]
21:25:46.538 [AsyncHttpClient-1-1] DEBUG org.asynchttpclient.netty.channel.DefaultChannelPool - Entry count for : http://localhost:62294 : 1
21:25:46.538 [AsyncHttpClient-1-1] DEBUG org.asynchttpclient.netty.channel.DefaultChannelPool - Entry count for : http://localhost:54487 : 1
21:25:46.696 [main] DEBUG net.thucydides.core.reflection.ClassFinder - Could not load class .cucumberTestSuite
21:25:46.696 [main] DEBUG net.thucydides.core.reflection.ClassFinder - Could not load class .starter.pages.HomePage
21:25:46.696 [main] DEBUG net.thucydides.core.reflection.ClassFinder - Could not load class .starter.pages.LoginPage
21:25:46.696 [main] DEBUG net.thucydides.core.reflection.ClassFinder - Could not load class .starter.pages.RegisterPage
21:25:46.696 [main] DEBUG net.thucydides.core.reflection.ClassFinder - Could not load class .starter.pages.Thread
21:25:46.696 [main] DEBUG net.thucydides.core.reflection.ClassFinder - Could not load class .starter.stepdefinitions.loginSteps
21:25:46.696 [main] DEBUG net.thucydides.core.reflection.ClassFinder - Could not load class .starter.stepdefinitions.logoutSteps
21:25:46.696 [main] DEBUG net.thucydides.core.reflection.ClassFinder - Could not load class .starter.stepdefinitions.registerSteps
21:25:46.696 [main] DEBUG net.thucydides.core.reflection.ClassFinder - Could not load class .utils.General
21:25:46.696 [main] DEBUG net.thucydides.core.reflection.ClassFinder - Could not load class META-INF.versions.9.com.sun.istack.logging.StackHelper
21:25:46.696 [main] DEBUG net.thucydides.core.reflection.ClassFinder - Could not load class META-INF.versions.9.com.sun.xml.bind.v2.runtime.reflect.opt.AccessorInjector
21:25:46.696 [main] DEBUG net.thucydides.core.reflection.ClassFinder - Could not load class META-INF.versions.9.com.sun.xml.bind.v2.runtime.reflect.opt.Injector
21:25:46.696 [main] DEBUG net.thucydides.core.reflection.ClassFinder - Could not load class META-INF.versions.9.com.sun.xml.bind.v2.runtime.reflect.opt.OptimizedAccessorFactory
21:25:46.696 [main] DEBUG net.thucydides.core.reflection.ClassFinder - Could not load class META-INF.versions.9.com.sun.xml.bind.v2.runtime.reflect.opt.OptimizedTransducedAccessorFactory
21:25:46.696 [main] DEBUG net.thucydides.core.reflection.ClassFinder - Could not load class META-INF.versions.9.io.opentelemetry.sdk.internal.CurrentJavaVersionSpecific
21:25:46.696 [main] DEBUG net.thucydides.core.reflection.ClassFinder - Could not load class META-INF.versions.9.io.opentelemetry.sdk.internal.Java9VersionSpecific
21:25:46.712 [main] DEBUG net.thucydides.core.reflection.ClassFinder - Could not load class META-INF.versions.9.javax.xml.bind.ModuleUtil
21:25:46.712 [main] DEBUG net.thucydides.core.reflection.ClassFinder - Could not load class META-INF.versions.9.module-info
21:25:46.712 [main] DEBUG net.thucydides.core.reflection.ClassFinder - Could not load class META-INF.versions.9.org.junit.platform.commons.util.ModuleUtils
21:25:46.712 [main] DEBUG net.thucydides.core.reflection.ClassFinder - Could not load class com.google.gson.internal.
21:25:46.712 [main] DEBUG net.thucydides.core.reflection.ClassFinder - Could not load class com.sun.xml.bind.v2.runtime.output.FastInfosetStreamWriterOutput
21:25:46.712 [main] DEBUG net.thucydides.core.reflection.ClassFinder - Could not load class module-info
21:25:46.743 [Forwarding get on session 96809fa69dd1563478418e91fd36625d to remote] DEBUG org.asynchttpclient.netty.request.NettyRequestSender - Using pooled Channel '[id: 0x2c95b026, L:/127.0.0.1:54485 - R:localhost/127.0.0.1:62294]' for 'POST' to 'http://localhost:62294/session/96809fa69dd1563478418e91fd36625d/url'
21:25:46.743 [Forwarding get on session 96809fa69dd1563478418e91fd36625d to remote] DEBUG org.asynchttpclient.netty.request.NettyRequestSender - Using open Channel [id: 0x2c95b026, L:/127.0.0.1:54485 - R:localhost/127.0.0.1:62294] for POST '/session/96809fa69dd1563478418e91fd36625d/url'
21:25:47.636 [AsyncHttpClient-1-1] DEBUG org.asynchttpclient.netty.channel.DefaultChannelPool - Entry count for : http://localhost:54487 : 1
21:25:48.735 [AsyncHttpClient-1-1] DEBUG org.asynchttpclient.netty.channel.DefaultChannelPool - Entry count for : http://localhost:54487 : 1
21:25:49.838 [AsyncHttpClient-1-1] DEBUG org.asynchttpclient.netty.channel.DefaultChannelPool - Entry count for : http://localhost:54487 : 1
21:25:50.934 [AsyncHttpClient-1-1] DEBUG org.asynchttpclient.netty.channel.DefaultChannelPool - Entry count for : http://localhost:54487 : 1
21:25:52.034 [AsyncHttpClient-1-1] DEBUG org.asynchttpclient.netty.channel.DefaultChannelPool - Entry count for : http://localhost:54487 : 1
21:25:53.140 [AsyncHttpClient-1-1] DEBUG org.asynchttpclient.netty.channel.DefaultChannelPool - Entry count for : http://localhost:54487 : 1
21:25:53.933 [AsyncHttpClient-1-2] DEBUG org.asynchttpclient.netty.handler.HttpHandler - 

Request DefaultHttpRequest(decodeResult: success, version: HTTP/1.1)
POST /session/96809fa69dd1563478418e91fd36625d/url HTTP/1.1
User-Agent: selenium/4.1.2 (java windows)
Content-Length: 67
Content-Type: application/json; charset=utf-8
host: localhost:62294
accept: */*

Response DefaultHttpResponse(decodeResult: success, version: HTTP/1.1)
HTTP/1.1 200 OK
Content-Type: application/json; charset=utf-8
cache-control: no-cache
content-length: 14

21:25:53.933 [AsyncHttpClient-1-2] DEBUG org.asynchttpclient.netty.channel.ChannelManager - Adding key: http://localhost:62294 for channel [id: 0x2c95b026, L:/127.0.0.1:54485 - R:localhost/127.0.0.1:62294]
21:25:53.938 [Forwarding setTimeout on session 96809fa69dd1563478418e91fd36625d to remote] DEBUG org.asynchttpclient.netty.request.NettyRequestSender - Using pooled Channel '[id: 0x2c95b026, L:/127.0.0.1:54485 - R:localhost/127.0.0.1:62294]' for 'POST' to 'http://localhost:62294/session/96809fa69dd1563478418e91fd36625d/timeouts'
21:25:53.939 [Forwarding setTimeout on session 96809fa69dd1563478418e91fd36625d to remote] DEBUG org.asynchttpclient.netty.request.NettyRequestSender - Using open Channel [id: 0x2c95b026, L:/127.0.0.1:54485 - R:localhost/127.0.0.1:62294] for POST '/session/96809fa69dd1563478418e91fd36625d/timeouts'
21:25:53.943 [AsyncHttpClient-1-2] DEBUG org.asynchttpclient.netty.handler.HttpHandler - 

Request DefaultHttpRequest(decodeResult: success, version: HTTP/1.1)
POST /session/96809fa69dd1563478418e91fd36625d/timeouts HTTP/1.1
User-Agent: selenium/4.1.2 (java windows)
Content-Length: 22
Content-Type: application/json; charset=utf-8
host: localhost:62294
accept: */*

Response DefaultHttpResponse(decodeResult: success, version: HTTP/1.1)
HTTP/1.1 200 OK
Content-Type: application/json; charset=utf-8
cache-control: no-cache
content-length: 14

21:25:53.944 [AsyncHttpClient-1-2] DEBUG org.asynchttpclient.netty.channel.ChannelManager - Adding key: http://localhost:62294 for channel [id: 0x2c95b026, L:/127.0.0.1:54485 - R:localhost/127.0.0.1:62294]
21:25:53.951 [Forwarding getCurrentUrl on session 96809fa69dd1563478418e91fd36625d to remote] DEBUG org.asynchttpclient.netty.request.NettyRequestSender - Using pooled Channel '[id: 0x2c95b026, L:/127.0.0.1:54485 - R:localhost/127.0.0.1:62294]' for 'GET' to 'http://localhost:62294/session/96809fa69dd1563478418e91fd36625d/url'
21:25:53.951 [Forwarding getCurrentUrl on session 96809fa69dd1563478418e91fd36625d to remote] DEBUG org.asynchttpclient.netty.request.NettyRequestSender - Using open Channel [id: 0x2c95b026, L:/127.0.0.1:54485 - R:localhost/127.0.0.1:62294] for GET '/session/96809fa69dd1563478418e91fd36625d/url'
21:25:53.959 [AsyncHttpClient-1-2] DEBUG org.asynchttpclient.netty.handler.HttpHandler - 

Request DefaultFullHttpRequest(decodeResult: success, version: HTTP/1.1, content: EmptyByteBufBE)
GET /session/96809fa69dd1563478418e91fd36625d/url HTTP/1.1
User-Agent: selenium/4.1.2 (java windows)
Cache-Control: no-cache
Content-Type: application/json; charset=utf-8
host: localhost:62294
accept: */*

Response DefaultHttpResponse(decodeResult: success, version: HTTP/1.1)
HTTP/1.1 200 OK
Content-Type: application/json; charset=utf-8
cache-control: no-cache
content-length: 49

21:25:53.960 [AsyncHttpClient-1-2] DEBUG org.asynchttpclient.netty.channel.ChannelManager - Adding key: http://localhost:62294 for channel [id: 0x2c95b026, L:/127.0.0.1:54485 - R:localhost/127.0.0.1:62294]
  &amp#27;[32mGiven &amp#27;[0m&amp#27;[32mi access the web&amp#27;[0m                                                                &amp#27;[90m# starter.stepdefinitions.registerSteps.iAccessTheWeb()&amp#27;[0m
21:25:53.988 [main] DEBUG net.serenitybdd.core.photography.Darkroom - Opening darkroom
21:25:53.988 [Darkroom Processing Line] DEBUG net.serenitybdd.core.photography.DarkroomProcessingLine - Darkroom processing line starting up
21:25:53.988 [Forwarding screenshot on session 96809fa69dd1563478418e91fd36625d to remote] DEBUG org.asynchttpclient.netty.request.NettyRequestSender - Using pooled Channel '[id: 0x2c95b026, L:/127.0.0.1:54485 - R:localhost/127.0.0.1:62294]' for 'GET' to 'http://localhost:62294/session/96809fa69dd1563478418e91fd36625d/screenshot'
21:25:53.988 [Forwarding screenshot on session 96809fa69dd1563478418e91fd36625d to remote] DEBUG org.asynchttpclient.netty.request.NettyRequestSender - Using open Channel [id: 0x2c95b026, L:/127.0.0.1:54485 - R:localhost/127.0.0.1:62294] for GET '/session/96809fa69dd1563478418e91fd36625d/screenshot'
21:25:54.235 [AsyncHttpClient-1-1] DEBUG org.asynchttpclient.netty.channel.DefaultChannelPool - Entry count for : http://localhost:54487 : 1
21:25:54.251 [AsyncHttpClient-1-2] DEBUG org.asynchttpclient.netty.handler.HttpHandler - 

Request DefaultFullHttpRequest(decodeResult: success, version: HTTP/1.1, content: EmptyByteBufBE)
GET /session/96809fa69dd1563478418e91fd36625d/screenshot HTTP/1.1
User-Agent: selenium/4.1.2 (java windows)
Cache-Control: no-cache
Content-Type: application/json; charset=utf-8
host: localhost:62294
accept: */*

Response DefaultHttpResponse(decodeResult: success, version: HTTP/1.1)
HTTP/1.1 200 OK
Content-Type: application/json; charset=utf-8
cache-control: no-cache
content-length: 354376

21:25:54.257 [AsyncHttpClient-1-2] DEBUG org.asynchttpclient.netty.channel.ChannelManager - Adding key: http://localhost:62294 for channel [id: 0x2c95b026, L:/127.0.0.1:54485 - R:localhost/127.0.0.1:62294]
21:25:54.341 [main] DEBUG net.serenitybdd.core.photography.Darkroom - Send negative for processing for target\site\serenity\4660354df54a12fcd895682f5709ada0fe64cb7be35e163b54bdc9c5bb06ca8f.png
21:25:54.341 [Darkroom Processing Line] DEBUG net.serenitybdd.core.photography.DarkroomProcessingLine - Processing screenshot image in /var/screenshots/screenshot-12200259796806316813
21:25:54.342 [Darkroom Processing Line] DEBUG net.serenitybdd.core.photography.DarkroomProcessingLine - Saving screenshot to target\site\serenity\4660354df54a12fcd895682f5709ada0fe64cb7be35e163b54bdc9c5bb06ca8f.png
21:25:54.362 [Forwarding findElement on session 96809fa69dd1563478418e91fd36625d to remote] DEBUG org.asynchttpclient.netty.request.NettyRequestSender - Using pooled Channel '[id: 0x2c95b026, L:/127.0.0.1:54485 - R:localhost/127.0.0.1:62294]' for 'POST' to 'http://localhost:62294/session/96809fa69dd1563478418e91fd36625d/element'
21:25:54.362 [Forwarding findElement on session 96809fa69dd1563478418e91fd36625d to remote] DEBUG org.asynchttpclient.netty.request.NettyRequestSender - Using open Channel [id: 0x2c95b026, L:/127.0.0.1:54485 - R:localhost/127.0.0.1:62294] for POST '/session/96809fa69dd1563478418e91fd36625d/element'
21:25:54.374 [AsyncHttpClient-1-2] DEBUG org.asynchttpclient.netty.handler.HttpHandler - 

Request DefaultHttpRequest(decodeResult: success, version: HTTP/1.1)
POST /session/96809fa69dd1563478418e91fd36625d/element HTTP/1.1
User-Agent: selenium/4.1.2 (java windows)
Content-Length: 55
Content-Type: application/json; charset=utf-8
host: localhost:62294
accept: */*

Response DefaultHttpResponse(decodeResult: success, version: HTTP/1.1)
HTTP/1.1 200 OK
Content-Type: application/json; charset=utf-8
cache-control: no-cache
content-length: 88

21:25:54.374 [AsyncHttpClient-1-2] DEBUG org.asynchttpclient.netty.channel.ChannelManager - Adding key: http://localhost:62294 for channel [id: 0x2c95b026, L:/127.0.0.1:54485 - R:localhost/127.0.0.1:62294]
21:25:54.385 [Forwarding isElementDisplayed on session 96809fa69dd1563478418e91fd36625d to remote] DEBUG org.asynchttpclient.netty.request.NettyRequestSender - Using pooled Channel '[id: 0x2c95b026, L:/127.0.0.1:54485 - R:localhost/127.0.0.1:62294]' for 'POST' to 'http://localhost:62294/session/96809fa69dd1563478418e91fd36625d/execute/sync'
21:25:54.385 [Forwarding isElementDisplayed on session 96809fa69dd1563478418e91fd36625d to remote] DEBUG org.asynchttpclient.netty.request.NettyRequestSender - Using open Channel [id: 0x2c95b026, L:/127.0.0.1:54485 - R:localhost/127.0.0.1:62294] for POST '/session/96809fa69dd1563478418e91fd36625d/execute/sync'
21:25:54.407 [AsyncHttpClient-1-2] DEBUG org.asynchttpclient.netty.handler.HttpHandler - 

Request DefaultHttpRequest(decodeResult: success, version: HTTP/1.1)
POST /session/96809fa69dd1563478418e91fd36625d/execute/sync HTTP/1.1
User-Agent: selenium/4.1.2 (java windows)
Content-Length: 48780
Content-Type: application/json; charset=utf-8
host: localhost:62294
accept: */*

Response DefaultHttpResponse(decodeResult: success, version: HTTP/1.1)
HTTP/1.1 200 OK
Content-Type: application/json; charset=utf-8
cache-control: no-cache
content-length: 14

21:25:54.408 [AsyncHttpClient-1-2] DEBUG org.asynchttpclient.netty.channel.ChannelManager - Adding key: http://localhost:62294 for channel [id: 0x2c95b026, L:/127.0.0.1:54485 - R:localhost/127.0.0.1:62294]
21:25:54.416 [Forwarding findElement on session 96809fa69dd1563478418e91fd36625d to remote] DEBUG org.asynchttpclient.netty.request.NettyRequestSender - Using pooled Channel '[id: 0x2c95b026, L:/127.0.0.1:54485 - R:localhost/127.0.0.1:62294]' for 'POST' to 'http://localhost:62294/session/96809fa69dd1563478418e91fd36625d/element'
21:25:54.416 [Forwarding findElement on session 96809fa69dd1563478418e91fd36625d to remote] DEBUG org.asynchttpclient.netty.request.NettyRequestSender - Using open Channel [id: 0x2c95b026, L:/127.0.0.1:54485 - R:localhost/127.0.0.1:62294] for POST '/session/96809fa69dd1563478418e91fd36625d/element'
21:25:54.429 [AsyncHttpClient-1-2] DEBUG org.asynchttpclient.netty.handler.HttpHandler - 

Request DefaultHttpRequest(decodeResult: success, version: HTTP/1.1)
POST /session/96809fa69dd1563478418e91fd36625d/element HTTP/1.1
User-Agent: selenium/4.1.2 (java windows)
Content-Length: 72
Content-Type: application/json; charset=utf-8
host: localhost:62294
accept: */*

Response DefaultHttpResponse(decodeResult: success, version: HTTP/1.1)
HTTP/1.1 200 OK
Content-Type: application/json; charset=utf-8
cache-control: no-cache
content-length: 88

21:25:54.429 [AsyncHttpClient-1-2] DEBUG org.asynchttpclient.netty.channel.ChannelManager - Adding key: http://localhost:62294 for channel [id: 0x2c95b026, L:/127.0.0.1:54485 - R:localhost/127.0.0.1:62294]
21:25:54.432 [Forwarding getElementTagName on session 96809fa69dd1563478418e91fd36625d to remote] DEBUG org.asynchttpclient.netty.request.NettyRequestSender - Using pooled Channel '[id: 0x2c95b026, L:/127.0.0.1:54485 - R:localhost/127.0.0.1:62294]' for 'GET' to 'http://localhost:62294/session/96809fa69dd1563478418e91fd36625d/element/675eff9b-cae7-49b9-9684-a338973f3bef/name'
21:25:54.432 [Forwarding getElementTagName on session 96809fa69dd1563478418e91fd36625d to remote] DEBUG org.asynchttpclient.netty.request.NettyRequestSender - Using open Channel [id: 0x2c95b026, L:/127.0.0.1:54485 - R:localhost/127.0.0.1:62294] for GET '/session/96809fa69dd1563478418e91fd36625d/element/675eff9b-cae7-49b9-9684-a338973f3bef/name'
21:25:54.436 [AsyncHttpClient-1-2] DEBUG org.asynchttpclient.netty.handler.HttpHandler - 

Request DefaultFullHttpRequest(decodeResult: success, version: HTTP/1.1, content: EmptyByteBufBE)
GET /session/96809fa69dd1563478418e91fd36625d/element/675eff9b-cae7-49b9-9684-a338973f3bef/name HTTP/1.1
User-Agent: selenium/4.1.2 (java windows)
Cache-Control: no-cache
Content-Type: application/json; charset=utf-8
host: localhost:62294
accept: */*

Response DefaultHttpResponse(decodeResult: success, version: HTTP/1.1)
HTTP/1.1 200 OK
Content-Type: application/json; charset=utf-8
cache-control: no-cache
content-length: 13

21:25:54.436 [AsyncHttpClient-1-2] DEBUG org.asynchttpclient.netty.channel.ChannelManager - Adding key: http://localhost:62294 for channel [id: 0x2c95b026, L:/127.0.0.1:54485 - R:localhost/127.0.0.1:62294]
21:25:54.440 [Forwarding getElementTagName on session 96809fa69dd1563478418e91fd36625d to remote] DEBUG org.asynchttpclient.netty.request.NettyRequestSender - Using pooled Channel '[id: 0x2c95b026, L:/127.0.0.1:54485 - R:localhost/127.0.0.1:62294]' for 'GET' to 'http://localhost:62294/session/96809fa69dd1563478418e91fd36625d/element/675eff9b-cae7-49b9-9684-a338973f3bef/name'
21:25:54.440 [Forwarding getElementTagName on session 96809fa69dd1563478418e91fd36625d to remote] DEBUG org.asynchttpclient.netty.request.NettyRequestSender - Using open Channel [id: 0x2c95b026, L:/127.0.0.1:54485 - R:localhost/127.0.0.1:62294] for GET '/session/96809fa69dd1563478418e91fd36625d/element/675eff9b-cae7-49b9-9684-a338973f3bef/name'
21:25:54.446 [AsyncHttpClient-1-2] DEBUG org.asynchttpclient.netty.handler.HttpHandler - 

Request DefaultFullHttpRequest(decodeResult: success, version: HTTP/1.1, content: EmptyByteBufBE)
GET /session/96809fa69dd1563478418e91fd36625d/element/675eff9b-cae7-49b9-9684-a338973f3bef/name HTTP/1.1
User-Agent: selenium/4.1.2 (java windows)
Cache-Control: no-cache
Content-Type: application/json; charset=utf-8
host: localhost:62294
accept: */*

Response DefaultHttpResponse(decodeResult: success, version: HTTP/1.1)
HTTP/1.1 200 OK
Content-Type: application/json; charset=utf-8
cache-control: no-cache
content-length: 13

21:25:54.447 [AsyncHttpClient-1-2] DEBUG org.asynchttpclient.netty.channel.ChannelManager - Adding key: http://localhost:62294 for channel [id: 0x2c95b026, L:/127.0.0.1:54485 - R:localhost/127.0.0.1:62294]
21:25:54.450 [Forwarding findElement on session 96809fa69dd1563478418e91fd36625d to remote] DEBUG org.asynchttpclient.netty.request.NettyRequestSender - Using pooled Channel '[id: 0x2c95b026, L:/127.0.0.1:54485 - R:localhost/127.0.0.1:62294]' for 'POST' to 'http://localhost:62294/session/96809fa69dd1563478418e91fd36625d/element'
21:25:54.451 [Forwarding findElement on session 96809fa69dd1563478418e91fd36625d to remote] DEBUG org.asynchttpclient.netty.request.NettyRequestSender - Using open Channel [id: 0x2c95b026, L:/127.0.0.1:54485 - R:localhost/127.0.0.1:62294] for POST '/session/96809fa69dd1563478418e91fd36625d/element'
21:25:54.459 [AsyncHttpClient-1-2] DEBUG org.asynchttpclient.netty.handler.HttpHandler - 

Request DefaultHttpRequest(decodeResult: success, version: HTTP/1.1)
POST /session/96809fa69dd1563478418e91fd36625d/element HTTP/1.1
User-Agent: selenium/4.1.2 (java windows)
Content-Length: 72
Content-Type: application/json; charset=utf-8
host: localhost:62294
accept: */*

Response DefaultHttpResponse(decodeResult: success, version: HTTP/1.1)
HTTP/1.1 200 OK
Content-Type: application/json; charset=utf-8
cache-control: no-cache
content-length: 88

21:25:54.460 [AsyncHttpClient-1-2] DEBUG org.asynchttpclient.netty.channel.ChannelManager - Adding key: http://localhost:62294 for channel [id: 0x2c95b026, L:/127.0.0.1:54485 - R:localhost/127.0.0.1:62294]
21:25:54.462 [Forwarding clickElement on session 96809fa69dd1563478418e91fd36625d to remote] DEBUG org.asynchttpclient.netty.request.NettyRequestSender - Using pooled Channel '[id: 0x2c95b026, L:/127.0.0.1:54485 - R:localhost/127.0.0.1:62294]' for 'POST' to 'http://localhost:62294/session/96809fa69dd1563478418e91fd36625d/element/675eff9b-cae7-49b9-9684-a338973f3bef/click'
21:25:54.462 [Forwarding clickElement on session 96809fa69dd1563478418e91fd36625d to remote] DEBUG org.asynchttpclient.netty.request.NettyRequestSender - Using open Channel [id: 0x2c95b026, L:/127.0.0.1:54485 - R:localhost/127.0.0.1:62294] for POST '/session/96809fa69dd1563478418e91fd36625d/element/675eff9b-cae7-49b9-9684-a338973f3bef/click'
21:25:54.517 [AsyncHttpClient-1-2] DEBUG org.asynchttpclient.netty.handler.HttpHandler - 

Request DefaultHttpRequest(decodeResult: success, version: HTTP/1.1)
POST /session/96809fa69dd1563478418e91fd36625d/element/675eff9b-cae7-49b9-9684-a338973f3bef/click HTTP/1.1
User-Agent: selenium/4.1.2 (java windows)
Content-Length: 50
Content-Type: application/json; charset=utf-8
host: localhost:62294
accept: */*

Response DefaultHttpResponse(decodeResult: success, version: HTTP/1.1)
HTTP/1.1 200 OK
Content-Type: application/json; charset=utf-8
cache-control: no-cache
content-length: 14

21:25:54.517 [AsyncHttpClient-1-2] DEBUG org.asynchttpclient.netty.channel.ChannelManager - Adding key: http://localhost:62294 for channel [id: 0x2c95b026, L:/127.0.0.1:54485 - R:localhost/127.0.0.1:62294]
  &amp#27;[32mWhen &amp#27;[0m&amp#27;[32mi click get started&amp#27;[0m                                                              &amp#27;[90m# starter.stepdefinitions.registerSteps.iClickGetStarted()&amp#27;[0m
21:25:54.531 [Forwarding screenshot on session 96809fa69dd1563478418e91fd36625d to remote] DEBUG org.asynchttpclient.netty.request.NettyRequestSender - Using pooled Channel '[id: 0x2c95b026, L:/127.0.0.1:54485 - R:localhost/127.0.0.1:62294]' for 'GET' to 'http://localhost:62294/session/96809fa69dd1563478418e91fd36625d/screenshot'
21:25:54.531 [Forwarding screenshot on session 96809fa69dd1563478418e91fd36625d to remote] DEBUG org.asynchttpclient.netty.request.NettyRequestSender - Using open Channel [id: 0x2c95b026, L:/127.0.0.1:54485 - R:localhost/127.0.0.1:62294] for GET '/session/96809fa69dd1563478418e91fd36625d/screenshot'
21:25:54.831 [AsyncHttpClient-1-2] DEBUG org.asynchttpclient.netty.handler.HttpHandler - 

Request DefaultFullHttpRequest(decodeResult: success, version: HTTP/1.1, content: EmptyByteBufBE)
GET /session/96809fa69dd1563478418e91fd36625d/screenshot HTTP/1.1
User-Agent: selenium/4.1.2 (java windows)
Cache-Control: no-cache
Content-Type: application/json; charset=utf-8
host: localhost:62294
accept: */*

Response DefaultHttpResponse(decodeResult: success, version: HTTP/1.1)
HTTP/1.1 200 OK
Content-Type: application/json; charset=utf-8
cache-control: no-cache
content-length: 117884

21:25:54.833 [AsyncHttpClient-1-2] DEBUG org.asynchttpclient.netty.channel.ChannelManager - Adding key: http://localhost:62294 for channel [id: 0x2c95b026, L:/127.0.0.1:54485 - R:localhost/127.0.0.1:62294]
21:25:54.838 [main] DEBUG net.serenitybdd.core.photography.Darkroom - Send negative for processing for target\site\serenity\1753ba100130ab722ea975f31a3a6e8e71da15301ad932e1f9526471f612c801.png
21:25:54.839 [Darkroom Processing Line] DEBUG net.serenitybdd.core.photography.DarkroomProcessingLine - Processing screenshot image in /var/screenshots/screenshot-10586752664802727907
21:25:54.839 [Darkroom Processing Line] DEBUG net.serenitybdd.core.photography.DarkroomProcessingLine - Saving screenshot to target\site\serenity\1753ba100130ab722ea975f31a3a6e8e71da15301ad932e1f9526471f612c801.png
21:25:54.855 [Forwarding findElement on session 96809fa69dd1563478418e91fd36625d to remote] DEBUG org.asynchttpclient.netty.request.NettyRequestSender - Using pooled Channel '[id: 0x2c95b026, L:/127.0.0.1:54485 - R:localhost/127.0.0.1:62294]' for 'POST' to 'http://localhost:62294/session/96809fa69dd1563478418e91fd36625d/element'
21:25:54.855 [Forwarding findElement on session 96809fa69dd1563478418e91fd36625d to remote] DEBUG org.asynchttpclient.netty.request.NettyRequestSender - Using open Channel [id: 0x2c95b026, L:/127.0.0.1:54485 - R:localhost/127.0.0.1:62294] for POST '/session/96809fa69dd1563478418e91fd36625d/element'
21:25:54.867 [AsyncHttpClient-1-2] DEBUG org.asynchttpclient.netty.handler.HttpHandler - 

Request DefaultHttpRequest(decodeResult: success, version: HTTP/1.1)
POST /session/96809fa69dd1563478418e91fd36625d/element HTTP/1.1
User-Agent: selenium/4.1.2 (java windows)
Content-Length: 68
Content-Type: application/json; charset=utf-8
host: localhost:62294
accept: */*

Response DefaultHttpResponse(decodeResult: success, version: HTTP/1.1)
HTTP/1.1 200 OK
Content-Type: application/json; charset=utf-8
cache-control: no-cache
content-length: 88

21:25:54.868 [AsyncHttpClient-1-2] DEBUG org.asynchttpclient.netty.channel.ChannelManager - Adding key: http://localhost:62294 for channel [id: 0x2c95b026, L:/127.0.0.1:54485 - R:localhost/127.0.0.1:62294]
21:25:54.873 [Forwarding getElementTagName on session 96809fa69dd1563478418e91fd36625d to remote] DEBUG org.asynchttpclient.netty.request.NettyRequestSender - Using pooled Channel '[id: 0x2c95b026, L:/127.0.0.1:54485 - R:localhost/127.0.0.1:62294]' for 'GET' to 'http://localhost:62294/session/96809fa69dd1563478418e91fd36625d/element/4510ff67-e424-4341-a1da-3467348c2dca/name'
21:25:54.873 [Forwarding getElementTagName on session 96809fa69dd1563478418e91fd36625d to remote] DEBUG org.asynchttpclient.netty.request.NettyRequestSender - Using open Channel [id: 0x2c95b026, L:/127.0.0.1:54485 - R:localhost/127.0.0.1:62294] for GET '/session/96809fa69dd1563478418e91fd36625d/element/4510ff67-e424-4341-a1da-3467348c2dca/name'
21:25:54.878 [AsyncHttpClient-1-2] DEBUG org.asynchttpclient.netty.handler.HttpHandler - 

Request DefaultFullHttpRequest(decodeResult: success, version: HTTP/1.1, content: EmptyByteBufBE)
GET /session/96809fa69dd1563478418e91fd36625d/element/4510ff67-e424-4341-a1da-3467348c2dca/name HTTP/1.1
User-Agent: selenium/4.1.2 (java windows)
Cache-Control: no-cache
Content-Type: application/json; charset=utf-8
host: localhost:62294
accept: */*

Response DefaultHttpResponse(decodeResult: success, version: HTTP/1.1)
HTTP/1.1 200 OK
Content-Type: application/json; charset=utf-8
cache-control: no-cache
content-length: 13

21:25:54.879 [AsyncHttpClient-1-2] DEBUG org.asynchttpclient.netty.channel.ChannelManager - Adding key: http://localhost:62294 for channel [id: 0x2c95b026, L:/127.0.0.1:54485 - R:localhost/127.0.0.1:62294]
21:25:54.882 [Forwarding getElementTagName on session 96809fa69dd1563478418e91fd36625d to remote] DEBUG org.asynchttpclient.netty.request.NettyRequestSender - Using pooled Channel '[id: 0x2c95b026, L:/127.0.0.1:54485 - R:localhost/127.0.0.1:62294]' for 'GET' to 'http://localhost:62294/session/96809fa69dd1563478418e91fd36625d/element/4510ff67-e424-4341-a1da-3467348c2dca/name'
21:25:54.882 [Forwarding getElementTagName on session 96809fa69dd1563478418e91fd36625d to remote] DEBUG org.asynchttpclient.netty.request.NettyRequestSender - Using open Channel [id: 0x2c95b026, L:/127.0.0.1:54485 - R:localhost/127.0.0.1:62294] for GET '/session/96809fa69dd1563478418e91fd36625d/element/4510ff67-e424-4341-a1da-3467348c2dca/name'
21:25:54.887 [AsyncHttpClient-1-2] DEBUG org.asynchttpclient.netty.handler.HttpHandler - 

Request DefaultFullHttpRequest(decodeResult: success, version: HTTP/1.1, content: EmptyByteBufBE)
GET /session/96809fa69dd1563478418e91fd36625d/element/4510ff67-e424-4341-a1da-3467348c2dca/name HTTP/1.1
User-Agent: selenium/4.1.2 (java windows)
Cache-Control: no-cache
Content-Type: application/json; charset=utf-8
host: localhost:62294
accept: */*

Response DefaultHttpResponse(decodeResult: success, version: HTTP/1.1)
HTTP/1.1 200 OK
Content-Type: application/json; charset=utf-8
cache-control: no-cache
content-length: 13

21:25:54.887 [AsyncHttpClient-1-2] DEBUG org.asynchttpclient.netty.channel.ChannelManager - Adding key: http://localhost:62294 for channel [id: 0x2c95b026, L:/127.0.0.1:54485 - R:localhost/127.0.0.1:62294]
21:25:54.892 [Forwarding findElement on session 96809fa69dd1563478418e91fd36625d to remote] DEBUG org.asynchttpclient.netty.request.NettyRequestSender - Using pooled Channel '[id: 0x2c95b026, L:/127.0.0.1:54485 - R:localhost/127.0.0.1:62294]' for 'POST' to 'http://localhost:62294/session/96809fa69dd1563478418e91fd36625d/element'
21:25:54.892 [Forwarding findElement on session 96809fa69dd1563478418e91fd36625d to remote] DEBUG org.asynchttpclient.netty.request.NettyRequestSender - Using open Channel [id: 0x2c95b026, L:/127.0.0.1:54485 - R:localhost/127.0.0.1:62294] for POST '/session/96809fa69dd1563478418e91fd36625d/element'
21:25:54.900 [AsyncHttpClient-1-2] DEBUG org.asynchttpclient.netty.handler.HttpHandler - 

Request DefaultHttpRequest(decodeResult: success, version: HTTP/1.1)
POST /session/96809fa69dd1563478418e91fd36625d/element HTTP/1.1
User-Agent: selenium/4.1.2 (java windows)
Content-Length: 68
Content-Type: application/json; charset=utf-8
host: localhost:62294
accept: */*

Response DefaultHttpResponse(decodeResult: success, version: HTTP/1.1)
HTTP/1.1 200 OK
Content-Type: application/json; charset=utf-8
cache-control: no-cache
content-length: 88

21:25:54.900 [AsyncHttpClient-1-2] DEBUG org.asynchttpclient.netty.channel.ChannelManager - Adding key: http://localhost:62294 for channel [id: 0x2c95b026, L:/127.0.0.1:54485 - R:localhost/127.0.0.1:62294]
21:25:54.903 [Forwarding clickElement on session 96809fa69dd1563478418e91fd36625d to remote] DEBUG org.asynchttpclient.netty.request.NettyRequestSender - Using pooled Channel '[id: 0x2c95b026, L:/127.0.0.1:54485 - R:localhost/127.0.0.1:62294]' for 'POST' to 'http://localhost:62294/session/96809fa69dd1563478418e91fd36625d/element/4510ff67-e424-4341-a1da-3467348c2dca/click'
21:25:54.903 [Forwarding clickElement on session 96809fa69dd1563478418e91fd36625d to remote] DEBUG org.asynchttpclient.netty.request.NettyRequestSender - Using open Channel [id: 0x2c95b026, L:/127.0.0.1:54485 - R:localhost/127.0.0.1:62294] for POST '/session/96809fa69dd1563478418e91fd36625d/element/4510ff67-e424-4341-a1da-3467348c2dca/click'
21:25:54.952 [AsyncHttpClient-1-2] DEBUG org.asynchttpclient.netty.handler.HttpHandler - 

Request DefaultHttpRequest(decodeResult: success, version: HTTP/1.1)
POST /session/96809fa69dd1563478418e91fd36625d/element/4510ff67-e424-4341-a1da-3467348c2dca/click HTTP/1.1
User-Agent: selenium/4.1.2 (java windows)
Content-Length: 50
Content-Type: application/json; charset=utf-8
host: localhost:62294
accept: */*

Response DefaultHttpResponse(decodeResult: success, version: HTTP/1.1)
HTTP/1.1 200 OK
Content-Type: application/json; charset=utf-8
cache-control: no-cache
content-length: 14

21:25:54.952 [AsyncHttpClient-1-2] DEBUG org.asynchttpclient.netty.channel.ChannelManager - Adding key: http://localhost:62294 for channel [id: 0x2c95b026, L:/127.0.0.1:54485 - R:localhost/127.0.0.1:62294]
21:25:54.958 [Forwarding findElement on session 96809fa69dd1563478418e91fd36625d to remote] DEBUG org.asynchttpclient.netty.request.NettyRequestSender - Using pooled Channel '[id: 0x2c95b026, L:/127.0.0.1:54485 - R:localhost/127.0.0.1:62294]' for 'POST' to 'http://localhost:62294/session/96809fa69dd1563478418e91fd36625d/element'
21:25:54.958 [Forwarding findElement on session 96809fa69dd1563478418e91fd36625d to remote] DEBUG org.asynchttpclient.netty.request.NettyRequestSender - Using open Channel [id: 0x2c95b026, L:/127.0.0.1:54485 - R:localhost/127.0.0.1:62294] for POST '/session/96809fa69dd1563478418e91fd36625d/element'
21:25:54.970 [AsyncHttpClient-1-2] DEBUG org.asynchttpclient.netty.handler.HttpHandler - 

Request DefaultHttpRequest(decodeResult: success, version: HTTP/1.1)
POST /session/96809fa69dd1563478418e91fd36625d/element HTTP/1.1
User-Agent: selenium/4.1.2 (java windows)
Content-Length: 69
Content-Type: application/json; charset=utf-8
host: localhost:62294
accept: */*

Response DefaultHttpResponse(decodeResult: success, version: HTTP/1.1)
HTTP/1.1 200 OK
Content-Type: application/json; charset=utf-8
cache-control: no-cache
content-length: 88

21:25:54.971 [AsyncHttpClient-1-2] DEBUG org.asynchttpclient.netty.channel.ChannelManager - Adding key: http://localhost:62294 for channel [id: 0x2c95b026, L:/127.0.0.1:54485 - R:localhost/127.0.0.1:62294]
21:25:54.978 [Forwarding isElementDisplayed on session 96809fa69dd1563478418e91fd36625d to remote] DEBUG org.asynchttpclient.netty.request.NettyRequestSender - Using pooled Channel '[id: 0x2c95b026, L:/127.0.0.1:54485 - R:localhost/127.0.0.1:62294]' for 'POST' to 'http://localhost:62294/session/96809fa69dd1563478418e91fd36625d/execute/sync'
21:25:54.978 [Forwarding isElementDisplayed on session 96809fa69dd1563478418e91fd36625d to remote] DEBUG org.asynchttpclient.netty.request.NettyRequestSender - Using open Channel [id: 0x2c95b026, L:/127.0.0.1:54485 - R:localhost/127.0.0.1:62294] for POST '/session/96809fa69dd1563478418e91fd36625d/execute/sync'
21:25:54.995 [AsyncHttpClient-1-2] DEBUG org.asynchttpclient.netty.handler.HttpHandler - 

Request DefaultHttpRequest(decodeResult: success, version: HTTP/1.1)
POST /session/96809fa69dd1563478418e91fd36625d/execute/sync HTTP/1.1
User-Agent: selenium/4.1.2 (java windows)
Content-Length: 48780
Content-Type: application/json; charset=utf-8
host: localhost:62294
accept: */*

Response DefaultHttpResponse(decodeResult: success, version: HTTP/1.1)
HTTP/1.1 200 OK
Content-Type: application/json; charset=utf-8
cache-control: no-cache
content-length: 14

21:25:54.995 [AsyncHttpClient-1-2] DEBUG org.asynchttpclient.netty.channel.ChannelManager - Adding key: http://localhost:62294 for channel [id: 0x2c95b026, L:/127.0.0.1:54485 - R:localhost/127.0.0.1:62294]
  &amp#27;[32mAnd &amp#27;[0m&amp#27;[32mi click sign up&amp#27;[0m                                                                   &amp#27;[90m# starter.stepdefinitions.registerSteps.iClickSignUp()&amp#27;[0m
21:25:55.002 [Forwarding screenshot on session 96809fa69dd1563478418e91fd36625d to remote] DEBUG org.asynchttpclient.netty.request.NettyRequestSender - Using pooled Channel '[id: 0x2c95b026, L:/127.0.0.1:54485 - R:localhost/127.0.0.1:62294]' for 'GET' to 'http://localhost:62294/session/96809fa69dd1563478418e91fd36625d/screenshot'
21:25:55.002 [Forwarding screenshot on session 96809fa69dd1563478418e91fd36625d to remote] DEBUG org.asynchttpclient.netty.request.NettyRequestSender - Using open Channel [id: 0x2c95b026, L:/127.0.0.1:54485 - R:localhost/127.0.0.1:62294] for GET '/session/96809fa69dd1563478418e91fd36625d/screenshot'
21:25:55.229 [AsyncHttpClient-1-2] DEBUG org.asynchttpclient.netty.handler.HttpHandler - 

Request DefaultFullHttpRequest(decodeResult: success, version: HTTP/1.1, content: EmptyByteBufBE)
GET /session/96809fa69dd1563478418e91fd36625d/screenshot HTTP/1.1
User-Agent: selenium/4.1.2 (java windows)
Cache-Control: no-cache
Content-Type: application/json; charset=utf-8
host: localhost:62294
accept: */*

Response DefaultHttpResponse(decodeResult: success, version: HTTP/1.1)
HTTP/1.1 200 OK
Content-Type: application/json; charset=utf-8
cache-control: no-cache
content-length: 81476

21:25:55.230 [AsyncHttpClient-1-2] DEBUG org.asynchttpclient.netty.channel.ChannelManager - Adding key: http://localhost:62294 for channel [id: 0x2c95b026, L:/127.0.0.1:54485 - R:localhost/127.0.0.1:62294]
21:25:55.238 [main] DEBUG net.serenitybdd.core.photography.Darkroom - Send negative for processing for target\site\serenity\b1c13de6d20a5f33bed99394a272018c0d0dce6a5c2dedf0dab3eb7ca7afc234.png
21:25:55.238 [Darkroom Processing Line] DEBUG net.serenitybdd.core.photography.DarkroomProcessingLine - Processing screenshot image in /var/screenshots/screenshot-11673405536321372101
21:25:55.239 [Darkroom Processing Line] DEBUG net.serenitybdd.core.photography.DarkroomProcessingLine - Saving screenshot to target\site\serenity\b1c13de6d20a5f33bed99394a272018c0d0dce6a5c2dedf0dab3eb7ca7afc234.png
21:25:55.250 [Forwarding findElement on session 96809fa69dd1563478418e91fd36625d to remote] DEBUG org.asynchttpclient.netty.request.NettyRequestSender - Using pooled Channel '[id: 0x2c95b026, L:/127.0.0.1:54485 - R:localhost/127.0.0.1:62294]' for 'POST' to 'http://localhost:62294/session/96809fa69dd1563478418e91fd36625d/element'
21:25:55.251 [Forwarding findElement on session 96809fa69dd1563478418e91fd36625d to remote] DEBUG org.asynchttpclient.netty.request.NettyRequestSender - Using open Channel [id: 0x2c95b026, L:/127.0.0.1:54485 - R:localhost/127.0.0.1:62294] for POST '/session/96809fa69dd1563478418e91fd36625d/element'
21:25:55.265 [AsyncHttpClient-1-2] DEBUG org.asynchttpclient.netty.handler.HttpHandler - 

Request DefaultHttpRequest(decodeResult: success, version: HTTP/1.1)
POST /session/96809fa69dd1563478418e91fd36625d/element HTTP/1.1
User-Agent: selenium/4.1.2 (java windows)
Content-Length: 66
Content-Type: application/json; charset=utf-8
host: localhost:62294
accept: */*

Response DefaultHttpResponse(decodeResult: success, version: HTTP/1.1)
HTTP/1.1 200 OK
Content-Type: application/json; charset=utf-8
cache-control: no-cache
content-length: 88

21:25:55.265 [AsyncHttpClient-1-2] DEBUG org.asynchttpclient.netty.channel.ChannelManager - Adding key: http://localhost:62294 for channel [id: 0x2c95b026, L:/127.0.0.1:54485 - R:localhost/127.0.0.1:62294]
21:25:55.268 [Forwarding clearElement on session 96809fa69dd1563478418e91fd36625d to remote] DEBUG org.asynchttpclient.netty.request.NettyRequestSender - Using pooled Channel '[id: 0x2c95b026, L:/127.0.0.1:54485 - R:localhost/127.0.0.1:62294]' for 'POST' to 'http://localhost:62294/session/96809fa69dd1563478418e91fd36625d/element/de61caa6-ff93-4be4-bce7-4e02b2120ce6/clear'
21:25:55.269 [Forwarding clearElement on session 96809fa69dd1563478418e91fd36625d to remote] DEBUG org.asynchttpclient.netty.request.NettyRequestSender - Using open Channel [id: 0x2c95b026, L:/127.0.0.1:54485 - R:localhost/127.0.0.1:62294] for POST '/session/96809fa69dd1563478418e91fd36625d/element/de61caa6-ff93-4be4-bce7-4e02b2120ce6/clear'
21:25:55.304 [AsyncHttpClient-1-2] DEBUG org.asynchttpclient.netty.handler.HttpHandler - 

Request DefaultHttpRequest(decodeResult: success, version: HTTP/1.1)
POST /session/96809fa69dd1563478418e91fd36625d/element/de61caa6-ff93-4be4-bce7-4e02b2120ce6/clear HTTP/1.1
User-Agent: selenium/4.1.2 (java windows)
Content-Length: 50
Content-Type: application/json; charset=utf-8
host: localhost:62294
accept: */*

Response DefaultHttpResponse(decodeResult: success, version: HTTP/1.1)
HTTP/1.1 200 OK
Content-Type: application/json; charset=utf-8
cache-control: no-cache
content-length: 14

21:25:55.305 [AsyncHttpClient-1-2] DEBUG org.asynchttpclient.netty.channel.ChannelManager - Adding key: http://localhost:62294 for channel [id: 0x2c95b026, L:/127.0.0.1:54485 - R:localhost/127.0.0.1:62294]
21:25:55.310 [Forwarding sendKeysToElement on session 96809fa69dd1563478418e91fd36625d to remote] DEBUG org.asynchttpclient.netty.request.NettyRequestSender - Using pooled Channel '[id: 0x2c95b026, L:/127.0.0.1:54485 - R:localhost/127.0.0.1:62294]' for 'POST' to 'http://localhost:62294/session/96809fa69dd1563478418e91fd36625d/element/de61caa6-ff93-4be4-bce7-4e02b2120ce6/value'
21:25:55.310 [Forwarding sendKeysToElement on session 96809fa69dd1563478418e91fd36625d to remote] DEBUG org.asynchttpclient.netty.request.NettyRequestSender - Using open Channel [id: 0x2c95b026, L:/127.0.0.1:54485 - R:localhost/127.0.0.1:62294] for POST '/session/96809fa69dd1563478418e91fd36625d/element/de61caa6-ff93-4be4-bce7-4e02b2120ce6/value'
21:25:55.336 [AsyncHttpClient-1-1] DEBUG org.asynchttpclient.netty.channel.DefaultChannelPool - Entry count for : http://localhost:54487 : 1
21:25:55.379 [AsyncHttpClient-1-2] DEBUG org.asynchttpclient.netty.handler.HttpHandler - 

Request DefaultHttpRequest(decodeResult: success, version: HTTP/1.1)
POST /session/96809fa69dd1563478418e91fd36625d/element/de61caa6-ff93-4be4-bce7-4e02b2120ce6/value HTTP/1.1
User-Agent: selenium/4.1.2 (java windows)
Content-Length: 171
Content-Type: application/json; charset=utf-8
host: localhost:62294
accept: */*

Response DefaultHttpResponse(decodeResult: success, version: HTTP/1.1)
HTTP/1.1 200 OK
Content-Type: application/json; charset=utf-8
cache-control: no-cache
content-length: 14

21:25:55.379 [AsyncHttpClient-1-2] DEBUG org.asynchttpclient.netty.channel.ChannelManager - Adding key: http://localhost:62294 for channel [id: 0x2c95b026, L:/127.0.0.1:54485 - R:localhost/127.0.0.1:62294]
21:25:55.385 [Forwarding findElement on session 96809fa69dd1563478418e91fd36625d to remote] DEBUG org.asynchttpclient.netty.request.NettyRequestSender - Using pooled Channel '[id: 0x2c95b026, L:/127.0.0.1:54485 - R:localhost/127.0.0.1:62294]' for 'POST' to 'http://localhost:62294/session/96809fa69dd1563478418e91fd36625d/element'
21:25:55.385 [Forwarding findElement on session 96809fa69dd1563478418e91fd36625d to remote] DEBUG org.asynchttpclient.netty.request.NettyRequestSender - Using open Channel [id: 0x2c95b026, L:/127.0.0.1:54485 - R:localhost/127.0.0.1:62294] for POST '/session/96809fa69dd1563478418e91fd36625d/element'
21:25:55.397 [AsyncHttpClient-1-2] DEBUG org.asynchttpclient.netty.handler.HttpHandler - 

Request DefaultHttpRequest(decodeResult: success, version: HTTP/1.1)
POST /session/96809fa69dd1563478418e91fd36625d/element HTTP/1.1
User-Agent: selenium/4.1.2 (java windows)
Content-Length: 67
Content-Type: application/json; charset=utf-8
host: localhost:62294
accept: */*

Response DefaultHttpResponse(decodeResult: success, version: HTTP/1.1)
HTTP/1.1 200 OK
Content-Type: application/json; charset=utf-8
cache-control: no-cache
content-length: 88

21:25:55.397 [AsyncHttpClient-1-2] DEBUG org.asynchttpclient.netty.channel.ChannelManager - Adding key: http://localhost:62294 for channel [id: 0x2c95b026, L:/127.0.0.1:54485 - R:localhost/127.0.0.1:62294]
21:25:55.401 [Forwarding clearElement on session 96809fa69dd1563478418e91fd36625d to remote] DEBUG org.asynchttpclient.netty.request.NettyRequestSender - Using pooled Channel '[id: 0x2c95b026, L:/127.0.0.1:54485 - R:localhost/127.0.0.1:62294]' for 'POST' to 'http://localhost:62294/session/96809fa69dd1563478418e91fd36625d/element/04e8c151-6c77-4063-9f03-2e98a8c424a4/clear'
21:25:55.401 [Forwarding clearElement on session 96809fa69dd1563478418e91fd36625d to remote] DEBUG org.asynchttpclient.netty.request.NettyRequestSender - Using open Channel [id: 0x2c95b026, L:/127.0.0.1:54485 - R:localhost/127.0.0.1:62294] for POST '/session/96809fa69dd1563478418e91fd36625d/element/04e8c151-6c77-4063-9f03-2e98a8c424a4/clear'
21:25:55.436 [AsyncHttpClient-1-2] DEBUG org.asynchttpclient.netty.handler.HttpHandler - 

Request DefaultHttpRequest(decodeResult: success, version: HTTP/1.1)
POST /session/96809fa69dd1563478418e91fd36625d/element/04e8c151-6c77-4063-9f03-2e98a8c424a4/clear HTTP/1.1
User-Agent: selenium/4.1.2 (java windows)
Content-Length: 50
Content-Type: application/json; charset=utf-8
host: localhost:62294
accept: */*

Response DefaultHttpResponse(decodeResult: success, version: HTTP/1.1)
HTTP/1.1 200 OK
Content-Type: application/json; charset=utf-8
cache-control: no-cache
content-length: 14

21:25:55.436 [AsyncHttpClient-1-2] DEBUG org.asynchttpclient.netty.channel.ChannelManager - Adding key: http://localhost:62294 for channel [id: 0x2c95b026, L:/127.0.0.1:54485 - R:localhost/127.0.0.1:62294]
21:25:55.440 [Forwarding sendKeysToElement on session 96809fa69dd1563478418e91fd36625d to remote] DEBUG org.asynchttpclient.netty.request.NettyRequestSender - Using pooled Channel '[id: 0x2c95b026, L:/127.0.0.1:54485 - R:localhost/127.0.0.1:62294]' for 'POST' to 'http://localhost:62294/session/96809fa69dd1563478418e91fd36625d/element/04e8c151-6c77-4063-9f03-2e98a8c424a4/value'
21:25:55.440 [Forwarding sendKeysToElement on session 96809fa69dd1563478418e91fd36625d to remote] DEBUG org.asynchttpclient.netty.request.NettyRequestSender - Using open Channel [id: 0x2c95b026, L:/127.0.0.1:54485 - R:localhost/127.0.0.1:62294] for POST '/session/96809fa69dd1563478418e91fd36625d/element/04e8c151-6c77-4063-9f03-2e98a8c424a4/value'
21:25:55.484 [AsyncHttpClient-1-2] DEBUG org.asynchttpclient.netty.handler.HttpHandler - 

Request DefaultHttpRequest(decodeResult: success, version: HTTP/1.1)
POST /session/96809fa69dd1563478418e91fd36625d/element/04e8c151-6c77-4063-9f03-2e98a8c424a4/value HTTP/1.1
User-Agent: selenium/4.1.2 (java windows)
Content-Length: 82
Content-Type: application/json; charset=utf-8
host: localhost:62294
accept: */*

Response DefaultHttpResponse(decodeResult: success, version: HTTP/1.1)
HTTP/1.1 200 OK
Content-Type: application/json; charset=utf-8
cache-control: no-cache
content-length: 14

21:25:55.485 [AsyncHttpClient-1-2] DEBUG org.asynchttpclient.netty.channel.ChannelManager - Adding key: http://localhost:62294 for channel [id: 0x2c95b026, L:/127.0.0.1:54485 - R:localhost/127.0.0.1:62294]
21:25:55.499 [Forwarding findElement on session 96809fa69dd1563478418e91fd36625d to remote] DEBUG org.asynchttpclient.netty.request.NettyRequestSender - Using pooled Channel '[id: 0x2c95b026, L:/127.0.0.1:54485 - R:localhost/127.0.0.1:62294]' for 'POST' to 'http://localhost:62294/session/96809fa69dd1563478418e91fd36625d/element'
21:25:55.500 [Forwarding findElement on session 96809fa69dd1563478418e91fd36625d to remote] DEBUG org.asynchttpclient.netty.request.NettyRequestSender - Using open Channel [id: 0x2c95b026, L:/127.0.0.1:54485 - R:localhost/127.0.0.1:62294] for POST '/session/96809fa69dd1563478418e91fd36625d/element'
21:25:55.514 [AsyncHttpClient-1-2] DEBUG org.asynchttpclient.netty.handler.HttpHandler - 

Request DefaultHttpRequest(decodeResult: success, version: HTTP/1.1)
POST /session/96809fa69dd1563478418e91fd36625d/element HTTP/1.1
User-Agent: selenium/4.1.2 (java windows)
Content-Length: 70
Content-Type: application/json; charset=utf-8
host: localhost:62294
accept: */*

Response DefaultHttpResponse(decodeResult: success, version: HTTP/1.1)
HTTP/1.1 200 OK
Content-Type: application/json; charset=utf-8
cache-control: no-cache
content-length: 88

21:25:55.514 [AsyncHttpClient-1-2] DEBUG org.asynchttpclient.netty.channel.ChannelManager - Adding key: http://localhost:62294 for channel [id: 0x2c95b026, L:/127.0.0.1:54485 - R:localhost/127.0.0.1:62294]
21:25:55.517 [Forwarding clearElement on session 96809fa69dd1563478418e91fd36625d to remote] DEBUG org.asynchttpclient.netty.request.NettyRequestSender - Using pooled Channel '[id: 0x2c95b026, L:/127.0.0.1:54485 - R:localhost/127.0.0.1:62294]' for 'POST' to 'http://localhost:62294/session/96809fa69dd1563478418e91fd36625d/element/56b5066d-7e97-4dce-8dc7-3c6fdf84a4c8/clear'
21:25:55.517 [Forwarding clearElement on session 96809fa69dd1563478418e91fd36625d to remote] DEBUG org.asynchttpclient.netty.request.NettyRequestSender - Using open Channel [id: 0x2c95b026, L:/127.0.0.1:54485 - R:localhost/127.0.0.1:62294] for POST '/session/96809fa69dd1563478418e91fd36625d/element/56b5066d-7e97-4dce-8dc7-3c6fdf84a4c8/clear'
21:25:55.550 [AsyncHttpClient-1-2] DEBUG org.asynchttpclient.netty.handler.HttpHandler - 

Request DefaultHttpRequest(decodeResult: success, version: HTTP/1.1)
POST /session/96809fa69dd1563478418e91fd36625d/element/56b5066d-7e97-4dce-8dc7-3c6fdf84a4c8/clear HTTP/1.1
User-Agent: selenium/4.1.2 (java windows)
Content-Length: 50
Content-Type: application/json; charset=utf-8
host: localhost:62294
accept: */*

Response DefaultHttpResponse(decodeResult: success, version: HTTP/1.1)
HTTP/1.1 200 OK
Content-Type: application/json; charset=utf-8
cache-control: no-cache
content-length: 14

21:25:55.551 [AsyncHttpClient-1-2] DEBUG org.asynchttpclient.netty.channel.ChannelManager - Adding key: http://localhost:62294 for channel [id: 0x2c95b026, L:/127.0.0.1:54485 - R:localhost/127.0.0.1:62294]
21:25:55.553 [Forwarding sendKeysToElement on session 96809fa69dd1563478418e91fd36625d to remote] DEBUG org.asynchttpclient.netty.request.NettyRequestSender - Using pooled Channel '[id: 0x2c95b026, L:/127.0.0.1:54485 - R:localhost/127.0.0.1:62294]' for 'POST' to 'http://localhost:62294/session/96809fa69dd1563478418e91fd36625d/element/56b5066d-7e97-4dce-8dc7-3c6fdf84a4c8/value'
21:25:55.553 [Forwarding sendKeysToElement on session 96809fa69dd1563478418e91fd36625d to remote] DEBUG org.asynchttpclient.netty.request.NettyRequestSender - Using open Channel [id: 0x2c95b026, L:/127.0.0.1:54485 - R:localhost/127.0.0.1:62294] for POST '/session/96809fa69dd1563478418e91fd36625d/element/56b5066d-7e97-4dce-8dc7-3c6fdf84a4c8/value'
21:25:55.630 [AsyncHttpClient-1-2] DEBUG org.asynchttpclient.netty.handler.HttpHandler - 

Request DefaultHttpRequest(decodeResult: success, version: HTTP/1.1)
POST /session/96809fa69dd1563478418e91fd36625d/element/56b5066d-7e97-4dce-8dc7-3c6fdf84a4c8/value HTTP/1.1
User-Agent: selenium/4.1.2 (java windows)
Content-Length: 211
Content-Type: application/json; charset=utf-8
host: localhost:62294
accept: */*

Response DefaultHttpResponse(decodeResult: success, version: HTTP/1.1)
HTTP/1.1 200 OK
Content-Type: application/json; charset=utf-8
cache-control: no-cache
content-length: 14

21:25:55.630 [AsyncHttpClient-1-2] DEBUG org.asynchttpclient.netty.channel.ChannelManager - Adding key: http://localhost:62294 for channel [id: 0x2c95b026, L:/127.0.0.1:54485 - R:localhost/127.0.0.1:62294]
21:25:55.638 [Forwarding findElement on session 96809fa69dd1563478418e91fd36625d to remote] DEBUG org.asynchttpclient.netty.request.NettyRequestSender - Using pooled Channel '[id: 0x2c95b026, L:/127.0.0.1:54485 - R:localhost/127.0.0.1:62294]' for 'POST' to 'http://localhost:62294/session/96809fa69dd1563478418e91fd36625d/element'
21:25:55.638 [Forwarding findElement on session 96809fa69dd1563478418e91fd36625d to remote] DEBUG org.asynchttpclient.netty.request.NettyRequestSender - Using open Channel [id: 0x2c95b026, L:/127.0.0.1:54485 - R:localhost/127.0.0.1:62294] for POST '/session/96809fa69dd1563478418e91fd36625d/element'
21:25:55.652 [AsyncHttpClient-1-2] DEBUG org.asynchttpclient.netty.handler.HttpHandler - 

Request DefaultHttpRequest(decodeResult: success, version: HTTP/1.1)
POST /session/96809fa69dd1563478418e91fd36625d/element HTTP/1.1
User-Agent: selenium/4.1.2 (java windows)
Content-Length: 77
Content-Type: application/json; charset=utf-8
host: localhost:62294
accept: */*

Response DefaultHttpResponse(decodeResult: success, version: HTTP/1.1)
HTTP/1.1 200 OK
Content-Type: application/json; charset=utf-8
cache-control: no-cache
content-length: 88

21:25:55.653 [AsyncHttpClient-1-2] DEBUG org.asynchttpclient.netty.channel.ChannelManager - Adding key: http://localhost:62294 for channel [id: 0x2c95b026, L:/127.0.0.1:54485 - R:localhost/127.0.0.1:62294]
21:25:55.658 [Forwarding clearElement on session 96809fa69dd1563478418e91fd36625d to remote] DEBUG org.asynchttpclient.netty.request.NettyRequestSender - Using pooled Channel '[id: 0x2c95b026, L:/127.0.0.1:54485 - R:localhost/127.0.0.1:62294]' for 'POST' to 'http://localhost:62294/session/96809fa69dd1563478418e91fd36625d/element/ddb81f03-654e-4864-abb1-2574e6b06084/clear'
21:25:55.658 [Forwarding clearElement on session 96809fa69dd1563478418e91fd36625d to remote] DEBUG org.asynchttpclient.netty.request.NettyRequestSender - Using open Channel [id: 0x2c95b026, L:/127.0.0.1:54485 - R:localhost/127.0.0.1:62294] for POST '/session/96809fa69dd1563478418e91fd36625d/element/ddb81f03-654e-4864-abb1-2574e6b06084/clear'
21:25:55.693 [AsyncHttpClient-1-2] DEBUG org.asynchttpclient.netty.handler.HttpHandler - 

Request DefaultHttpRequest(decodeResult: success, version: HTTP/1.1)
POST /session/96809fa69dd1563478418e91fd36625d/element/ddb81f03-654e-4864-abb1-2574e6b06084/clear HTTP/1.1
User-Agent: selenium/4.1.2 (java windows)
Content-Length: 50
Content-Type: application/json; charset=utf-8
host: localhost:62294
accept: */*

Response DefaultHttpResponse(decodeResult: success, version: HTTP/1.1)
HTTP/1.1 200 OK
Content-Type: application/json; charset=utf-8
cache-control: no-cache
content-length: 14

21:25:55.693 [AsyncHttpClient-1-2] DEBUG org.asynchttpclient.netty.channel.ChannelManager - Adding key: http://localhost:62294 for channel [id: 0x2c95b026, L:/127.0.0.1:54485 - R:localhost/127.0.0.1:62294]
21:25:55.697 [Forwarding sendKeysToElement on session 96809fa69dd1563478418e91fd36625d to remote] DEBUG org.asynchttpclient.netty.request.NettyRequestSender - Using pooled Channel '[id: 0x2c95b026, L:/127.0.0.1:54485 - R:localhost/127.0.0.1:62294]' for 'POST' to 'http://localhost:62294/session/96809fa69dd1563478418e91fd36625d/element/ddb81f03-654e-4864-abb1-2574e6b06084/value'
21:25:55.697 [Forwarding sendKeysToElement on session 96809fa69dd1563478418e91fd36625d to remote] DEBUG org.asynchttpclient.netty.request.NettyRequestSender - Using open Channel [id: 0x2c95b026, L:/127.0.0.1:54485 - R:localhost/127.0.0.1:62294] for POST '/session/96809fa69dd1563478418e91fd36625d/element/ddb81f03-654e-4864-abb1-2574e6b06084/value'
21:25:55.792 [AsyncHttpClient-1-2] DEBUG org.asynchttpclient.netty.handler.HttpHandler - 

Request DefaultHttpRequest(decodeResult: success, version: HTTP/1.1)
POST /session/96809fa69dd1563478418e91fd36625d/element/ddb81f03-654e-4864-abb1-2574e6b06084/value HTTP/1.1
User-Agent: selenium/4.1.2 (java windows)
Content-Length: 211
Content-Type: application/json; charset=utf-8
host: localhost:62294
accept: */*

Response DefaultHttpResponse(decodeResult: success, version: HTTP/1.1)
HTTP/1.1 200 OK
Content-Type: application/json; charset=utf-8
cache-control: no-cache
content-length: 14

21:25:55.792 [AsyncHttpClient-1-2] DEBUG org.asynchttpclient.netty.channel.ChannelManager - Adding key: http://localhost:62294 for channel [id: 0x2c95b026, L:/127.0.0.1:54485 - R:localhost/127.0.0.1:62294]
  &amp#27;[32mAnd &amp#27;[0m&amp#27;[32mi input &amp#27;[0m&amp#27;[32m&amp#27;[1m"sonyaprds"&amp#27;[0m&amp#27;[32m and &amp#27;[0m&amp#27;[32m&amp#27;[1m"sonya@gmail.com"&amp#27;[0m&amp#27;[32m and &amp#27;[0m&amp#27;[32m&amp#27;[1m"SonyaPrds1511"&amp#27;[0m&amp#27;[32m and &amp#27;[0m&amp#27;[32m&amp#27;[1m"SonyaPrds1511"&amp#27;[0m &amp#27;[90m# starter.stepdefinitions.registerSteps.iInputAndAndAnd(java.lang.String,java.lang.String,java.lang.String,java.lang.String)&amp#27;[0m
21:25:55.802 [Forwarding screenshot on session 96809fa69dd1563478418e91fd36625d to remote] DEBUG org.asynchttpclient.netty.request.NettyRequestSender - Using pooled Channel '[id: 0x2c95b026, L:/127.0.0.1:54485 - R:localhost/127.0.0.1:62294]' for 'GET' to 'http://localhost:62294/session/96809fa69dd1563478418e91fd36625d/screenshot'
21:25:55.802 [Forwarding screenshot on session 96809fa69dd1563478418e91fd36625d to remote] DEBUG org.asynchttpclient.netty.request.NettyRequestSender - Using open Channel [id: 0x2c95b026, L:/127.0.0.1:54485 - R:localhost/127.0.0.1:62294] for GET '/session/96809fa69dd1563478418e91fd36625d/screenshot'
21:25:56.067 [AsyncHttpClient-1-2] DEBUG org.asynchttpclient.netty.handler.HttpHandler - 

Request DefaultFullHttpRequest(decodeResult: success, version: HTTP/1.1, content: EmptyByteBufBE)
GET /session/96809fa69dd1563478418e91fd36625d/screenshot HTTP/1.1
User-Agent: selenium/4.1.2 (java windows)
Cache-Control: no-cache
Content-Type: application/json; charset=utf-8
host: localhost:62294
accept: */*

Response DefaultHttpResponse(decodeResult: success, version: HTTP/1.1)
HTTP/1.1 200 OK
Content-Type: application/json; charset=utf-8
cache-control: no-cache
content-length: 249084

21:25:56.067 [AsyncHttpClient-1-2] DEBUG org.asynchttpclient.netty.channel.ChannelManager - Adding key: http://localhost:62294 for channel [id: 0x2c95b026, L:/127.0.0.1:54485 - R:localhost/127.0.0.1:62294]
21:25:56.083 [main] DEBUG net.serenitybdd.core.photography.Darkroom - Send negative for processing for target\site\serenity\71e93c166039c4853542c3b342f186f1d552fc701258c14dc8ca8c738c1a1747.png
21:25:56.099 [Darkroom Processing Line] DEBUG net.serenitybdd.core.photography.DarkroomProcessingLine - Processing screenshot image in /var/screenshots/screenshot-4195913808859053601
21:25:56.099 [Darkroom Processing Line] DEBUG net.serenitybdd.core.photography.DarkroomProcessingLine - Saving screenshot to target\site\serenity\71e93c166039c4853542c3b342f186f1d552fc701258c14dc8ca8c738c1a1747.png
21:25:56.099 [Forwarding findElement on session 96809fa69dd1563478418e91fd36625d to remote] DEBUG org.asynchttpclient.netty.request.NettyRequestSender - Using pooled Channel '[id: 0x2c95b026, L:/127.0.0.1:54485 - R:localhost/127.0.0.1:62294]' for 'POST' to 'http://localhost:62294/session/96809fa69dd1563478418e91fd36625d/element'
21:25:56.099 [Forwarding findElement on session 96809fa69dd1563478418e91fd36625d to remote] DEBUG org.asynchttpclient.netty.request.NettyRequestSender - Using open Channel [id: 0x2c95b026, L:/127.0.0.1:54485 - R:localhost/127.0.0.1:62294] for POST '/session/96809fa69dd1563478418e91fd36625d/element'
21:25:56.114 [AsyncHttpClient-1-2] DEBUG org.asynchttpclient.netty.handler.HttpHandler - 

Request DefaultHttpRequest(decodeResult: success, version: HTTP/1.1)
POST /session/96809fa69dd1563478418e91fd36625d/element HTTP/1.1
User-Agent: selenium/4.1.2 (java windows)
Content-Length: 56
Content-Type: application/json; charset=utf-8
host: localhost:62294
accept: */*

Response DefaultHttpResponse(decodeResult: success, version: HTTP/1.1)
HTTP/1.1 200 OK
Content-Type: application/json; charset=utf-8
cache-control: no-cache
content-length: 88

21:25:56.114 [AsyncHttpClient-1-2] DEBUG org.asynchttpclient.netty.channel.ChannelManager - Adding key: http://localhost:62294 for channel [id: 0x2c95b026, L:/127.0.0.1:54485 - R:localhost/127.0.0.1:62294]
21:25:56.114 [Forwarding getElementTagName on session 96809fa69dd1563478418e91fd36625d to remote] DEBUG org.asynchttpclient.netty.request.NettyRequestSender - Using pooled Channel '[id: 0x2c95b026, L:/127.0.0.1:54485 - R:localhost/127.0.0.1:62294]' for 'GET' to 'http://localhost:62294/session/96809fa69dd1563478418e91fd36625d/element/a078e68b-1b66-44d1-b0c4-5d94a232dbb9/name'
21:25:56.114 [Forwarding getElementTagName on session 96809fa69dd1563478418e91fd36625d to remote] DEBUG org.asynchttpclient.netty.request.NettyRequestSender - Using open Channel [id: 0x2c95b026, L:/127.0.0.1:54485 - R:localhost/127.0.0.1:62294] for GET '/session/96809fa69dd1563478418e91fd36625d/element/a078e68b-1b66-44d1-b0c4-5d94a232dbb9/name'
21:25:56.130 [AsyncHttpClient-1-2] DEBUG org.asynchttpclient.netty.handler.HttpHandler - 

Request DefaultFullHttpRequest(decodeResult: success, version: HTTP/1.1, content: EmptyByteBufBE)
GET /session/96809fa69dd1563478418e91fd36625d/element/a078e68b-1b66-44d1-b0c4-5d94a232dbb9/name HTTP/1.1
User-Agent: selenium/4.1.2 (java windows)
Cache-Control: no-cache
Content-Type: application/json; charset=utf-8
host: localhost:62294
accept: */*

Response DefaultHttpResponse(decodeResult: success, version: HTTP/1.1)
HTTP/1.1 200 OK
Content-Type: application/json; charset=utf-8
cache-control: no-cache
content-length: 18

21:25:56.130 [AsyncHttpClient-1-2] DEBUG org.asynchttpclient.netty.channel.ChannelManager - Adding key: http://localhost:62294 for channel [id: 0x2c95b026, L:/127.0.0.1:54485 - R:localhost/127.0.0.1:62294]
21:25:56.132 [Forwarding getElementTagName on session 96809fa69dd1563478418e91fd36625d to remote] DEBUG org.asynchttpclient.netty.request.NettyRequestSender - Using pooled Channel '[id: 0x2c95b026, L:/127.0.0.1:54485 - R:localhost/127.0.0.1:62294]' for 'GET' to 'http://localhost:62294/session/96809fa69dd1563478418e91fd36625d/element/a078e68b-1b66-44d1-b0c4-5d94a232dbb9/name'
21:25:56.132 [Forwarding getElementTagName on session 96809fa69dd1563478418e91fd36625d to remote] DEBUG org.asynchttpclient.netty.request.NettyRequestSender - Using open Channel [id: 0x2c95b026, L:/127.0.0.1:54485 - R:localhost/127.0.0.1:62294] for GET '/session/96809fa69dd1563478418e91fd36625d/element/a078e68b-1b66-44d1-b0c4-5d94a232dbb9/name'
21:25:56.134 [AsyncHttpClient-1-2] DEBUG org.asynchttpclient.netty.handler.HttpHandler - 

Request DefaultFullHttpRequest(decodeResult: success, version: HTTP/1.1, content: EmptyByteBufBE)
GET /session/96809fa69dd1563478418e91fd36625d/element/a078e68b-1b66-44d1-b0c4-5d94a232dbb9/name HTTP/1.1
User-Agent: selenium/4.1.2 (java windows)
Cache-Control: no-cache
Content-Type: application/json; charset=utf-8
host: localhost:62294
accept: */*

Response DefaultHttpResponse(decodeResult: success, version: HTTP/1.1)
HTTP/1.1 200 OK
Content-Type: application/json; charset=utf-8
cache-control: no-cache
content-length: 18

[...]
21:25:56.150 [Forwarding isElementEnabled on session 96809fa69dd1563478418e91fd36625d to remote] DEBUG org.asynchttpclient.netty.request.NettyRequestSender - Using open Channel [id: 0x2c95b026, L:/127.0.0.1:54485 - R:localhost/127.0.0.1:62294] for GET '/session/96809fa69dd1563478418e91fd36625d/element/a078e68b-1b66-44d1-b0c4-5d94a232dbb9/enabled'
21:25:56.150 [AsyncHttpClient-1-2] DEBUG org.asynchttpclient.netty.handler.HttpHandler - 

Request DefaultFullHttpRequest(decodeResult: success, version: HTTP/1.1, content: EmptyByteBufBE)
GET /session/96809fa69dd1563478418e91fd36625d/element/a078e68b-1b66-44d1-b0c4-5d94a232dbb9/enabled HTTP/1.1
User-Agent: selenium/4.1.2 (java windows)
Cache-Control: no-cache
Content-Type: application/json; charset=utf-8
host: localhost:62294
accept: */*

Response DefaultHttpResponse(decodeResult: success, version: HTTP/1.1)
HTTP/1.1 200 OK
Content-Type: application/json; charset=utf-8
cache-control: no-cache
content-length: 14

21:25:56.150 [AsyncHttpClient-1-2] DEBUG org.asynchttpclient.netty.channel.ChannelManager - Adding key: http://localhost:62294 for channel [id: 0x2c95b026, L:/127.0.0.1:54485 - R:localhost/127.0.0.1:62294]
21:25:56.150 [Forwarding findElement on session 96809fa69dd1563478418e91fd36625d to remote] DEBUG org.asynchttpclient.netty.request.NettyRequestSender - Using pooled Channel '[id: 0x2c95b026, L:/127.0.0.1:54485 - R:localhost/127.0.0.1:62294]' for 'POST' to 'http://localhost:62294/session/96809fa69dd1563478418e91fd36625d/element'
21:25:56.150 [Forwarding findElement on session 96809fa69dd1563478418e91fd36625d to remote] DEBUG org.asynchttpclient.netty.request.NettyRequestSender - Using open Channel [id: 0x2c95b026, L:/127.0.0.1:54485 - R:localhost/127.0.0.1:62294] for POST '/session/96809fa69dd1563478418e91fd36625d/element'
21:25:56.165 [AsyncHttpClient-1-2] DEBUG org.asynchttpclient.netty.handler.HttpHandler - 

Request DefaultHttpRequest(decodeResult: success, version: HTTP/1.1)
POST /session/96809fa69dd1563478418e91fd36625d/element HTTP/1.1
User-Agent: selenium/4.1.2 (java windows)
Content-Length: 56
Content-Type: application/json; charset=utf-8
host: localhost:62294
accept: */*

Response DefaultHttpResponse(decodeResult: success, version: HTTP/1.1)
HTTP/1.1 200 OK
Content-Type: application/json; charset=utf-8
cache-control: no-cache
content-length: 88

21:25:56.165 [AsyncHttpClient-1-2] DEBUG org.asynchttpclient.netty.channel.ChannelManager - Adding key: http://localhost:62294 for channel [id: 0x2c95b026, L:/127.0.0.1:54485 - R:localhost/127.0.0.1:62294]
21:25:56.165 [Forwarding clickElement on session 96809fa69dd1563478418e91fd36625d to remote] DEBUG org.asynchttpclient.netty.request.NettyRequestSender - Using pooled Channel '[id: 0x2c95b026, L:/127.0.0.1:54485 - R:localhost/127.0.0.1:62294]' for 'POST' to 'http://localhost:62294/session/96809fa69dd1563478418e91fd36625d/element/a078e68b-1b66-44d1-b0c4-5d94a232dbb9/click'
21:25:56.165 [Forwarding clickElement on session 96809fa69dd1563478418e91fd36625d to remote] DEBUG org.asynchttpclient.netty.request.NettyRequestSender - Using open Channel [id: 0x2c95b026, L:/127.0.0.1:54485 - R:localhost/127.0.0.1:62294] for POST '/session/96809fa69dd1563478418e91fd36625d/element/a078e68b-1b66-44d1-b0c4-5d94a232dbb9/click'
21:25:56.261 [AsyncHttpClient-1-2] DEBUG org.asynchttpclient.netty.handler.HttpHandler - 

Request DefaultHttpRequest(decodeResult: success, version: HTTP/1.1)
POST /session/96809fa69dd1563478418e91fd36625d/element/a078e68b-1b66-44d1-b0c4-5d94a232dbb9/click HTTP/1.1
User-Agent: selenium/4.1.2 (java windows)
Content-Length: 50
Content-Type: application/json; charset=utf-8
host: localhost:62294
accept: */*

Response DefaultHttpResponse(decodeResult: success, version: HTTP/1.1)
HTTP/1.1 200 OK
Content-Type: application/json; charset=utf-8
cache-control: no-cache
content-length: 14

21:25:56.261 [AsyncHttpClient-1-2] DEBUG org.asynchttpclient.netty.channel.ChannelManager - Adding key: http://localhost:62294 for channel [id: 0x2c95b026, L:/127.0.0.1:54485 - R:localhost/127.0.0.1:62294]
  &amp#27;[32mAnd &amp#27;[0m&amp#27;[32mi click continue button&amp#27;[0m                                                           &amp#27;[90m# starter.stepdefinitions.registerSteps.iClickContinueButton()&amp#27;[0m
21:25:56.275 [Forwarding screenshot on session 96809fa69dd1563478418e91fd36625d to remote] DEBUG org.asynchttpclient.netty.request.NettyRequestSender - Using pooled Channel '[id: 0x2c95b026, L:/127.0.0.1:54485 - R:localhost/127.0.0.1:62294]' for 'GET' to 'http://localhost:62294/session/96809fa69dd1563478418e91fd36625d/screenshot'
21:25:56.275 [Forwarding screenshot on session 96809fa69dd1563478418e91fd36625d to remote] DEBUG org.asynchttpclient.netty.request.NettyRequestSender - Using open Channel [id: 0x2c95b026, L:/127.0.0.1:54485 - R:localhost/127.0.0.1:62294] for GET '/session/96809fa69dd1563478418e91fd36625d/screenshot'
21:25:56.435 [AsyncHttpClient-1-1] DEBUG org.asynchttpclient.netty.channel.DefaultChannelPool - Entry count for : http://localhost:54487 : 1
21:25:56.725 [AsyncHttpClient-1-2] DEBUG org.asynchttpclient.netty.handler.HttpHandler - 

Request DefaultFullHttpRequest(decodeResult: success, version: HTTP/1.1, content: EmptyByteBufBE)
GET /session/96809fa69dd1563478418e91fd36625d/screenshot HTTP/1.1
User-Agent: selenium/4.1.2 (java windows)
Cache-Control: no-cache
Content-Type: application/json; charset=utf-8
host: localhost:62294
accept: */*

Response DefaultHttpResponse(decodeResult: success, version: HTTP/1.1)
HTTP/1.1 200 OK
Content-Type: application/json; charset=utf-8
cache-control: no-cache
content-length: 141424

21:25:56.725 [AsyncHttpClient-1-2] DEBUG org.asynchttpclient.netty.channel.ChannelManager - Adding key: http://localhost:62294 for channel [id: 0x2c95b026, L:/127.0.0.1:54485 - R:localhost/127.0.0.1:62294]
21:25:56.745 [main] DEBUG net.serenitybdd.core.photography.Darkroom - Send negative for processing for target\site\serenity\09b6bcdb0cd9a3c944cdad818ed0bcbee3a1eea72d8b6b673ac203c6473758da.png
21:25:56.746 [Darkroom Processing Line] DEBUG net.serenitybdd.core.photography.DarkroomProcessingLine - Processing screenshot image in /var/screenshots/screenshot-14219115780054427300
21:25:56.746 [Darkroom Processing Line] DEBUG net.serenitybdd.core.photography.DarkroomProcessingLine - Saving screenshot to target\site\serenity\09b6bcdb0cd9a3c944cdad818ed0bcbee3a1eea72d8b6b673ac203c6473758da.png
21:25:56.757 [Forwarding findElement on session 96809fa69dd1563478418e91fd36625d to remote] DEBUG org.asynchttpclient.netty.request.NettyRequestSender - Using pooled Channel '[id: 0x2c95b026, L:/127.0.0.1:54485 - R:localhost/127.0.0.1:62294]' for 'POST' to 'http://localhost:62294/session/96809fa69dd1563478418e91fd36625d/element'
21:25:56.757 [Forwarding findElement on session 96809fa69dd1563478418e91fd36625d to remote] DEBUG org.asynchttpclient.netty.request.NettyRequestSender - Using open Channel [id: 0x2c95b026, L:/127.0.0.1:54485 - R:localhost/127.0.0.1:62294] for POST '/session/96809fa69dd1563478418e91fd36625d/element'
21:25:56.771 [AsyncHttpClient-1-2] DEBUG org.asynchttpclient.netty.handler.HttpHandler - 

Request DefaultHttpRequest(decodeResult: success, version: HTTP/1.1)
POST /session/96809fa69dd1563478418e91fd36625d/element HTTP/1.1
User-Agent: selenium/4.1.2 (java windows)
Content-Length: 90
Content-Type: application/json; charset=utf-8
host: localhost:62294
accept: */*

Response DefaultHttpResponse(decodeResult: success, version: HTTP/1.1)
HTTP/1.1 200 OK
Content-Type: application/json; charset=utf-8
cache-control: no-cache
content-length: 88

21:25:56.771 [AsyncHttpClient-1-2] DEBUG org.asynchttpclient.netty.channel.ChannelManager - Adding key: http://localhost:62294 for channel [id: 0x2c95b026, L:/127.0.0.1:54485 - R:localhost/127.0.0.1:62294]
21:25:56.779 [Forwarding isElementDisplayed on session 96809fa69dd1563478418e91fd36625d to remote] DEBUG org.asynchttpclient.netty.request.NettyRequestSender - Using pooled Channel '[id: 0x2c95b026, L:/127.0.0.1:54485 - R:localhost/127.0.0.1:62294]' for 'POST' to 'http://localhost:62294/session/96809fa69dd1563478418e91fd36625d/execute/sync'
21:25:56.780 [Forwarding isElementDisplayed on session 96809fa69dd1563478418e91fd36625d to remote] DEBUG org.asynchttpclient.netty.request.NettyRequestSender - Using open Channel [id: 0x2c95b026, L:/127.0.0.1:54485 - R:localhost/127.0.0.1:62294] for POST '/session/96809fa69dd1563478418e91fd36625d/execute/sync'
21:25:56.792 [AsyncHttpClient-1-2] DEBUG org.asynchttpclient.netty.handler.HttpHandler - 

Request DefaultHttpRequest(decodeResult: success, version: HTTP/1.1)
POST /session/96809fa69dd1563478418e91fd36625d/execute/sync HTTP/1.1
User-Agent: selenium/4.1.2 (java windows)
Content-Length: 48780
Content-Type: application/json; charset=utf-8
host: localhost:62294
accept: */*

Response DefaultHttpResponse(decodeResult: success, version: HTTP/1.1)
HTTP/1.1 200 OK
Content-Type: application/json; charset=utf-8
cache-control: no-cache
content-length: 14

21:25:56.792 [AsyncHttpClient-1-2] DEBUG org.asynchttpclient.netty.channel.ChannelManager - Adding key: http://localhost:62294 for channel [id: 0x2c95b026, L:/127.0.0.1:54485 - R:localhost/127.0.0.1:62294]
  &amp#27;[32mThen &amp#27;[0m&amp#27;[32mi get my &amp#27;[0m&amp#27;[32m&amp#27;[1m"new user"&amp#27;[0m                                                              &amp#27;[90m# starter.stepdefinitions.registerSteps.iGetMy(java.lang.String)&amp#27;[0m
21:25:56.799 [Forwarding screenshot on session 96809fa69dd1563478418e91fd36625d to remote] DEBUG org.asynchttpclient.netty.request.NettyRequestSender - Using pooled Channel '[id: 0x2c95b026, L:/127.0.0.1:54485 - R:localhost/127.0.0.1:62294]' for 'GET' to 'http://localhost:62294/session/96809fa69dd1563478418e91fd36625d/screenshot'
21:25:56.800 [Forwarding screenshot on session 96809fa69dd1563478418e91fd36625d to remote] DEBUG org.asynchttpclient.netty.request.NettyRequestSender - Using open Channel [id: 0x2c95b026, L:/127.0.0.1:54485 - R:localhost/127.0.0.1:62294] for GET '/session/96809fa69dd1563478418e91fd36625d/screenshot'
21:25:57.078 [AsyncHttpClient-1-2] DEBUG org.asynchttpclient.netty.handler.HttpHandler - 

Request DefaultFullHttpRequest(decodeResult: success, version: HTTP/1.1, content: EmptyByteBufBE)
GET /session/96809fa69dd1563478418e91fd36625d/screenshot HTTP/1.1
User-Agent: selenium/4.1.2 (java windows)
Cache-Control: no-cache
Content-Type: application/json; charset=utf-8
host: localhost:62294
accept: */*

Response DefaultHttpResponse(decodeResult: success, version: HTTP/1.1)
HTTP/1.1 200 OK
Content-Type: application/json; charset=utf-8
cache-control: no-cache
content-length: 139280

21:25:57.080 [AsyncHttpClient-1-2] DEBUG org.asynchttpclient.netty.channel.ChannelManager - Adding key: http://localhost:62294 for channel [id: 0x2c95b026, L:/127.0.0.1:54485 - R:localhost/127.0.0.1:62294]
21:25:57.091 [main] DEBUG net.serenitybdd.core.photography.Darkroom - Send negative for processing for target\site\serenity\e882e6bebb9a78b16b1de1f9fd3e43b86127b1453f46b899c12ab2f7e3b4e842.png
21:25:57.092 [Darkroom Processing Line] DEBUG net.serenitybdd.core.photography.DarkroomProcessingLine - Processing screenshot image in /var/screenshots/screenshot-10407434661782991154
21:25:57.092 [Darkroom Processing Line] DEBUG net.serenitybdd.core.photography.DarkroomProcessingLine - Saving screenshot to target\site\serenity\e882e6bebb9a78b16b1de1f9fd3e43b86127b1453f46b899c12ab2f7e3b4e842.png
21:25:57.228 [Driver Command Executor] DEBUG org.asynchttpclient.netty.request.NettyRequestSender - Using pooled Channel '[id: 0x2c95b026, L:/127.0.0.1:54485 - R:localhost/127.0.0.1:62294]' for 'DELETE' to 'http://localhost:62294/session/96809fa69dd1563478418e91fd36625d'
21:25:57.228 [Driver Command Executor] DEBUG org.asynchttpclient.netty.request.NettyRequestSender - Using open Channel [id: 0x2c95b026, L:/127.0.0.1:54485 - R:localhost/127.0.0.1:62294] for DELETE '/session/96809fa69dd1563478418e91fd36625d'
21:25:57.230 [AsyncHttpClient-1-4] DEBUG org.asynchttpclient.netty.handler.WebSocketHandler - Channel Closed: [id: 0x1c9623b2, L:/127.0.0.1:54495 ! R:localhost/127.0.0.1:54487] with attribute NettyResponseFuture{currentRetry=5,
	isDone=1,
	isCancelled=0,
	asyncHandler=org.asynchttpclient.ws.WebSocketUpgradeHandler@1d3eedaa,
	nettyRequest=org.asynchttpclient.netty.request.NettyRequest@2de89f17,
	future=java.util.concurrent.CompletableFuture@7248dddc[Completed normally],
	uri=ws://localhost:54487/devtools/browser/b43c7c32-4459-435c-8458-e0833cdc76d4,
	keepAlive=true,
	redirectCount=0,
	timeoutsHolder=null,
	inAuth=0,
	touch=1658413545597}
21:25:57.231 [AsyncHttpClient-1-4] DEBUG org.asynchttpclient.netty.channel.ChannelManager - Closing Channel [id: 0x1c9623b2, L:/127.0.0.1:54495 ! R:localhost/127.0.0.1:54487] 
21:25:57.300 [AsyncHttpClient-1-3] DEBUG org.asynchttpclient.netty.handler.HttpHandler - Unexpected I/O exception on channel [id: 0xd5bb7b6a, L:/127.0.0.1:54494 - R:localhost/127.0.0.1:54487]
java.net.SocketException: Connection reset
	at java.base/sun.nio.ch.SocketChannelImpl.throwConnectionReset(SocketChannelImpl.java:367)
	at java.base/sun.nio.ch.SocketChannelImpl.read(SocketChannelImpl.java:398)
	at io.netty.buffer.PooledByteBuf.setBytes(PooledByteBuf.java:258)
	at io.netty.buffer.AbstractByteBuf.writeBytes(AbstractByteBuf.java:1132)
	at io.netty.channel.socket.nio.NioSocketChannel.doReadBytes(NioSocketChannel.java:350)
	at io.netty.channel.nio.AbstractNioByteChannel$NioByteUnsafe.read(AbstractNioByteChannel.java:151)
	at io.netty.channel.nio.NioEventLoop.processSelectedKey(NioEventLoop.java:722)
	at io.netty.channel.nio.NioEventLoop.processSelectedKeysOptimized(NioEventLoop.java:658)
	at io.netty.channel.nio.NioEventLoop.processSelectedKeys(NioEventLoop.java:584)
	at io.netty.channel.nio.NioEventLoop.run(NioEventLoop.java:496)
	at io.netty.util.concurrent.SingleThreadEventExecutor$4.run(SingleThreadEventExecutor.java:986)
	at io.netty.util.internal.ThreadExecutorMap$2.run(ThreadExecutorMap.java:74)
	at io.netty.util.concurrent.FastThreadLocalRunnable.run(FastThreadLocalRunnable.java:30)
	at java.base/java.lang.Thread.run(Thread.java:832)
21:25:57.300 [AsyncHttpClient-1-3] DEBUG org.asynchttpclient.netty.channel.ChannelManager - Closing Channel [id: 0xd5bb7b6a, L:/127.0.0.1:54494 - R:localhost/127.0.0.1:54487] 
21:25:57.300 [AsyncHttpClient-1-3] DEBUG org.asynchttpclient.netty.handler.HttpHandler - Channel Closed: [id: 0xd5bb7b6a, L:/127.0.0.1:54494 ! R:localhost/127.0.0.1:54487] with attribute DISCARD
21:25:57.359 [AsyncHttpClient-1-2] DEBUG org.asynchttpclient.netty.handler.HttpHandler - 

Request DefaultFullHttpRequest(decodeResult: success, version: HTTP/1.1, content: EmptyByteBufBE)
DELETE /session/96809fa69dd1563478418e91fd36625d HTTP/1.1
User-Agent: selenium/4.1.2 (java windows)
Content-Type: application/json; charset=utf-8
host: localhost:62294
accept: */*

Response DefaultHttpResponse(decodeResult: success, version: HTTP/1.1)
HTTP/1.1 200 OK
Content-Type: application/json; charset=utf-8
cache-control: no-cache
content-length: 14

21:25:57.359 [AsyncHttpClient-1-2] DEBUG org.asynchttpclient.netty.channel.ChannelManager - Adding key: http://localhost:62294 for channel [id: 0x2c95b026, L:/127.0.0.1:54485 - R:localhost/127.0.0.1:62294]
21:25:57.533 [AsyncHttpClient-1-1] DEBUG org.asynchttpclient.netty.channel.DefaultChannelPool - Entry count for : http://localhost:62294 : 1
21:25:57.533 [AsyncHttpClient-1-1] DEBUG org.asynchttpclient.netty.channel.DefaultChannelPool - Entry count for : http://localhost:54487 : 1
21:25:57.533 [AsyncHttpClient-1-1] DEBUG org.asynchttpclient.netty.channel.DefaultChannelPool - Adding Candidate expired Channel [id: 0xd5bb7b6a, L:/127.0.0.1:54494 ! R:localhost/127.0.0.1:54487] isIdleTimeoutExpired=false isRemotelyClosed=true isTtlExpired=false
21:25:57.533 [AsyncHttpClient-1-1] DEBUG org.asynchttpclient.netty.channel.DefaultChannelPool - Closing Idle Channel [id: 0xd5bb7b6a, L:/127.0.0.1:54494 ! R:localhost/127.0.0.1:54487]
21:25:57.533 [AsyncHttpClient-1-1] DEBUG org.asynchttpclient.netty.channel.DefaultChannelPool - Closed 1 connections out of 2 in 0 ms
21:25:58.384 [AsyncHttpClient-1-2] DEBUG org.asynchttpclient.netty.handler.HttpHandler - Unexpected I/O exception on channel [id: 0x2c95b026, L:/127.0.0.1:54485 - R:localhost/127.0.0.1:62294]
java.net.SocketException: Connection reset
	at java.base/sun.nio.ch.SocketChannelImpl.throwConnectionReset(SocketChannelImpl.java:367)
	at java.base/sun.nio.ch.SocketChannelImpl.read(SocketChannelImpl.java:398)
	at io.netty.buffer.PooledByteBuf.setBytes(PooledByteBuf.java:258)
	at io.netty.buffer.AbstractByteBuf.writeBytes(AbstractByteBuf.java:1132)
	at io.netty.buffer.WrappedByteBuf.writeBytes(WrappedByteBuf.java:821)
	at io.netty.channel.socket.nio.NioSocketChannel.doReadBytes(NioSocketChannel.java:350)
	at io.netty.channel.nio.AbstractNioByteChannel$NioByteUnsafe.read(AbstractNioByteChannel.java:151)
	at io.netty.channel.nio.NioEventLoop.processSelectedKey(NioEventLoop.java:722)
	at io.netty.channel.nio.NioEventLoop.processSelectedKeysOptimized(NioEventLoop.java:658)
	at io.netty.channel.nio.NioEventLoop.processSelectedKeys(NioEventLoop.java:584)
	at io.netty.channel.nio.NioEventLoop.run(NioEventLoop.java:496)
	at io.netty.util.concurrent.SingleThreadEventExecutor$4.run(SingleThreadEventExecutor.java:986)
	at io.netty.util.internal.ThreadExecutorMap$2.run(ThreadExecutorMap.java:74)
	at io.netty.util.concurrent.FastThreadLocalRunnable.run(FastThreadLocalRunnable.java:30)
	at java.base/java.lang.Thread.run(Thread.java:832)
21:25:58.384 [AsyncHttpClient-1-2] DEBUG org.asynchttpclient.netty.channel.ChannelManager - Closing Channel [id: 0x2c95b026, L:/127.0.0.1:54485 - R:localhost/127.0.0.1:62294] 
21:25:58.384 [AsyncHttpClient-1-2] DEBUG org.asynchttpclient.netty.handler.HttpHandler - Channel Closed: [id: 0x2c95b026, L:/127.0.0.1:54485 ! R:localhost/127.0.0.1:62294] with attribute DISCARD
21:25:58.443 [main] INFO  - 
  _____   ___   ___   _____     ___     _     ___   ___   ___   ___  
 |_   _| | __| / __| |_   _|   | _ \   /_\   / __| / __| | __| |   \ 
   | |   | _|  \__ \   | |     |  _/  / _ \  \__ \ \__ \ | _|  | |) |
   |_|   |___| |___/   |_|     |_|   /_/ \_\ |___/ |___/ |___| |___/ 

Registration scenario
----------------------------------------------------------------------
]]></system-out>
    <system-err><![CDATA[Starting ChromeDriver 102.0.5005.61 (0e59bcc00cc4985ce39ad31c150065f159d95ad3-refs/branch-heads/5005@{#819}) on port 62294
Only local connections are allowed.
Please see https://chromedriver.chromium.org/security-considerations for suggestions on keeping ChromeDriver safe.
ChromeDriver was started successfully.
[1658413545.316][WARNING]: This version of ChromeDriver has not been tested with Chrome version 103.
Jul 21, 2022 9:25:45 PM org.openqa.selenium.remote.ProtocolHandshake createSession
INFO: Detected dialect: W3C
Jul 21, 2022 9:25:45 PM org.openqa.selenium.devtools.CdpVersionFinder findNearestMatch
WARNING: Unable to find an exact match for CDP version 103, so returning the closest version found: a no-op implementation
Jul 21, 2022 9:25:45 PM org.openqa.selenium.devtools.CdpVersionFinder findNearestMatch
INFO: Unable to find CDP implementation matching 103.
Jul 21, 2022 9:25:45 PM org.openqa.selenium.chromium.ChromiumDriver lambda$new$3
WARNING: Unable to find version of CDP to use for . You may need to include a dependency on a specific version of the CDP using something similar to `org.seleniumhq.selenium:selenium-devtools-v86:4.1.2` where the version ("v86") matches the version of the chromium-based browser you're using and the version number of the artifact is the same as Selenium's.
]]></system-err>
  </testcase>
</testsuite>