<?xml version="1.0" encoding="UTF-8"?><testsuite errors="1" failures="0" name="Login" skipped="0" tests="1" time="74.02" timestamp="2022-06-06 06:56:54"><testcase name="Login scenario"><error message="An element could not be located on the page using the given search parameters.&#10;For documentation on this error, please visit: https://www.seleniumhq.org/exceptions/no_such_element.html&#10;Build info: version: '3.141.59', revision: 'e82be7d358', time: '2018-11-14T08:17:03'&#10;System info: host: 'DESKTOP-01SKV80', ip: '192.168.100.9', os.name: 'Windows 10', os.arch: 'amd64', os.version: '10.0', java.version: '15.0.1'&#10;Driver info: io.appium.java_client.android.AndroidDriver&#10;Capabilities {AutomationName: UIAutomator2, app: C:\Users\ASUS\Downloads\app..., appPackage: com.example.capstone_flutter, databaseEnabled: false, desired: {AutomationName: UIAutomator2, app: C:\Users\ASUS\Downloads\app..., platformName: android, platformVersion: 11.0, resetKeyboard: true, unicodeKeyboard: true}, deviceApiLevel: 30, deviceManufacturer: OPPO, deviceModel: CPH2059, deviceName: 7f1b1ec2, deviceScreenDensity: 480, deviceScreenSize: 1080x2400, deviceUDID: 7f1b1ec2, javascriptEnabled: true, locationContextEnabled: false, networkConnectionEnabled: true, pixelRatio: 3, platform: LINUX, platformName: Android, platformVersion: 11, resetKeyboard: true, statBarHeight: 110, takesScreenshot: true, unicodeKeyboard: true, viewportRect: {height: 2048, left: 0, top: 110, width: 1080}, warnings: {}, webStorageEnabled: false}&#10;Session ID: 02145991-2c28-4119-a608-6572e932173b&#10;*** Element info: {Using=xpath, value=//android.view.View[@content-desc=&quot;Products&quot;]}&#10;For documentation on this error, please visit: https://www.seleniumhq.org/exceptions/no_such_element.html&#10;Build info: version: '3.141.59', revision: 'e82be7d358', time: '2018-11-14T08:17:03'&#10;System info: host: 'DESKTOP-01SKV80', ip: '192.168.100.9', os.name: 'Windows 10', os.arch: 'amd64', os.version: '10.0', java.version: '15.0.1'&#10;Driver info: driver.version: AndroidDriver" type="org.openqa.selenium.NoSuchElementException">An element could not be located on the page using the given search parameters.
For documentation on this error, please visit: https://www.seleniumhq.org/exceptions/no_such_element.html
Build info: version: '3.141.59', revision: 'e82be7d358', time: '2018-11-14T08:17:03'
System info: host: 'DESKTOP-01SKV80', ip: '192.168.100.9', os.name: 'Windows 10', os.arch: 'amd64', os.version: '10.0', java.version: '15.0.1'
Driver info: io.appium.java_client.android.AndroidDriver
Capabilities {AutomationName: UIAutomator2, app: C:\Users\ASUS\Downloads\app..., appPackage: com.example.capstone_flutter, databaseEnabled: false, desired: {AutomationName: UIAutomator2, app: C:\Users\ASUS\Downloads\app..., platformName: android, platformVersion: 11.0, resetKeyboard: true, unicodeKeyboard: true}, deviceApiLevel: 30, deviceManufacturer: OPPO, deviceModel: CPH2059, deviceName: 7f1b1ec2, deviceScreenDensity: 480, deviceScreenSize: 1080x2400, deviceUDID: 7f1b1ec2, javascriptEnabled: true, locationContextEnabled: false, networkConnectionEnabled: true, pixelRatio: 3, platform: LINUX, platformName: Android, platformVersion: 11, resetKeyboard: true, statBarHeight: 110, takesScreenshot: true, unicodeKeyboard: true, viewportRect: {height: 2048, left: 0, top: 110, width: 1080}, warnings: {}, webStorageEnabled: false}
Session ID: 02145991-2c28-4119-a608-6572e932173b
*** Element info: {Using=xpath, value=//android.view.View[@content-desc="Products"]}
For documentation on this error, please visit: https://www.seleniumhq.org/exceptions/no_such_element.html
Build info: version: '3.141.59', revision: 'e82be7d358', time: '2018-11-14T08:17:03'
System info: host: 'DESKTOP-01SKV80', ip: '192.168.100.9', os.name: 'Windows 10', os.arch: 'amd64', os.version: '10.0', java.version: '15.0.1'
Driver info: driver.version: AndroidDriver</error><system-err>An element could not be located on the page using the given search parameters.
For documentation on this error, please visit: https://www.seleniumhq.org/exceptions/no_such_element.html
Build info: version: '3.141.59', revision: 'e82be7d358', time: '2018-11-14T08:17:03'
System info: host: 'DESKTOP-01SKV80', ip: '192.168.100.9', os.name: 'Windows 10', os.arch: 'amd64', os.version: '10.0', java.version: '15.0.1'
Driver info: io.appium.java_client.android.AndroidDriver
Capabilities {AutomationName: UIAutomator2, app: C:\Users\ASUS\Downloads\app..., appPackage: com.example.capstone_flutter, databaseEnabled: false, desired: {AutomationName: UIAutomator2, app: C:\Users\ASUS\Downloads\app..., platformName: android, platformVersion: 11.0, resetKeyboard: true, unicodeKeyboard: true}, deviceApiLevel: 30, deviceManufacturer: OPPO, deviceModel: CPH2059, deviceName: 7f1b1ec2, deviceScreenDensity: 480, deviceScreenSize: 1080x2400, deviceUDID: 7f1b1ec2, javascriptEnabled: true, locationContextEnabled: false, networkConnectionEnabled: true, pixelRatio: 3, platform: LINUX, platformName: Android, platformVersion: 11, resetKeyboard: true, statBarHeight: 110, takesScreenshot: true, unicodeKeyboard: true, viewportRect: {height: 2048, left: 0, top: 110, width: 1080}, warnings: {}, webStorageEnabled: false}
Session ID: 02145991-2c28-4119-a608-6572e932173b
*** Element info: {Using=xpath, value=//android.view.View[@content-desc="Products"]}
For documentation on this error, please visit: https://www.seleniumhq.org/exceptions/no_such_element.html
Build info: version: '3.141.59', revision: 'e82be7d358', time: '2018-11-14T08:17:03'
System info: host: 'DESKTOP-01SKV80', ip: '192.168.100.9', os.name: 'Windows 10', os.arch: 'amd64', os.version: '10.0', java.version: '15.0.1'
Driver info: driver.version: AndroidDriver&#13;
io.appium.java_client.remote.AppiumCommandExecutor.execute(AppiumCommandExecutor.java:250)&#13;
io.appium.java_client.DefaultGenericMobileDriver.execute(DefaultGenericMobileDriver.java:41)&#13;
io.appium.java_client.AppiumDriver.execute(AppiumDriver.java:1)&#13;
io.appium.java_client.android.AndroidDriver.execute(AndroidDriver.java:1)&#13;
io.appium.java_client.DefaultGenericMobileDriver.findElement(DefaultGenericMobileDriver.java:61)&#13;
io.appium.java_client.AppiumDriver.findElement(AppiumDriver.java:1)&#13;
io.appium.java_client.android.AndroidDriver.findElement(AndroidDriver.java:1)&#13;
io.appium.java_client.DefaultGenericMobileDriver.findElementByXPath(DefaultGenericMobileDriver.java:151)&#13;
io.appium.java_client.AppiumDriver.findElementByXPath(AppiumDriver.java:1)&#13;
io.appium.java_client.android.AndroidDriver.findElementByXPath(AndroidDriver.java:1)&#13;
io.appium.java_client.DefaultGenericMobileDriver.findElement(DefaultGenericMobileDriver.java:57)&#13;
io.appium.java_client.AppiumDriver.findElement(AppiumDriver.java:1)&#13;
io.appium.java_client.android.AndroidDriver.findElement(AndroidDriver.java:1)&#13;
com.example.app.base.BasePageObject.find(BasePageObject.java:29)&#13;
com.example.app.base.BasePageObject.isDisplayed(BasePageObject.java:45)&#13;
com.example.app.pages.HomePage.validateHomePageAppear(HomePage.java:16)&#13;
com.example.steps.LoginSteps.iGetThe(LoginSteps.java:43)&#13;
io.cucumber.java.Invoker.doInvoke(Invoker.java:66)&#13;
io.cucumber.java.Invoker.invoke(Invoker.java:24)&#13;
io.cucumber.java.AbstractGlueDefinition.invokeMethod(AbstractGlueDefinition.java:47)&#13;
io.cucumber.java.JavaStepDefinition.execute(JavaStepDefinition.java:29)&#13;
io.cucumber.core.runner.CoreStepDefinition.execute(CoreStepDefinition.java:66)&#13;
io.cucumber.core.runner.PickleStepDefinitionMatch.runStep(PickleStepDefinitionMatch.java:63)&#13;
io.cucumber.core.runner.TestStep.executeStep(TestStep.java:92)&#13;
io.cucumber.core.runner.TestStep.run(TestStep.java:63)&#13;
io.cucumber.core.runner.PickleStepTestStep.run(PickleStepTestStep.java:49)&#13;
io.cucumber.core.runner.TestCase.run(TestCase.java:99)&#13;
io.cucumber.core.runner.Runner.runPickle(Runner.java:71)&#13;
io.cucumber.junit.FeatureRunner.runChild(FeatureRunner.java:135)&#13;
io.cucumber.junit.FeatureRunner.runChild(FeatureRunner.java:27)&#13;
io.cucumber.junit.CucumberSerenityRunner.runChild(CucumberSerenityRunner.java:234)&#13;
io.cucumber.junit.CucumberSerenityRunner.runChild(CucumberSerenityRunner.java:57)&#13;
</system-err></testcase></testsuite>