<?xml version="1.0" encoding="UTF-8"?><testsuite errors="1" failures="0" name="Registration" skipped="0" tests="13" time="2376.72" timestamp="2022-07-22 02:48:52"><testcase name="Registration scenario"><error message="The element 'By.xpath: //android.widget.Button[@content-desc=&quot;Sign Up&quot;]' does not exist in DOM anymore&#10;For documentation on this error, please visit: https://www.seleniumhq.org/exceptions/stale_element_reference.html&#10;Build info: version: '3.141.59', revision: 'e82be7d358', time: '2018-11-14T08:17:03'&#10;System info: host: 'DESKTOP-01SKV80', ip: '192.168.151.208', os.name: 'Windows 10', os.arch: 'amd64', os.version: '10.0', java.version: '15.0.1'&#10;Driver info: io.appium.java_client.android.AndroidDriver&#10;Capabilities {AutomationName: UIAutomator2, app: C:\Users\ASUS\Downloads\For..., appPackage: com.example.capstone_flutter, databaseEnabled: false, desired: {AutomationName: UIAutomator2, app: C:\Users\ASUS\Downloads\For..., platformName: android, platformVersion: 11.0, resetKeyboard: true, unicodeKeyboard: true}, deviceApiLevel: 30, deviceManufacturer: OPPO, deviceModel: CPH2059, deviceName: 7f1b1ec2, deviceScreenDensity: 480, deviceScreenSize: 1080x2400, deviceUDID: 7f1b1ec2, javascriptEnabled: true, locationContextEnabled: false, networkConnectionEnabled: true, pixelRatio: 3, platform: LINUX, platformName: Android, platformVersion: 11, resetKeyboard: true, statBarHeight: 110, takesScreenshot: true, unicodeKeyboard: true, viewportRect: {height: 2048, left: 0, top: 110, width: 1080}, warnings: {}, webStorageEnabled: false}&#10;Session ID: f40831b7-03e6-4caf-afe7-f50647742863&#10;For documentation on this error, please visit: https://www.seleniumhq.org/exceptions/stale_element_reference.html&#10;Build info: version: '3.141.59', revision: 'e82be7d358', time: '2018-11-14T08:17:03'&#10;System info: host: 'DESKTOP-01SKV80', ip: '192.168.151.208', os.name: 'Windows 10', os.arch: 'amd64', os.version: '10.0', java.version: '15.0.1'&#10;Driver info: driver.version: AndroidDriver" type="org.openqa.selenium.StaleElementReferenceException">The element 'By.xpath: //android.widget.Button[@content-desc="Sign Up"]' does not exist in DOM anymore
For documentation on this error, please visit: https://www.seleniumhq.org/exceptions/stale_element_reference.html
Build info: version: '3.141.59', revision: 'e82be7d358', time: '2018-11-14T08:17:03'
System info: host: 'DESKTOP-01SKV80', ip: '192.168.151.208', os.name: 'Windows 10', os.arch: 'amd64', os.version: '10.0', java.version: '15.0.1'
Driver info: io.appium.java_client.android.AndroidDriver
Capabilities {AutomationName: UIAutomator2, app: C:\Users\ASUS\Downloads\For..., appPackage: com.example.capstone_flutter, databaseEnabled: false, desired: {AutomationName: UIAutomator2, app: C:\Users\ASUS\Downloads\For..., platformName: android, platformVersion: 11.0, resetKeyboard: true, unicodeKeyboard: true}, deviceApiLevel: 30, deviceManufacturer: OPPO, deviceModel: CPH2059, deviceName: 7f1b1ec2, deviceScreenDensity: 480, deviceScreenSize: 1080x2400, deviceUDID: 7f1b1ec2, javascriptEnabled: true, locationContextEnabled: false, networkConnectionEnabled: true, pixelRatio: 3, platform: LINUX, platformName: Android, platformVersion: 11, resetKeyboard: true, statBarHeight: 110, takesScreenshot: true, unicodeKeyboard: true, viewportRect: {height: 2048, left: 0, top: 110, width: 1080}, warnings: {}, webStorageEnabled: false}
Session ID: f40831b7-03e6-4caf-afe7-f50647742863
For documentation on this error, please visit: https://www.seleniumhq.org/exceptions/stale_element_reference.html
Build info: version: '3.141.59', revision: 'e82be7d358', time: '2018-11-14T08:17:03'
System info: host: 'DESKTOP-01SKV80', ip: '192.168.151.208', os.name: 'Windows 10', os.arch: 'amd64', os.version: '10.0', java.version: '15.0.1'
Driver info: driver.version: AndroidDriver</error><system-err>The element 'By.xpath: //android.widget.Button[@content-desc="Sign Up"]' does not exist in DOM anymore
For documentation on this error, please visit: https://www.seleniumhq.org/exceptions/stale_element_reference.html
Build info: version: '3.141.59', revision: 'e82be7d358', time: '2018-11-14T08:17:03'
System info: host: 'DESKTOP-01SKV80', ip: '192.168.151.208', os.name: 'Windows 10', os.arch: 'amd64', os.version: '10.0', java.version: '15.0.1'
Driver info: io.appium.java_client.android.AndroidDriver
Capabilities {AutomationName: UIAutomator2, app: C:\Users\ASUS\Downloads\For..., appPackage: com.example.capstone_flutter, databaseEnabled: false, desired: {AutomationName: UIAutomator2, app: C:\Users\ASUS\Downloads\For..., platformName: android, platformVersion: 11.0, resetKeyboard: true, unicodeKeyboard: true}, deviceApiLevel: 30, deviceManufacturer: OPPO, deviceModel: CPH2059, deviceName: 7f1b1ec2, deviceScreenDensity: 480, deviceScreenSize: 1080x2400, deviceUDID: 7f1b1ec2, javascriptEnabled: true, locationContextEnabled: false, networkConnectionEnabled: true, pixelRatio: 3, platform: LINUX, platformName: Android, platformVersion: 11, resetKeyboard: true, statBarHeight: 110, takesScreenshot: true, unicodeKeyboard: true, viewportRect: {height: 2048, left: 0, top: 110, width: 1080}, warnings: {}, webStorageEnabled: false}
Session ID: f40831b7-03e6-4caf-afe7-f50647742863
For documentation on this error, please visit: https://www.seleniumhq.org/exceptions/stale_element_reference.html
Build info: version: '3.141.59', revision: 'e82be7d358', time: '2018-11-14T08:17:03'
System info: host: 'DESKTOP-01SKV80', ip: '192.168.151.208', os.name: 'Windows 10', os.arch: 'amd64', os.version: '10.0', java.version: '15.0.1'
Driver info: driver.version: AndroidDriver&#13;
io.appium.java_client.remote.AppiumCommandExecutor.execute(AppiumCommandExecutor.java:250)&#13;
io.appium.java_client.DefaultGenericMobileDriver.execute(DefaultGenericMobileDriver.java:41)&#13;
io.appium.java_client.AppiumDriver.execute(AppiumDriver.java:1)&#13;
io.appium.java_client.android.AndroidDriver.execute(AndroidDriver.java:1)&#13;
io.appium.java_client.DefaultGenericMobileElement.execute(DefaultGenericMobileElement.java:45)&#13;
io.appium.java_client.MobileElement.execute(MobileElement.java:1)&#13;
io.appium.java_client.android.AndroidElement.execute(AndroidElement.java:1)&#13;
com.example.app.base.BasePageObject.isDisplayed(BasePageObject.java:45)&#13;
com.example.app.pages.RegisterPage.clickSignUpButton(RegisterPage.java:60)&#13;
com.example.steps.registerStep.iClickIconAccountAndRegister(registerStep.java:24)&#13;
✽.i click icon account and register(file:///D:/PERKULIAHAN/Semester%206,Hebatt%20glad!/QE-FGD/automobile-gladyscaprds/src/test/resources/features/register.feature:11)&#13;
</system-err></testcase></testsuite>