-------------------------------------------------------------------------------
Test set: Like Thread
-------------------------------------------------------------------------------
Tests run: 2, Failures: 0, Errors: 1, Skipped: 0, Time elapsed: 14.179 s <<< FAILURE! - in Like Thread
Like Thread.GET - As a user i want to get dislike of thread #2  Time elapsed: 0.727 s  <<< ERROR!
net.serenitybdd.core.exceptions.SerenityManagedException: 
1 expectation failed.
Expected status code <400> but was <200>.


